103.12.09 09:02 B C:\_stuff\web\dm\backup0312\aside\Cap0013.jpg <-- jennifer /aside Cap0013.jpg
103.12.09 09:02 B C:\_stuff\web\dm\backup0312\aside\Cap0015.jpg <-- jennifer /aside Cap0015.jpg
103.12.09 09:02 B C:\_stuff\web\dm\backup0312\aside\Cap0019.jpg <-- jennifer /aside Cap0019.jpg
103.12.09 09:02 B C:\_stuff\web\dm\backup0312\aside\Cap0023.jpg <-- jennifer /aside Cap0023.jpg
103.12.09 09:02 B C:\_stuff\web\dm\backup0312\aside\Cap0026.jpg <-- jennifer /aside Cap0026.jpg
103.12.09 09:02 B C:\_stuff\web\dm\backup0312\aside\Cap0031.jpg <-- jennifer /aside Cap0031.jpg
103.12.09 09:02 B C:\_stuff\web\dm\backup0312\aside\Cap0033.jpg <-- jennifer /aside Cap0033.jpg
103.12.09 09:02 B C:\_stuff\web\dm\backup0312\aside\Cap0035.jpg <-- jennifer /aside Cap0035.jpg
103.12.09 09:02 B C:\_stuff\web\dm\backup0312\aside\DSC00369.JPG <-- jennifer /aside DSC00369.JPG
103.12.09 09:02 B C:\_stuff\web\dm\backup0312\aside\DSC00370.JPG <-- jennifer /aside DSC00370.JPG
103.12.09 09:02 B C:\_stuff\web\dm\backup0312\aside\DzlItem103a.jpg <-- jennifer /aside DzlItem103a.jpg
103.12.09 09:02 B C:\_stuff\web\dm\backup0312\aside\DzlItem105a.jpg <-- jennifer /aside DzlItem105a.jpg
103.12.09 09:02 B C:\_stuff\web\dm\backup0312\aside\DzlItem110a.jpg <-- jennifer /aside DzlItem110a.jpg
103.12.09 09:02 B C:\_stuff\web\dm\backup0312\aside\DzlItem114a.jpg <-- jennifer /aside DzlItem114a.jpg
103.12.09 09:02 B C:\_stuff\web\dm\backup0312\aside\DzlItem116a.jpg <-- jennifer /aside DzlItem116a.jpg
103.12.09 09:02 B C:\_stuff\web\dm\backup0312\aside\DzlItem117a.jpg <-- jennifer /aside DzlItem117a.jpg
103.12.09 09:02 B C:\_stuff\web\dm\backup0312\aside\DzlItem119a.jpg <-- jennifer /aside DzlItem119a.jpg
103.12.09 09:02 B C:\_stuff\web\dm\backup0312\aside\DzlItem124a.jpg <-- jennifer /aside DzlItem124a.jpg
103.12.09 09:02 B C:\_stuff\web\dm\backup0312\aside\DzlItem126a.jpg <-- jennifer /aside DzlItem126a.jpg
103.12.09 09:02 B C:\_stuff\web\dm\backup0312\aside\DzlItem129a.jpg <-- jennifer /aside DzlItem129a.jpg
103.12.09 09:02 B C:\_stuff\web\dm\backup0312\aside\DzlItem130a.jpg <-- jennifer /aside DzlItem130a.jpg
103.12.09 09:02 B C:\_stuff\web\dm\backup0312\aside\DzlItem133a.jpg <-- jennifer /aside DzlItem133a.jpg
103.12.09 09:02 B C:\_stuff\web\dm\backup0312\aside\DzlItem134a.jpg <-- jennifer /aside DzlItem134a.jpg
103.12.09 09:02 B C:\_stuff\web\dm\backup0312\aside\DzlItem135a.jpg <-- jennifer /aside DzlItem135a.jpg
103.12.09 09:02 B C:\_stuff\web\dm\backup0312\aside\DzlItem96.jpg <-- jennifer /aside DzlItem96.jpg
103.12.09 09:02 B C:\_stuff\web\dm\backup0312\aside\DzlItem97.jpg <-- jennifer /aside DzlItem97.jpg
103.12.09 09:02 B C:\_stuff\web\dm\backup0312\aside\img5.gif <-- jennifer /aside img5.gif
103.12.09 09:02 B C:\_stuff\web\dm\backup0312\aside\index.html <-- jennifer /aside index.html
103.12.09 09:02 B C:\_stuff\web\dm\backup0312\aside\Jesse.jpg <-- jennifer /aside Jesse.jpg
103.12.09 09:02 B C:\_stuff\web\dm\backup0312\aside\Savannah.jpg <-- jennifer /aside Savannah.jpg
103.12.10 10:24 B C:\_stuff\web\dm\backup0312\aside\Cap0013.jpg --> ftp.draftymanor.com /var/www/html/aside Cap0013.jpg
103.12.10 10:24 B C:\_stuff\web\dm\backup0312\aside\Cap0015.jpg --> ftp.draftymanor.com /var/www/html/aside Cap0015.jpg
103.12.10 10:24 B C:\_stuff\web\dm\backup0312\aside\Cap0019.jpg --> ftp.draftymanor.com /var/www/html/aside Cap0019.jpg
103.12.10 10:24 B C:\_stuff\web\dm\backup0312\aside\Cap0023.jpg --> ftp.draftymanor.com /var/www/html/aside Cap0023.jpg
103.12.10 10:24 B C:\_stuff\web\dm\backup0312\aside\Cap0026.jpg --> ftp.draftymanor.com /var/www/html/aside Cap0026.jpg
103.12.10 10:24 B C:\_stuff\web\dm\backup0312\aside\Cap0031.jpg --> ftp.draftymanor.com /var/www/html/aside Cap0031.jpg
103.12.10 10:24 B C:\_stuff\web\dm\backup0312\aside\Cap0033.jpg --> ftp.draftymanor.com /var/www/html/aside Cap0033.jpg
103.12.10 10:24 B C:\_stuff\web\dm\backup0312\aside\Cap0035.jpg --> ftp.draftymanor.com /var/www/html/aside Cap0035.jpg
103.12.10 10:24 B C:\_stuff\web\dm\backup0312\aside\DSC00369.JPG --> ftp.draftymanor.com /var/www/html/aside DSC00369.JPG
103.12.10 10:24 B C:\_stuff\web\dm\backup0312\aside\DSC00370.JPG --> ftp.draftymanor.com /var/www/html/aside DSC00370.JPG
103.12.10 10:24 B C:\_stuff\web\dm\backup0312\aside\DzlItem103a.jpg --> ftp.draftymanor.com /var/www/html/aside DzlItem103a.jpg
103.12.10 10:24 B C:\_stuff\web\dm\backup0312\aside\DzlItem105a.jpg --> ftp.draftymanor.com /var/www/html/aside DzlItem105a.jpg
103.12.10 10:24 B C:\_stuff\web\dm\backup0312\aside\DzlItem110a.jpg --> ftp.draftymanor.com /var/www/html/aside DzlItem110a.jpg
103.12.10 10:24 B C:\_stuff\web\dm\backup0312\aside\DzlItem114a.jpg --> ftp.draftymanor.com /var/www/html/aside DzlItem114a.jpg
103.12.10 10:24 B C:\_stuff\web\dm\backup0312\aside\DzlItem116a.jpg --> ftp.draftymanor.com /var/www/html/aside DzlItem116a.jpg
103.12.10 10:24 B C:\_stuff\web\dm\backup0312\aside\DzlItem117a.jpg --> ftp.draftymanor.com /var/www/html/aside DzlItem117a.jpg
103.12.10 10:24 B C:\_stuff\web\dm\backup0312\aside\DzlItem119a.jpg --> ftp.draftymanor.com /var/www/html/aside DzlItem119a.jpg
103.12.10 10:24 B C:\_stuff\web\dm\backup0312\aside\DzlItem124a.jpg --> ftp.draftymanor.com /var/www/html/aside DzlItem124a.jpg
103.12.10 10:24 B C:\_stuff\web\dm\backup0312\aside\DzlItem126a.jpg --> ftp.draftymanor.com /var/www/html/aside DzlItem126a.jpg
103.12.10 10:24 B C:\_stuff\web\dm\backup0312\aside\DzlItem129a.jpg --> ftp.draftymanor.com /var/www/html/aside DzlItem129a.jpg
103.12.10 10:24 B C:\_stuff\web\dm\backup0312\aside\DzlItem130a.jpg --> ftp.draftymanor.com /var/www/html/aside DzlItem130a.jpg
103.12.10 10:24 B C:\_stuff\web\dm\backup0312\aside\DzlItem133a.jpg --> ftp.draftymanor.com /var/www/html/aside DzlItem133a.jpg
103.12.10 10:24 B C:\_stuff\web\dm\backup0312\aside\DzlItem134a.jpg --> ftp.draftymanor.com /var/www/html/aside DzlItem134a.jpg
103.12.10 10:24 B C:\_stuff\web\dm\backup0312\aside\DzlItem135a.jpg --> ftp.draftymanor.com /var/www/html/aside DzlItem135a.jpg
103.12.10 10:24 B C:\_stuff\web\dm\backup0312\aside\DzlItem96.jpg --> ftp.draftymanor.com /var/www/html/aside DzlItem96.jpg
103.12.10 10:24 B C:\_stuff\web\dm\backup0312\aside\DzlItem97.jpg --> ftp.draftymanor.com /var/www/html/aside DzlItem97.jpg
103.12.10 10:24 B C:\_stuff\web\dm\backup0312\aside\img5.gif --> ftp.draftymanor.com /var/www/html/aside img5.gif
103.12.10 10:24 B C:\_stuff\web\dm\backup0312\aside\index.html --> ftp.draftymanor.com /var/www/html/aside index.html
103.12.10 10:24 B C:\_stuff\web\dm\backup0312\aside\Jesse.jpg --> ftp.draftymanor.com /var/www/html/aside Jesse.jpg
103.12.10 10:24 B C:\_stuff\web\dm\backup0312\aside\Savannah.jpg --> ftp.draftymanor.com /var/www/html/aside Savannah.jpg
