99.07.06 13:28 B H:\poland\students\clocks\back.gif <-- flashnet /www/poland/students/clocks back.gif
99.07.06 13:28 B H:\poland\students\clocks\img0.gif <-- flashnet /www/poland/students/clocks img0.gif
99.07.06 13:29 B H:\poland\students\clocks\img1.gif <-- flashnet /www/poland/students/clocks img1.gif
99.07.06 13:29 B H:\poland\students\clocks\img2.gif <-- flashnet /www/poland/students/clocks img2.gif
99.07.06 13:29 B H:\poland\students\clocks\img3.gif <-- flashnet /www/poland/students/clocks img3.gif
99.07.06 13:29 B H:\poland\students\clocks\img4.gif <-- flashnet /www/poland/students/clocks img4.gif
99.07.06 13:29 B H:\poland\students\clocks\index.html <-- flashnet /www/poland/students/clocks index.html
100.10.23 21:30 B I:\www\poland\students\clocks\back.gif --> draftymanor.com /poland/students/clocks back.gif
100.10.23 21:30 B I:\www\poland\students\clocks\img0.gif --> draftymanor.com /poland/students/clocks img0.gif
100.10.23 21:30 B I:\www\poland\students\clocks\img1.gif --> draftymanor.com /poland/students/clocks img1.gif
100.10.23 21:30 B I:\www\poland\students\clocks\img2.gif --> draftymanor.com /poland/students/clocks img2.gif
100.10.23 21:30 B I:\www\poland\students\clocks\img3.gif --> draftymanor.com /poland/students/clocks img3.gif
100.10.23 21:30 B I:\www\poland\students\clocks\img4.gif --> draftymanor.com /poland/students/clocks img4.gif
100.10.23 21:30 B I:\www\poland\students\clocks\index.html --> draftymanor.com /poland/students/clocks index.html
103.12.09 09:56 B C:\_stuff\web\dm\backup0312\poland\students\clocks\WS_FTP.LOG <-- jennifer /poland/students/clocks WS_FTP.LOG
103.12.10 11:04 B C:\_stuff\web\dm\backup0312\poland\students\clocks\back.gif --> ftp.draftymanor.com /var/www/html/poland/students/clocks back.gif
103.12.10 11:04 B C:\_stuff\web\dm\backup0312\poland\students\clocks\img0.gif --> ftp.draftymanor.com /var/www/html/poland/students/clocks img0.gif
103.12.10 11:04 B C:\_stuff\web\dm\backup0312\poland\students\clocks\img1.gif --> ftp.draftymanor.com /var/www/html/poland/students/clocks img1.gif
103.12.10 11:04 B C:\_stuff\web\dm\backup0312\poland\students\clocks\img2.gif --> ftp.draftymanor.com /var/www/html/poland/students/clocks img2.gif
103.12.10 11:04 B C:\_stuff\web\dm\backup0312\poland\students\clocks\img3.gif --> ftp.draftymanor.com /var/www/html/poland/students/clocks img3.gif
103.12.10 11:04 B C:\_stuff\web\dm\backup0312\poland\students\clocks\img4.gif --> ftp.draftymanor.com /var/www/html/poland/students/clocks img4.gif
103.12.10 11:04 B C:\_stuff\web\dm\backup0312\poland\students\clocks\index.html --> ftp.draftymanor.com /var/www/html/poland/students/clocks index.html
