99.07.06 13:29 B H:\poland\students\dawid\back.gif <-- flashnet /www/poland/students/dawid back.gif
99.07.06 13:29 B H:\poland\students\dawid\img0.gif <-- flashnet /www/poland/students/dawid img0.gif
99.07.06 13:29 B H:\poland\students\dawid\img1.gif <-- flashnet /www/poland/students/dawid img1.gif
99.07.06 13:29 B H:\poland\students\dawid\img2.gif <-- flashnet /www/poland/students/dawid img2.gif
99.07.06 13:30 B H:\poland\students\dawid\img3.gif <-- flashnet /www/poland/students/dawid img3.gif
99.07.06 13:30 B H:\poland\students\dawid\img4.gif <-- flashnet /www/poland/students/dawid img4.gif
99.07.06 13:30 B H:\poland\students\dawid\index.html <-- flashnet /www/poland/students/dawid index.html
100.10.23 21:30 B I:\www\poland\students\dawid\back.gif --> draftymanor.com /poland/students/dawid back.gif
100.10.23 21:30 B I:\www\poland\students\dawid\img0.gif --> draftymanor.com /poland/students/dawid img0.gif
100.10.23 21:31 B I:\www\poland\students\dawid\img1.gif --> draftymanor.com /poland/students/dawid img1.gif
100.10.23 21:31 B I:\www\poland\students\dawid\img2.gif --> draftymanor.com /poland/students/dawid img2.gif
100.10.23 21:31 B I:\www\poland\students\dawid\img3.gif --> draftymanor.com /poland/students/dawid img3.gif
100.10.23 21:31 B I:\www\poland\students\dawid\img4.gif --> draftymanor.com /poland/students/dawid img4.gif
100.10.23 21:31 B I:\www\poland\students\dawid\index.html --> draftymanor.com /poland/students/dawid index.html
103.12.09 09:56 B C:\_stuff\web\dm\backup0312\poland\students\dawid\WS_FTP.LOG <-- jennifer /poland/students/dawid WS_FTP.LOG
103.12.10 11:04 B C:\_stuff\web\dm\backup0312\poland\students\dawid\back.gif --> ftp.draftymanor.com /var/www/html/poland/students/dawid back.gif
103.12.10 11:04 B C:\_stuff\web\dm\backup0312\poland\students\dawid\img0.gif --> ftp.draftymanor.com /var/www/html/poland/students/dawid img0.gif
103.12.10 11:04 B C:\_stuff\web\dm\backup0312\poland\students\dawid\img1.gif --> ftp.draftymanor.com /var/www/html/poland/students/dawid img1.gif
103.12.10 11:04 B C:\_stuff\web\dm\backup0312\poland\students\dawid\img2.gif --> ftp.draftymanor.com /var/www/html/poland/students/dawid img2.gif
103.12.10 11:04 B C:\_stuff\web\dm\backup0312\poland\students\dawid\img3.gif --> ftp.draftymanor.com /var/www/html/poland/students/dawid img3.gif
103.12.10 11:04 B C:\_stuff\web\dm\backup0312\poland\students\dawid\img4.gif --> ftp.draftymanor.com /var/www/html/poland/students/dawid img4.gif
103.12.10 11:04 B C:\_stuff\web\dm\backup0312\poland\students\dawid\index.html --> ftp.draftymanor.com /var/www/html/poland/students/dawid index.html
