103.12.09 09:59 B C:\_stuff\web\dm\backup0312\thuy\031017\a01.jpg <-- jennifer /thuy/031017 a01.jpg
103.12.09 09:59 B C:\_stuff\web\dm\backup0312\thuy\031017\a02.jpg <-- jennifer /thuy/031017 a02.jpg
103.12.09 09:59 B C:\_stuff\web\dm\backup0312\thuy\031017\a03.jpg <-- jennifer /thuy/031017 a03.jpg
103.12.09 09:59 B C:\_stuff\web\dm\backup0312\thuy\031017\a04.jpg <-- jennifer /thuy/031017 a04.jpg
103.12.09 09:59 B C:\_stuff\web\dm\backup0312\thuy\031017\a05.jpg <-- jennifer /thuy/031017 a05.jpg
103.12.09 09:59 B C:\_stuff\web\dm\backup0312\thuy\031017\a06.jpg <-- jennifer /thuy/031017 a06.jpg
103.12.09 09:59 B C:\_stuff\web\dm\backup0312\thuy\031017\b08.jpg <-- jennifer /thuy/031017 b08.jpg
103.12.09 09:59 B C:\_stuff\web\dm\backup0312\thuy\031017\b20.jpg <-- jennifer /thuy/031017 b20.jpg
103.12.09 09:59 B C:\_stuff\web\dm\backup0312\thuy\031017\b21.jpg <-- jennifer /thuy/031017 b21.jpg
103.12.09 09:59 B C:\_stuff\web\dm\backup0312\thuy\031017\b23.jpg <-- jennifer /thuy/031017 b23.jpg
103.12.09 09:59 B C:\_stuff\web\dm\backup0312\thuy\031017\back.gif <-- jennifer /thuy/031017 back.gif
103.12.09 09:59 B C:\_stuff\web\dm\backup0312\thuy\031017\index.html <-- jennifer /thuy/031017 index.html
103.12.10 11:09 B C:\_stuff\web\dm\backup0312\thuy\031017\a01.jpg --> ftp.draftymanor.com /var/www/html/thuy/031017 a01.jpg
103.12.10 11:09 B C:\_stuff\web\dm\backup0312\thuy\031017\a02.jpg --> ftp.draftymanor.com /var/www/html/thuy/031017 a02.jpg
103.12.10 11:09 B C:\_stuff\web\dm\backup0312\thuy\031017\a03.jpg --> ftp.draftymanor.com /var/www/html/thuy/031017 a03.jpg
103.12.10 11:09 B C:\_stuff\web\dm\backup0312\thuy\031017\a04.jpg --> ftp.draftymanor.com /var/www/html/thuy/031017 a04.jpg
103.12.10 11:09 B C:\_stuff\web\dm\backup0312\thuy\031017\a05.jpg --> ftp.draftymanor.com /var/www/html/thuy/031017 a05.jpg
103.12.10 11:09 B C:\_stuff\web\dm\backup0312\thuy\031017\a06.jpg --> ftp.draftymanor.com /var/www/html/thuy/031017 a06.jpg
103.12.10 11:09 B C:\_stuff\web\dm\backup0312\thuy\031017\b08.jpg --> ftp.draftymanor.com /var/www/html/thuy/031017 b08.jpg
103.12.10 11:09 B C:\_stuff\web\dm\backup0312\thuy\031017\b20.jpg --> ftp.draftymanor.com /var/www/html/thuy/031017 b20.jpg
103.12.10 11:09 B C:\_stuff\web\dm\backup0312\thuy\031017\b21.jpg --> ftp.draftymanor.com /var/www/html/thuy/031017 b21.jpg
103.12.10 11:09 B C:\_stuff\web\dm\backup0312\thuy\031017\b23.jpg --> ftp.draftymanor.com /var/www/html/thuy/031017 b23.jpg
103.12.10 11:09 B C:\_stuff\web\dm\backup0312\thuy\031017\back.gif --> ftp.draftymanor.com /var/www/html/thuy/031017 back.gif
103.12.10 11:09 B C:\_stuff\web\dm\backup0312\thuy\031017\index.html --> ftp.draftymanor.com /var/www/html/thuy/031017 index.html
