103.12.09 09:47 B C:\_stuff\web\dm\backup0312\house\remodel\01a.jpg <-- jennifer /house/remodel 01a.jpg
103.12.09 09:47 B C:\_stuff\web\dm\backup0312\house\remodel\02a.jpg <-- jennifer /house/remodel 02a.jpg
103.12.09 09:47 B C:\_stuff\web\dm\backup0312\house\remodel\03.jpg <-- jennifer /house/remodel 03.jpg
103.12.09 09:47 B C:\_stuff\web\dm\backup0312\house\remodel\0302ka.jpg <-- jennifer /house/remodel 0302ka.jpg
103.12.09 09:47 B C:\_stuff\web\dm\backup0312\house\remodel\0302kb.jpg <-- jennifer /house/remodel 0302kb.jpg
103.12.09 09:47 B C:\_stuff\web\dm\backup0312\house\remodel\0302ke.jpg <-- jennifer /house/remodel 0302ke.jpg
103.12.09 09:47 B C:\_stuff\web\dm\backup0312\house\remodel\0302kf.jpg <-- jennifer /house/remodel 0302kf.jpg
103.12.09 09:47 B C:\_stuff\web\dm\backup0312\house\remodel\0302kg.jpg <-- jennifer /house/remodel 0302kg.jpg
103.12.09 09:47 B C:\_stuff\web\dm\backup0312\house\remodel\0302kh.jpg <-- jennifer /house/remodel 0302kh.jpg
103.12.09 09:47 B C:\_stuff\web\dm\backup0312\house\remodel\03a.jpg <-- jennifer /house/remodel 03a.jpg
103.12.09 09:47 B C:\_stuff\web\dm\backup0312\house\remodel\04.jpg <-- jennifer /house/remodel 04.jpg
103.12.09 09:47 B C:\_stuff\web\dm\backup0312\house\remodel\04a.jpg <-- jennifer /house/remodel 04a.jpg
103.12.09 09:47 B C:\_stuff\web\dm\backup0312\house\remodel\05.jpg <-- jennifer /house/remodel 05.jpg
103.12.09 09:47 B C:\_stuff\web\dm\backup0312\house\remodel\05a.jpg <-- jennifer /house/remodel 05a.jpg
103.12.09 09:47 B C:\_stuff\web\dm\backup0312\house\remodel\06a.jpg <-- jennifer /house/remodel 06a.jpg
103.12.09 09:47 B C:\_stuff\web\dm\backup0312\house\remodel\07.jpg <-- jennifer /house/remodel 07.jpg
103.12.09 09:47 B C:\_stuff\web\dm\backup0312\house\remodel\0812b.jpg <-- jennifer /house/remodel 0812b.jpg
103.12.09 09:47 B C:\_stuff\web\dm\backup0312\house\remodel\0812e.jpg <-- jennifer /house/remodel 0812e.jpg
103.12.09 09:47 B C:\_stuff\web\dm\backup0312\house\remodel\0812f.jpg <-- jennifer /house/remodel 0812f.jpg
103.12.09 09:47 B C:\_stuff\web\dm\backup0312\house\remodel\0812g.jpg <-- jennifer /house/remodel 0812g.jpg
103.12.09 09:47 B C:\_stuff\web\dm\backup0312\house\remodel\09.jpg <-- jennifer /house/remodel 09.jpg
103.12.09 09:47 B C:\_stuff\web\dm\backup0312\house\remodel\0901a.jpg <-- jennifer /house/remodel 0901a.jpg
103.12.09 09:47 B C:\_stuff\web\dm\backup0312\house\remodel\0901b.jpg <-- jennifer /house/remodel 0901b.jpg
103.12.09 09:47 B C:\_stuff\web\dm\backup0312\house\remodel\0901c.jpg <-- jennifer /house/remodel 0901c.jpg
103.12.09 09:47 B C:\_stuff\web\dm\backup0312\house\remodel\0901d.jpg <-- jennifer /house/remodel 0901d.jpg
103.12.09 09:47 B C:\_stuff\web\dm\backup0312\house\remodel\0901e.jpg <-- jennifer /house/remodel 0901e.jpg
103.12.09 09:48 B C:\_stuff\web\dm\backup0312\house\remodel\0901f.jpg <-- jennifer /house/remodel 0901f.jpg
103.12.09 09:48 B C:\_stuff\web\dm\backup0312\house\remodel\0901g.jpg <-- jennifer /house/remodel 0901g.jpg
103.12.09 09:48 B C:\_stuff\web\dm\backup0312\house\remodel\0901h.jpg <-- jennifer /house/remodel 0901h.jpg
103.12.09 09:48 B C:\_stuff\web\dm\backup0312\house\remodel\0901i.jpg <-- jennifer /house/remodel 0901i.jpg
103.12.09 09:48 B C:\_stuff\web\dm\backup0312\house\remodel\0901j.jpg <-- jennifer /house/remodel 0901j.jpg
103.12.09 09:48 B C:\_stuff\web\dm\backup0312\house\remodel\0901k.jpg <-- jennifer /house/remodel 0901k.jpg
103.12.09 09:48 B C:\_stuff\web\dm\backup0312\house\remodel\0901l.jpg <-- jennifer /house/remodel 0901l.jpg
103.12.09 09:48 B C:\_stuff\web\dm\backup0312\house\remodel\0901m.jpg <-- jennifer /house/remodel 0901m.jpg
103.12.09 09:48 B C:\_stuff\web\dm\backup0312\house\remodel\0901n.jpg <-- jennifer /house/remodel 0901n.jpg
103.12.09 09:48 B C:\_stuff\web\dm\backup0312\house\remodel\0901o.jpg <-- jennifer /house/remodel 0901o.jpg
103.12.09 09:48 B C:\_stuff\web\dm\backup0312\house\remodel\0901p.jpg <-- jennifer /house/remodel 0901p.jpg
103.12.09 09:48 B C:\_stuff\web\dm\backup0312\house\remodel\0901q.jpg <-- jennifer /house/remodel 0901q.jpg
103.12.09 09:48 B C:\_stuff\web\dm\backup0312\house\remodel\10.jpg <-- jennifer /house/remodel 10.jpg
103.12.09 09:48 B C:\_stuff\web\dm\backup0312\house\remodel\11.jpg <-- jennifer /house/remodel 11.jpg
103.12.09 09:48 B C:\_stuff\web\dm\backup0312\house\remodel\1102k01.jpg <-- jennifer /house/remodel 1102k01.jpg
103.12.09 09:48 B C:\_stuff\web\dm\backup0312\house\remodel\1102k02.jpg <-- jennifer /house/remodel 1102k02.jpg
103.12.09 09:48 B C:\_stuff\web\dm\backup0312\house\remodel\1102k03.jpg <-- jennifer /house/remodel 1102k03.jpg
103.12.09 09:48 B C:\_stuff\web\dm\backup0312\house\remodel\1102k05.jpg <-- jennifer /house/remodel 1102k05.jpg
103.12.09 09:48 B C:\_stuff\web\dm\backup0312\house\remodel\1114a.jpg <-- jennifer /house/remodel 1114a.jpg
103.12.09 09:48 B C:\_stuff\web\dm\backup0312\house\remodel\1114b.jpg <-- jennifer /house/remodel 1114b.jpg
103.12.09 09:48 B C:\_stuff\web\dm\backup0312\house\remodel\1114c.jpg <-- jennifer /house/remodel 1114c.jpg
103.12.09 09:48 B C:\_stuff\web\dm\backup0312\house\remodel\1114d.jpg <-- jennifer /house/remodel 1114d.jpg
103.12.09 09:48 B C:\_stuff\web\dm\backup0312\house\remodel\1114e.jpg <-- jennifer /house/remodel 1114e.jpg
103.12.09 09:48 B C:\_stuff\web\dm\backup0312\house\remodel\1114f.jpg <-- jennifer /house/remodel 1114f.jpg
103.12.09 09:48 B C:\_stuff\web\dm\backup0312\house\remodel\1114g.jpg <-- jennifer /house/remodel 1114g.jpg
103.12.09 09:48 B C:\_stuff\web\dm\backup0312\house\remodel\12.jpg <-- jennifer /house/remodel 12.jpg
103.12.09 09:48 B C:\_stuff\web\dm\backup0312\house\remodel\13.jpg <-- jennifer /house/remodel 13.jpg
103.12.09 09:48 B C:\_stuff\web\dm\backup0312\house\remodel\724a.jpg <-- jennifer /house/remodel 724a.jpg
103.12.09 09:48 B C:\_stuff\web\dm\backup0312\house\remodel\724b.jpg <-- jennifer /house/remodel 724b.jpg
103.12.09 09:48 B C:\_stuff\web\dm\backup0312\house\remodel\731a.jpg <-- jennifer /house/remodel 731a.jpg
103.12.09 09:48 B C:\_stuff\web\dm\backup0312\house\remodel\april.html <-- jennifer /house/remodel april.html
103.12.09 09:48 B C:\_stuff\web\dm\backup0312\house\remodel\august.html <-- jennifer /house/remodel august.html
103.12.09 09:48 B C:\_stuff\web\dm\backup0312\house\remodel\chart.jpg <-- jennifer /house/remodel chart.jpg
103.12.09 09:48 B C:\_stuff\web\dm\backup0312\house\remodel\concrete.html <-- jennifer /house/remodel concrete.html
103.12.09 09:48 B C:\_stuff\web\dm\backup0312\house\remodel\counter01.jpg <-- jennifer /house/remodel counter01.jpg
103.12.09 09:48 B C:\_stuff\web\dm\backup0312\house\remodel\counter03.jpg <-- jennifer /house/remodel counter03.jpg
103.12.09 09:48 B C:\_stuff\web\dm\backup0312\house\remodel\counter04.jpg <-- jennifer /house/remodel counter04.jpg
103.12.09 09:48 B C:\_stuff\web\dm\backup0312\house\remodel\counters01.jpg <-- jennifer /house/remodel counters01.jpg
103.12.09 09:48 B C:\_stuff\web\dm\backup0312\house\remodel\counters02.jpg <-- jennifer /house/remodel counters02.jpg
103.12.09 09:48 B C:\_stuff\web\dm\backup0312\house\remodel\counters03.jpg <-- jennifer /house/remodel counters03.jpg
103.12.09 09:48 B C:\_stuff\web\dm\backup0312\house\remodel\counters04.jpg <-- jennifer /house/remodel counters04.jpg
103.12.09 09:48 B C:\_stuff\web\dm\backup0312\house\remodel\counters06.jpg <-- jennifer /house/remodel counters06.jpg
103.12.09 09:49 B C:\_stuff\web\dm\backup0312\house\remodel\feb2003.html <-- jennifer /house/remodel feb2003.html
103.12.09 09:49 B C:\_stuff\web\dm\backup0312\house\remodel\index.html <-- jennifer /house/remodel index.html
103.12.09 09:49 B C:\_stuff\web\dm\backup0312\house\remodel\july.html <-- jennifer /house/remodel july.html
103.12.09 09:49 B C:\_stuff\web\dm\backup0312\house\remodel\june.html <-- jennifer /house/remodel june.html
103.12.09 09:49 B C:\_stuff\web\dm\backup0312\house\remodel\k01.jpg <-- jennifer /house/remodel k01.jpg
103.12.09 09:49 B C:\_stuff\web\dm\backup0312\house\remodel\k02.jpg <-- jennifer /house/remodel k02.jpg
103.12.09 09:49 B C:\_stuff\web\dm\backup0312\house\remodel\k0828.jpg <-- jennifer /house/remodel k0828.jpg
103.12.09 09:49 B C:\_stuff\web\dm\backup0312\house\remodel\k0828c.jpg <-- jennifer /house/remodel k0828c.jpg
103.12.09 09:49 B C:\_stuff\web\dm\backup0312\house\remodel\k0828d.jpg <-- jennifer /house/remodel k0828d.jpg
103.12.09 09:49 B C:\_stuff\web\dm\backup0312\house\remodel\k0828e.jpg <-- jennifer /house/remodel k0828e.jpg
103.12.09 09:49 B C:\_stuff\web\dm\backup0312\house\remodel\k0828f.jpg <-- jennifer /house/remodel k0828f.jpg
103.12.09 09:49 B C:\_stuff\web\dm\backup0312\house\remodel\k0828g.jpg <-- jennifer /house/remodel k0828g.jpg
103.12.09 09:49 B C:\_stuff\web\dm\backup0312\house\remodel\k0828h.jpg <-- jennifer /house/remodel k0828h.jpg
103.12.09 09:49 B C:\_stuff\web\dm\backup0312\house\remodel\k0828i.jpg <-- jennifer /house/remodel k0828i.jpg
103.12.09 09:49 B C:\_stuff\web\dm\backup0312\house\remodel\k0828j.jpg <-- jennifer /house/remodel k0828j.jpg
103.12.09 09:49 B C:\_stuff\web\dm\backup0312\house\remodel\k1022.jpg <-- jennifer /house/remodel k1022.jpg
103.12.09 09:49 B C:\_stuff\web\dm\backup0312\house\remodel\k1022b.jpg <-- jennifer /house/remodel k1022b.jpg
103.12.09 09:49 B C:\_stuff\web\dm\backup0312\house\remodel\k1022c.jpg <-- jennifer /house/remodel k1022c.jpg
103.12.09 09:49 B C:\_stuff\web\dm\backup0312\house\remodel\k1022d.jpg <-- jennifer /house/remodel k1022d.jpg
103.12.09 09:49 B C:\_stuff\web\dm\backup0312\house\remodel\k722.jpg <-- jennifer /house/remodel k722.jpg
103.12.09 09:49 B C:\_stuff\web\dm\backup0312\house\remodel\k722b.jpg <-- jennifer /house/remodel k722b.jpg
103.12.09 09:49 B C:\_stuff\web\dm\backup0312\house\remodel\kit01.jpg <-- jennifer /house/remodel kit01.jpg
103.12.09 09:49 B C:\_stuff\web\dm\backup0312\house\remodel\kit02.jpg <-- jennifer /house/remodel kit02.jpg
103.12.09 09:49 B C:\_stuff\web\dm\backup0312\house\remodel\kit04.jpg <-- jennifer /house/remodel kit04.jpg
103.12.09 09:49 B C:\_stuff\web\dm\backup0312\house\remodel\kit05.jpg <-- jennifer /house/remodel kit05.jpg
103.12.09 09:49 B C:\_stuff\web\dm\backup0312\house\remodel\kit06.jpg <-- jennifer /house/remodel kit06.jpg
103.12.09 09:49 B C:\_stuff\web\dm\backup0312\house\remodel\kit07.jpg <-- jennifer /house/remodel kit07.jpg
103.12.09 09:49 B C:\_stuff\web\dm\backup0312\house\remodel\kit08.jpg <-- jennifer /house/remodel kit08.jpg
103.12.09 09:49 B C:\_stuff\web\dm\backup0312\house\remodel\kit0930.jpg <-- jennifer /house/remodel kit0930.jpg
103.12.09 09:49 B C:\_stuff\web\dm\backup0312\house\remodel\march.html <-- jennifer /house/remodel march.html
103.12.09 09:49 B C:\_stuff\web\dm\backup0312\house\remodel\may.html <-- jennifer /house/remodel may.html
103.12.09 09:49 B C:\_stuff\web\dm\backup0312\house\remodel\n01.jpg <-- jennifer /house/remodel n01.jpg
103.12.09 09:49 B C:\_stuff\web\dm\backup0312\house\remodel\ne02.jpg <-- jennifer /house/remodel ne02.jpg
103.12.09 09:49 B C:\_stuff\web\dm\backup0312\house\remodel\newwin01.jpg <-- jennifer /house/remodel newwin01.jpg
103.12.09 09:49 B C:\_stuff\web\dm\backup0312\house\remodel\north01.jpg <-- jennifer /house/remodel north01.jpg
103.12.09 09:49 B C:\_stuff\web\dm\backup0312\house\remodel\november.html <-- jennifer /house/remodel november.html
103.12.09 09:49 B C:\_stuff\web\dm\backup0312\house\remodel\october.html <-- jennifer /house/remodel october.html
103.12.09 09:49 B C:\_stuff\web\dm\backup0312\house\remodel\oldkit01.jpg <-- jennifer /house/remodel oldkit01.jpg
103.12.09 09:49 B C:\_stuff\web\dm\backup0312\house\remodel\september.html <-- jennifer /house/remodel september.html
103.12.09 09:49 B C:\_stuff\web\dm\backup0312\house\remodel\sw01.jpg <-- jennifer /house/remodel sw01.jpg
103.12.09 09:49 B C:\_stuff\web\dm\backup0312\house\remodel\sw02.jpg <-- jennifer /house/remodel sw02.jpg
103.12.09 09:49 B C:\_stuff\web\dm\backup0312\house\remodel\sw03.jpg <-- jennifer /house/remodel sw03.jpg
103.12.09 09:49 B C:\_stuff\web\dm\backup0312\house\remodel\view02.jpg <-- jennifer /house/remodel view02.jpg
103.12.10 11:23 B C:\_stuff\web\dm\backup0312\house\remodel\01a.jpg --> ftp.draftymanor.com /var/www/html/house/remodel 01a.jpg
103.12.10 11:23 B C:\_stuff\web\dm\backup0312\house\remodel\02a.jpg --> ftp.draftymanor.com /var/www/html/house/remodel 02a.jpg
103.12.10 11:23 B C:\_stuff\web\dm\backup0312\house\remodel\03.jpg --> ftp.draftymanor.com /var/www/html/house/remodel 03.jpg
103.12.10 11:23 B C:\_stuff\web\dm\backup0312\house\remodel\0302ka.jpg --> ftp.draftymanor.com /var/www/html/house/remodel 0302ka.jpg
103.12.10 11:23 B C:\_stuff\web\dm\backup0312\house\remodel\0302kb.jpg --> ftp.draftymanor.com /var/www/html/house/remodel 0302kb.jpg
103.12.10 11:23 B C:\_stuff\web\dm\backup0312\house\remodel\0302ke.jpg --> ftp.draftymanor.com /var/www/html/house/remodel 0302ke.jpg
103.12.10 11:23 B C:\_stuff\web\dm\backup0312\house\remodel\0302kf.jpg --> ftp.draftymanor.com /var/www/html/house/remodel 0302kf.jpg
103.12.10 11:23 B C:\_stuff\web\dm\backup0312\house\remodel\0302kg.jpg --> ftp.draftymanor.com /var/www/html/house/remodel 0302kg.jpg
103.12.10 11:23 B C:\_stuff\web\dm\backup0312\house\remodel\0302kh.jpg --> ftp.draftymanor.com /var/www/html/house/remodel 0302kh.jpg
103.12.10 11:23 B C:\_stuff\web\dm\backup0312\house\remodel\03a.jpg --> ftp.draftymanor.com /var/www/html/house/remodel 03a.jpg
103.12.10 11:23 B C:\_stuff\web\dm\backup0312\house\remodel\04.jpg --> ftp.draftymanor.com /var/www/html/house/remodel 04.jpg
103.12.10 11:23 B C:\_stuff\web\dm\backup0312\house\remodel\04a.jpg --> ftp.draftymanor.com /var/www/html/house/remodel 04a.jpg
103.12.10 11:23 B C:\_stuff\web\dm\backup0312\house\remodel\05.jpg --> ftp.draftymanor.com /var/www/html/house/remodel 05.jpg
103.12.10 11:23 B C:\_stuff\web\dm\backup0312\house\remodel\05a.jpg --> ftp.draftymanor.com /var/www/html/house/remodel 05a.jpg
103.12.10 11:23 B C:\_stuff\web\dm\backup0312\house\remodel\06a.jpg --> ftp.draftymanor.com /var/www/html/house/remodel 06a.jpg
103.12.10 11:23 B C:\_stuff\web\dm\backup0312\house\remodel\07.jpg --> ftp.draftymanor.com /var/www/html/house/remodel 07.jpg
103.12.10 11:23 B C:\_stuff\web\dm\backup0312\house\remodel\0812b.jpg --> ftp.draftymanor.com /var/www/html/house/remodel 0812b.jpg
103.12.10 11:23 B C:\_stuff\web\dm\backup0312\house\remodel\0812e.jpg --> ftp.draftymanor.com /var/www/html/house/remodel 0812e.jpg
103.12.10 11:23 B C:\_stuff\web\dm\backup0312\house\remodel\0812f.jpg --> ftp.draftymanor.com /var/www/html/house/remodel 0812f.jpg
103.12.10 11:23 B C:\_stuff\web\dm\backup0312\house\remodel\0812g.jpg --> ftp.draftymanor.com /var/www/html/house/remodel 0812g.jpg
103.12.10 11:23 B C:\_stuff\web\dm\backup0312\house\remodel\09.jpg --> ftp.draftymanor.com /var/www/html/house/remodel 09.jpg
103.12.10 11:23 B C:\_stuff\web\dm\backup0312\house\remodel\0901a.jpg --> ftp.draftymanor.com /var/www/html/house/remodel 0901a.jpg
103.12.10 11:23 B C:\_stuff\web\dm\backup0312\house\remodel\0901b.jpg --> ftp.draftymanor.com /var/www/html/house/remodel 0901b.jpg
103.12.10 11:23 B C:\_stuff\web\dm\backup0312\house\remodel\0901c.jpg --> ftp.draftymanor.com /var/www/html/house/remodel 0901c.jpg
103.12.10 11:23 B C:\_stuff\web\dm\backup0312\house\remodel\0901d.jpg --> ftp.draftymanor.com /var/www/html/house/remodel 0901d.jpg
103.12.10 11:23 B C:\_stuff\web\dm\backup0312\house\remodel\0901e.jpg --> ftp.draftymanor.com /var/www/html/house/remodel 0901e.jpg
103.12.10 11:23 B C:\_stuff\web\dm\backup0312\house\remodel\0901f.jpg --> ftp.draftymanor.com /var/www/html/house/remodel 0901f.jpg
103.12.10 11:23 B C:\_stuff\web\dm\backup0312\house\remodel\0901g.jpg --> ftp.draftymanor.com /var/www/html/house/remodel 0901g.jpg
103.12.10 11:23 B C:\_stuff\web\dm\backup0312\house\remodel\0901h.jpg --> ftp.draftymanor.com /var/www/html/house/remodel 0901h.jpg
103.12.10 11:23 B C:\_stuff\web\dm\backup0312\house\remodel\0901i.jpg --> ftp.draftymanor.com /var/www/html/house/remodel 0901i.jpg
103.12.10 11:23 B C:\_stuff\web\dm\backup0312\house\remodel\0901j.jpg --> ftp.draftymanor.com /var/www/html/house/remodel 0901j.jpg
103.12.10 11:23 B C:\_stuff\web\dm\backup0312\house\remodel\0901k.jpg --> ftp.draftymanor.com /var/www/html/house/remodel 0901k.jpg
103.12.10 11:23 B C:\_stuff\web\dm\backup0312\house\remodel\0901l.jpg --> ftp.draftymanor.com /var/www/html/house/remodel 0901l.jpg
103.12.10 11:23 B C:\_stuff\web\dm\backup0312\house\remodel\0901m.jpg --> ftp.draftymanor.com /var/www/html/house/remodel 0901m.jpg
103.12.10 11:23 B C:\_stuff\web\dm\backup0312\house\remodel\0901n.jpg --> ftp.draftymanor.com /var/www/html/house/remodel 0901n.jpg
103.12.10 11:23 B C:\_stuff\web\dm\backup0312\house\remodel\0901o.jpg --> ftp.draftymanor.com /var/www/html/house/remodel 0901o.jpg
103.12.10 11:23 B C:\_stuff\web\dm\backup0312\house\remodel\0901p.jpg --> ftp.draftymanor.com /var/www/html/house/remodel 0901p.jpg
103.12.10 11:23 B C:\_stuff\web\dm\backup0312\house\remodel\0901q.jpg --> ftp.draftymanor.com /var/www/html/house/remodel 0901q.jpg
103.12.10 11:23 B C:\_stuff\web\dm\backup0312\house\remodel\10.jpg --> ftp.draftymanor.com /var/www/html/house/remodel 10.jpg
103.12.10 11:23 B C:\_stuff\web\dm\backup0312\house\remodel\11.jpg --> ftp.draftymanor.com /var/www/html/house/remodel 11.jpg
103.12.10 11:23 B C:\_stuff\web\dm\backup0312\house\remodel\1102k01.jpg --> ftp.draftymanor.com /var/www/html/house/remodel 1102k01.jpg
103.12.10 11:23 B C:\_stuff\web\dm\backup0312\house\remodel\1102k02.jpg --> ftp.draftymanor.com /var/www/html/house/remodel 1102k02.jpg
103.12.10 11:23 B C:\_stuff\web\dm\backup0312\house\remodel\1102k03.jpg --> ftp.draftymanor.com /var/www/html/house/remodel 1102k03.jpg
103.12.10 11:23 B C:\_stuff\web\dm\backup0312\house\remodel\1102k05.jpg --> ftp.draftymanor.com /var/www/html/house/remodel 1102k05.jpg
103.12.10 11:23 B C:\_stuff\web\dm\backup0312\house\remodel\1114a.jpg --> ftp.draftymanor.com /var/www/html/house/remodel 1114a.jpg
103.12.10 11:23 B C:\_stuff\web\dm\backup0312\house\remodel\1114b.jpg --> ftp.draftymanor.com /var/www/html/house/remodel 1114b.jpg
103.12.10 11:23 B C:\_stuff\web\dm\backup0312\house\remodel\1114c.jpg --> ftp.draftymanor.com /var/www/html/house/remodel 1114c.jpg
103.12.10 11:23 B C:\_stuff\web\dm\backup0312\house\remodel\1114d.jpg --> ftp.draftymanor.com /var/www/html/house/remodel 1114d.jpg
103.12.10 11:23 B C:\_stuff\web\dm\backup0312\house\remodel\1114e.jpg --> ftp.draftymanor.com /var/www/html/house/remodel 1114e.jpg
103.12.10 11:23 B C:\_stuff\web\dm\backup0312\house\remodel\1114f.jpg --> ftp.draftymanor.com /var/www/html/house/remodel 1114f.jpg
103.12.10 11:23 B C:\_stuff\web\dm\backup0312\house\remodel\1114g.jpg --> ftp.draftymanor.com /var/www/html/house/remodel 1114g.jpg
103.12.10 11:23 B C:\_stuff\web\dm\backup0312\house\remodel\12.jpg --> ftp.draftymanor.com /var/www/html/house/remodel 12.jpg
103.12.10 11:23 B C:\_stuff\web\dm\backup0312\house\remodel\13.jpg --> ftp.draftymanor.com /var/www/html/house/remodel 13.jpg
103.12.10 11:23 B C:\_stuff\web\dm\backup0312\house\remodel\724a.jpg --> ftp.draftymanor.com /var/www/html/house/remodel 724a.jpg
103.12.10 11:23 B C:\_stuff\web\dm\backup0312\house\remodel\724b.jpg --> ftp.draftymanor.com /var/www/html/house/remodel 724b.jpg
103.12.10 11:23 B C:\_stuff\web\dm\backup0312\house\remodel\731a.jpg --> ftp.draftymanor.com /var/www/html/house/remodel 731a.jpg
103.12.10 11:23 B C:\_stuff\web\dm\backup0312\house\remodel\april.html --> ftp.draftymanor.com /var/www/html/house/remodel april.html
103.12.10 11:23 B C:\_stuff\web\dm\backup0312\house\remodel\august.html --> ftp.draftymanor.com /var/www/html/house/remodel august.html
103.12.10 11:23 B C:\_stuff\web\dm\backup0312\house\remodel\chart.jpg --> ftp.draftymanor.com /var/www/html/house/remodel chart.jpg
103.12.10 11:23 B C:\_stuff\web\dm\backup0312\house\remodel\concrete.html --> ftp.draftymanor.com /var/www/html/house/remodel concrete.html
103.12.10 11:23 B C:\_stuff\web\dm\backup0312\house\remodel\counter01.jpg --> ftp.draftymanor.com /var/www/html/house/remodel counter01.jpg
103.12.10 11:23 B C:\_stuff\web\dm\backup0312\house\remodel\counter03.jpg --> ftp.draftymanor.com /var/www/html/house/remodel counter03.jpg
103.12.10 11:23 B C:\_stuff\web\dm\backup0312\house\remodel\counter04.jpg --> ftp.draftymanor.com /var/www/html/house/remodel counter04.jpg
103.12.10 11:23 B C:\_stuff\web\dm\backup0312\house\remodel\counters01.jpg --> ftp.draftymanor.com /var/www/html/house/remodel counters01.jpg
103.12.10 11:23 B C:\_stuff\web\dm\backup0312\house\remodel\counters02.jpg --> ftp.draftymanor.com /var/www/html/house/remodel counters02.jpg
103.12.10 11:23 B C:\_stuff\web\dm\backup0312\house\remodel\counters03.jpg --> ftp.draftymanor.com /var/www/html/house/remodel counters03.jpg
103.12.10 11:23 B C:\_stuff\web\dm\backup0312\house\remodel\counters04.jpg --> ftp.draftymanor.com /var/www/html/house/remodel counters04.jpg
103.12.10 11:23 B C:\_stuff\web\dm\backup0312\house\remodel\counters06.jpg --> ftp.draftymanor.com /var/www/html/house/remodel counters06.jpg
103.12.10 11:23 B C:\_stuff\web\dm\backup0312\house\remodel\feb2003.html --> ftp.draftymanor.com /var/www/html/house/remodel feb2003.html
103.12.10 11:23 B C:\_stuff\web\dm\backup0312\house\remodel\index.html --> ftp.draftymanor.com /var/www/html/house/remodel index.html
103.12.10 11:23 B C:\_stuff\web\dm\backup0312\house\remodel\july.html --> ftp.draftymanor.com /var/www/html/house/remodel july.html
103.12.10 11:23 B C:\_stuff\web\dm\backup0312\house\remodel\june.html --> ftp.draftymanor.com /var/www/html/house/remodel june.html
103.12.10 11:23 B C:\_stuff\web\dm\backup0312\house\remodel\k01.jpg --> ftp.draftymanor.com /var/www/html/house/remodel k01.jpg
103.12.10 11:23 B C:\_stuff\web\dm\backup0312\house\remodel\k02.jpg --> ftp.draftymanor.com /var/www/html/house/remodel k02.jpg
103.12.10 11:23 B C:\_stuff\web\dm\backup0312\house\remodel\k0828.jpg --> ftp.draftymanor.com /var/www/html/house/remodel k0828.jpg
103.12.10 11:23 B C:\_stuff\web\dm\backup0312\house\remodel\k0828c.jpg --> ftp.draftymanor.com /var/www/html/house/remodel k0828c.jpg
103.12.10 11:23 B C:\_stuff\web\dm\backup0312\house\remodel\k0828d.jpg --> ftp.draftymanor.com /var/www/html/house/remodel k0828d.jpg
103.12.10 11:23 B C:\_stuff\web\dm\backup0312\house\remodel\k0828e.jpg --> ftp.draftymanor.com /var/www/html/house/remodel k0828e.jpg
103.12.10 11:23 B C:\_stuff\web\dm\backup0312\house\remodel\k0828f.jpg --> ftp.draftymanor.com /var/www/html/house/remodel k0828f.jpg
103.12.10 11:23 B C:\_stuff\web\dm\backup0312\house\remodel\k0828g.jpg --> ftp.draftymanor.com /var/www/html/house/remodel k0828g.jpg
103.12.10 11:23 B C:\_stuff\web\dm\backup0312\house\remodel\k0828h.jpg --> ftp.draftymanor.com /var/www/html/house/remodel k0828h.jpg
103.12.10 11:23 B C:\_stuff\web\dm\backup0312\house\remodel\k0828i.jpg --> ftp.draftymanor.com /var/www/html/house/remodel k0828i.jpg
103.12.10 11:23 B C:\_stuff\web\dm\backup0312\house\remodel\k0828j.jpg --> ftp.draftymanor.com /var/www/html/house/remodel k0828j.jpg
103.12.10 11:23 B C:\_stuff\web\dm\backup0312\house\remodel\k1022.jpg --> ftp.draftymanor.com /var/www/html/house/remodel k1022.jpg
103.12.10 11:23 B C:\_stuff\web\dm\backup0312\house\remodel\k1022b.jpg --> ftp.draftymanor.com /var/www/html/house/remodel k1022b.jpg
103.12.10 11:23 B C:\_stuff\web\dm\backup0312\house\remodel\k1022c.jpg --> ftp.draftymanor.com /var/www/html/house/remodel k1022c.jpg
103.12.10 11:23 B C:\_stuff\web\dm\backup0312\house\remodel\k1022d.jpg --> ftp.draftymanor.com /var/www/html/house/remodel k1022d.jpg
103.12.10 11:23 B C:\_stuff\web\dm\backup0312\house\remodel\k722.jpg --> ftp.draftymanor.com /var/www/html/house/remodel k722.jpg
103.12.10 11:23 B C:\_stuff\web\dm\backup0312\house\remodel\k722b.jpg --> ftp.draftymanor.com /var/www/html/house/remodel k722b.jpg
103.12.10 11:24 B C:\_stuff\web\dm\backup0312\house\remodel\kit01.jpg --> ftp.draftymanor.com /var/www/html/house/remodel kit01.jpg
103.12.10 11:24 B C:\_stuff\web\dm\backup0312\house\remodel\kit02.jpg --> ftp.draftymanor.com /var/www/html/house/remodel kit02.jpg
103.12.10 11:24 B C:\_stuff\web\dm\backup0312\house\remodel\kit04.jpg --> ftp.draftymanor.com /var/www/html/house/remodel kit04.jpg
103.12.10 11:24 B C:\_stuff\web\dm\backup0312\house\remodel\kit05.jpg --> ftp.draftymanor.com /var/www/html/house/remodel kit05.jpg
103.12.10 11:24 B C:\_stuff\web\dm\backup0312\house\remodel\kit06.jpg --> ftp.draftymanor.com /var/www/html/house/remodel kit06.jpg
103.12.10 11:24 B C:\_stuff\web\dm\backup0312\house\remodel\kit07.jpg --> ftp.draftymanor.com /var/www/html/house/remodel kit07.jpg
103.12.10 11:24 B C:\_stuff\web\dm\backup0312\house\remodel\kit08.jpg --> ftp.draftymanor.com /var/www/html/house/remodel kit08.jpg
103.12.10 11:24 B C:\_stuff\web\dm\backup0312\house\remodel\kit0930.jpg --> ftp.draftymanor.com /var/www/html/house/remodel kit0930.jpg
103.12.10 11:24 B C:\_stuff\web\dm\backup0312\house\remodel\march.html --> ftp.draftymanor.com /var/www/html/house/remodel march.html
103.12.10 11:24 B C:\_stuff\web\dm\backup0312\house\remodel\may.html --> ftp.draftymanor.com /var/www/html/house/remodel may.html
103.12.10 11:24 B C:\_stuff\web\dm\backup0312\house\remodel\n01.jpg --> ftp.draftymanor.com /var/www/html/house/remodel n01.jpg
103.12.10 11:24 B C:\_stuff\web\dm\backup0312\house\remodel\ne02.jpg --> ftp.draftymanor.com /var/www/html/house/remodel ne02.jpg
103.12.10 11:24 B C:\_stuff\web\dm\backup0312\house\remodel\newwin01.jpg --> ftp.draftymanor.com /var/www/html/house/remodel newwin01.jpg
103.12.10 11:24 B C:\_stuff\web\dm\backup0312\house\remodel\north01.jpg --> ftp.draftymanor.com /var/www/html/house/remodel north01.jpg
103.12.10 11:24 B C:\_stuff\web\dm\backup0312\house\remodel\november.html --> ftp.draftymanor.com /var/www/html/house/remodel november.html
103.12.10 11:24 B C:\_stuff\web\dm\backup0312\house\remodel\october.html --> ftp.draftymanor.com /var/www/html/house/remodel october.html
103.12.10 11:24 B C:\_stuff\web\dm\backup0312\house\remodel\oldkit01.jpg --> ftp.draftymanor.com /var/www/html/house/remodel oldkit01.jpg
103.12.10 11:24 B C:\_stuff\web\dm\backup0312\house\remodel\september.html --> ftp.draftymanor.com /var/www/html/house/remodel september.html
103.12.10 11:24 B C:\_stuff\web\dm\backup0312\house\remodel\sw01.jpg --> ftp.draftymanor.com /var/www/html/house/remodel sw01.jpg
103.12.10 11:24 B C:\_stuff\web\dm\backup0312\house\remodel\sw02.jpg --> ftp.draftymanor.com /var/www/html/house/remodel sw02.jpg
103.12.10 11:24 B C:\_stuff\web\dm\backup0312\house\remodel\sw03.jpg --> ftp.draftymanor.com /var/www/html/house/remodel sw03.jpg
103.12.10 11:24 B C:\_stuff\web\dm\backup0312\house\remodel\view02.jpg --> ftp.draftymanor.com /var/www/html/house/remodel view02.jpg
