103.12.09 09:26 B C:\_stuff\web\dm\backup0312\bob\030920\b01.jpg <-- jennifer /bob/030920 b01.jpg
103.12.09 09:26 B C:\_stuff\web\dm\backup0312\bob\030920\b02.jpg <-- jennifer /bob/030920 b02.jpg
103.12.09 09:26 B C:\_stuff\web\dm\backup0312\bob\030920\b06.jpg <-- jennifer /bob/030920 b06.jpg
103.12.09 09:26 B C:\_stuff\web\dm\backup0312\bob\030920\b08.jpg <-- jennifer /bob/030920 b08.jpg
103.12.09 09:26 B C:\_stuff\web\dm\backup0312\bob\030920\b09.jpg <-- jennifer /bob/030920 b09.jpg
103.12.09 09:26 B C:\_stuff\web\dm\backup0312\bob\030920\b10.jpg <-- jennifer /bob/030920 b10.jpg
103.12.09 09:26 B C:\_stuff\web\dm\backup0312\bob\030920\b10sm.jpg <-- jennifer /bob/030920 b10sm.jpg
103.12.09 09:26 B C:\_stuff\web\dm\backup0312\bob\030920\b11.jpg <-- jennifer /bob/030920 b11.jpg
103.12.09 09:26 B C:\_stuff\web\dm\backup0312\bob\030920\b13.jpg <-- jennifer /bob/030920 b13.jpg
103.12.09 09:26 B C:\_stuff\web\dm\backup0312\bob\030920\b16.jpg <-- jennifer /bob/030920 b16.jpg
103.12.09 09:26 B C:\_stuff\web\dm\backup0312\bob\030920\b18.jpg <-- jennifer /bob/030920 b18.jpg
103.12.09 09:26 B C:\_stuff\web\dm\backup0312\bob\030920\b20.jpg <-- jennifer /bob/030920 b20.jpg
103.12.09 09:26 B C:\_stuff\web\dm\backup0312\bob\030920\back.gif <-- jennifer /bob/030920 back.gif
103.12.09 09:26 B C:\_stuff\web\dm\backup0312\bob\030920\index.html <-- jennifer /bob/030920 index.html
103.12.10 10:52 B C:\_stuff\web\dm\backup0312\bob\030920\b01.jpg --> ftp.draftymanor.com /var/www/html/bob/030920 b01.jpg
103.12.10 10:52 B C:\_stuff\web\dm\backup0312\bob\030920\b02.jpg --> ftp.draftymanor.com /var/www/html/bob/030920 b02.jpg
103.12.10 10:52 B C:\_stuff\web\dm\backup0312\bob\030920\b06.jpg --> ftp.draftymanor.com /var/www/html/bob/030920 b06.jpg
103.12.10 10:52 B C:\_stuff\web\dm\backup0312\bob\030920\b08.jpg --> ftp.draftymanor.com /var/www/html/bob/030920 b08.jpg
103.12.10 10:52 B C:\_stuff\web\dm\backup0312\bob\030920\b09.jpg --> ftp.draftymanor.com /var/www/html/bob/030920 b09.jpg
103.12.10 10:52 B C:\_stuff\web\dm\backup0312\bob\030920\b10.jpg --> ftp.draftymanor.com /var/www/html/bob/030920 b10.jpg
103.12.10 10:52 B C:\_stuff\web\dm\backup0312\bob\030920\b10sm.jpg --> ftp.draftymanor.com /var/www/html/bob/030920 b10sm.jpg
103.12.10 10:52 B C:\_stuff\web\dm\backup0312\bob\030920\b11.jpg --> ftp.draftymanor.com /var/www/html/bob/030920 b11.jpg
103.12.10 10:52 B C:\_stuff\web\dm\backup0312\bob\030920\b13.jpg --> ftp.draftymanor.com /var/www/html/bob/030920 b13.jpg
103.12.10 10:52 B C:\_stuff\web\dm\backup0312\bob\030920\b16.jpg --> ftp.draftymanor.com /var/www/html/bob/030920 b16.jpg
103.12.10 10:52 B C:\_stuff\web\dm\backup0312\bob\030920\b18.jpg --> ftp.draftymanor.com /var/www/html/bob/030920 b18.jpg
103.12.10 10:52 B C:\_stuff\web\dm\backup0312\bob\030920\b20.jpg --> ftp.draftymanor.com /var/www/html/bob/030920 b20.jpg
103.12.10 10:52 B C:\_stuff\web\dm\backup0312\bob\030920\back.gif --> ftp.draftymanor.com /var/www/html/bob/030920 back.gif
103.12.10 10:52 B C:\_stuff\web\dm\backup0312\bob\030920\index.html --> ftp.draftymanor.com /var/www/html/bob/030920 index.html
