103.12.09 09:42 B C:\_stuff\web\dm\backup0312\drivethuy\back.gif <-- jennifer /drivethuy back.gif
103.12.09 09:42 B C:\_stuff\web\dm\backup0312\drivethuy\drag01.jpg <-- jennifer /drivethuy drag01.jpg
103.12.09 09:42 B C:\_stuff\web\dm\backup0312\drivethuy\drag02.jpg <-- jennifer /drivethuy drag02.jpg
103.12.09 09:42 B C:\_stuff\web\dm\backup0312\drivethuy\drag03.jpg <-- jennifer /drivethuy drag03.jpg
103.12.09 09:42 B C:\_stuff\web\dm\backup0312\drivethuy\index.html <-- jennifer /drivethuy index.html
103.12.09 09:42 B C:\_stuff\web\dm\backup0312\drivethuy\longline01.jpg <-- jennifer /drivethuy longline01.jpg
103.12.09 09:42 B C:\_stuff\web\dm\backup0312\drivethuy\longline03.jpg <-- jennifer /drivethuy longline03.jpg
103.12.09 09:42 B C:\_stuff\web\dm\backup0312\drivethuy\longline04.jpg <-- jennifer /drivethuy longline04.jpg
103.12.09 09:42 B C:\_stuff\web\dm\backup0312\drivethuy\longline05.jpg <-- jennifer /drivethuy longline05.jpg
103.12.09 09:42 B C:\_stuff\web\dm\backup0312\drivethuy\longline07.jpg <-- jennifer /drivethuy longline07.jpg
103.12.09 09:43 B C:\_stuff\web\dm\backup0312\drivethuy\longline10.jpg <-- jennifer /drivethuy longline10.jpg
103.12.09 09:43 B C:\_stuff\web\dm\backup0312\drivethuy\longline13.jpg <-- jennifer /drivethuy longline13.jpg
103.12.09 09:43 B C:\_stuff\web\dm\backup0312\drivethuy\nono.jpg <-- jennifer /drivethuy nono.jpg
103.12.09 09:43 B C:\_stuff\web\dm\backup0312\drivethuy\overpoles.jpg <-- jennifer /drivethuy overpoles.jpg
103.12.09 09:43 B C:\_stuff\web\dm\backup0312\drivethuy\standing.jpg <-- jennifer /drivethuy standing.jpg
103.12.09 09:43 B C:\_stuff\web\dm\backup0312\drivethuy\whoa.jpg <-- jennifer /drivethuy whoa.jpg
103.12.10 11:19 B C:\_stuff\web\dm\backup0312\drivethuy\back.gif --> ftp.draftymanor.com /var/www/html/drivethuy back.gif
103.12.10 11:19 B C:\_stuff\web\dm\backup0312\drivethuy\drag01.jpg --> ftp.draftymanor.com /var/www/html/drivethuy drag01.jpg
103.12.10 11:19 B C:\_stuff\web\dm\backup0312\drivethuy\drag02.jpg --> ftp.draftymanor.com /var/www/html/drivethuy drag02.jpg
103.12.10 11:19 B C:\_stuff\web\dm\backup0312\drivethuy\drag03.jpg --> ftp.draftymanor.com /var/www/html/drivethuy drag03.jpg
103.12.10 11:19 B C:\_stuff\web\dm\backup0312\drivethuy\index.html --> ftp.draftymanor.com /var/www/html/drivethuy index.html
103.12.10 11:19 B C:\_stuff\web\dm\backup0312\drivethuy\longline01.jpg --> ftp.draftymanor.com /var/www/html/drivethuy longline01.jpg
103.12.10 11:19 B C:\_stuff\web\dm\backup0312\drivethuy\longline03.jpg --> ftp.draftymanor.com /var/www/html/drivethuy longline03.jpg
103.12.10 11:19 B C:\_stuff\web\dm\backup0312\drivethuy\longline04.jpg --> ftp.draftymanor.com /var/www/html/drivethuy longline04.jpg
103.12.10 11:19 B C:\_stuff\web\dm\backup0312\drivethuy\longline05.jpg --> ftp.draftymanor.com /var/www/html/drivethuy longline05.jpg
103.12.10 11:19 B C:\_stuff\web\dm\backup0312\drivethuy\longline07.jpg --> ftp.draftymanor.com /var/www/html/drivethuy longline07.jpg
103.12.10 11:19 B C:\_stuff\web\dm\backup0312\drivethuy\longline10.jpg --> ftp.draftymanor.com /var/www/html/drivethuy longline10.jpg
103.12.10 11:19 B C:\_stuff\web\dm\backup0312\drivethuy\longline13.jpg --> ftp.draftymanor.com /var/www/html/drivethuy longline13.jpg
103.12.10 11:19 B C:\_stuff\web\dm\backup0312\drivethuy\nono.jpg --> ftp.draftymanor.com /var/www/html/drivethuy nono.jpg
103.12.10 11:19 B C:\_stuff\web\dm\backup0312\drivethuy\overpoles.jpg --> ftp.draftymanor.com /var/www/html/drivethuy overpoles.jpg
103.12.10 11:19 B C:\_stuff\web\dm\backup0312\drivethuy\standing.jpg --> ftp.draftymanor.com /var/www/html/drivethuy standing.jpg
103.12.10 11:19 B C:\_stuff\web\dm\backup0312\drivethuy\whoa.jpg --> ftp.draftymanor.com /var/www/html/drivethuy whoa.jpg
