103.12.09 09:45 B C:\_stuff\web\dm\backup0312\emma\back.gif <-- jennifer /emma back.gif
103.12.09 09:45 B C:\_stuff\web\dm\backup0312\emma\back.jpg <-- jennifer /emma back.jpg
103.12.09 09:45 B C:\_stuff\web\dm\backup0312\emma\DCP_5856.JPG <-- jennifer /emma DCP_5856.JPG
103.12.09 09:45 B C:\_stuff\web\dm\backup0312\emma\DCP_5860.JPG <-- jennifer /emma DCP_5860.JPG
103.12.09 09:45 B C:\_stuff\web\dm\backup0312\emma\e01.jpg <-- jennifer /emma e01.jpg
103.12.09 09:45 B C:\_stuff\web\dm\backup0312\emma\e02.jpg <-- jennifer /emma e02.jpg
103.12.09 09:45 B C:\_stuff\web\dm\backup0312\emma\e03.jpg <-- jennifer /emma e03.jpg
103.12.09 09:45 B C:\_stuff\web\dm\backup0312\emma\e04.jpg <-- jennifer /emma e04.jpg
103.12.09 09:45 B C:\_stuff\web\dm\backup0312\emma\e05.jpg <-- jennifer /emma e05.jpg
103.12.09 09:45 B C:\_stuff\web\dm\backup0312\emma\e050402.jpg <-- jennifer /emma e050402.jpg
103.12.09 09:45 B C:\_stuff\web\dm\backup0312\emma\e06.jpg <-- jennifer /emma e06.jpg
103.12.09 09:45 B C:\_stuff\web\dm\backup0312\emma\e07.jpg <-- jennifer /emma e07.jpg
103.12.09 09:45 B C:\_stuff\web\dm\backup0312\emma\e08.jpg <-- jennifer /emma e08.jpg
103.12.09 09:45 B C:\_stuff\web\dm\backup0312\emma\Emma002.jpg <-- jennifer /emma Emma002.jpg
103.12.09 09:45 B C:\_stuff\web\dm\backup0312\emma\emmabath3.jpg <-- jennifer /emma emmabath3.jpg
103.12.09 09:45 B C:\_stuff\web\dm\backup0312\emma\emmacanter.jpg <-- jennifer /emma emmacanter.jpg
103.12.09 09:45 B C:\_stuff\web\dm\backup0312\emma\emmarun.jpg <-- jennifer /emma emmarun.jpg
103.12.09 09:45 B C:\_stuff\web\dm\backup0312\emma\emmawalk.jpg <-- jennifer /emma emmawalk.jpg
103.12.09 09:45 B C:\_stuff\web\dm\backup0312\emma\index.html <-- jennifer /emma index.html
103.12.09 09:45 B C:\_stuff\web\dm\backup0312\emma\smhunt.jpg <-- jennifer /emma smhunt.jpg
103.12.10 11:21 B C:\_stuff\web\dm\backup0312\emma\back.gif --> ftp.draftymanor.com /var/www/html/emma back.gif
103.12.10 11:21 B C:\_stuff\web\dm\backup0312\emma\back.jpg --> ftp.draftymanor.com /var/www/html/emma back.jpg
103.12.10 11:21 B C:\_stuff\web\dm\backup0312\emma\DCP_5856.JPG --> ftp.draftymanor.com /var/www/html/emma DCP_5856.JPG
103.12.10 11:21 B C:\_stuff\web\dm\backup0312\emma\DCP_5860.JPG --> ftp.draftymanor.com /var/www/html/emma DCP_5860.JPG
103.12.10 11:21 B C:\_stuff\web\dm\backup0312\emma\e01.jpg --> ftp.draftymanor.com /var/www/html/emma e01.jpg
103.12.10 11:21 B C:\_stuff\web\dm\backup0312\emma\e02.jpg --> ftp.draftymanor.com /var/www/html/emma e02.jpg
103.12.10 11:21 B C:\_stuff\web\dm\backup0312\emma\e03.jpg --> ftp.draftymanor.com /var/www/html/emma e03.jpg
103.12.10 11:21 B C:\_stuff\web\dm\backup0312\emma\e04.jpg --> ftp.draftymanor.com /var/www/html/emma e04.jpg
103.12.10 11:21 B C:\_stuff\web\dm\backup0312\emma\e05.jpg --> ftp.draftymanor.com /var/www/html/emma e05.jpg
103.12.10 11:21 B C:\_stuff\web\dm\backup0312\emma\e050402.jpg --> ftp.draftymanor.com /var/www/html/emma e050402.jpg
103.12.10 11:21 B C:\_stuff\web\dm\backup0312\emma\e06.jpg --> ftp.draftymanor.com /var/www/html/emma e06.jpg
103.12.10 11:21 B C:\_stuff\web\dm\backup0312\emma\e07.jpg --> ftp.draftymanor.com /var/www/html/emma e07.jpg
103.12.10 11:22 B C:\_stuff\web\dm\backup0312\emma\e08.jpg --> ftp.draftymanor.com /var/www/html/emma e08.jpg
103.12.10 11:22 B C:\_stuff\web\dm\backup0312\emma\Emma002.jpg --> ftp.draftymanor.com /var/www/html/emma Emma002.jpg
103.12.10 11:22 B C:\_stuff\web\dm\backup0312\emma\emmabath3.jpg --> ftp.draftymanor.com /var/www/html/emma emmabath3.jpg
103.12.10 11:22 B C:\_stuff\web\dm\backup0312\emma\emmacanter.jpg --> ftp.draftymanor.com /var/www/html/emma emmacanter.jpg
103.12.10 11:22 B C:\_stuff\web\dm\backup0312\emma\emmarun.jpg --> ftp.draftymanor.com /var/www/html/emma emmarun.jpg
103.12.10 11:22 B C:\_stuff\web\dm\backup0312\emma\emmawalk.jpg --> ftp.draftymanor.com /var/www/html/emma emmawalk.jpg
103.12.10 11:22 B C:\_stuff\web\dm\backup0312\emma\index.html --> ftp.draftymanor.com /var/www/html/emma index.html
103.12.10 11:22 B C:\_stuff\web\dm\backup0312\emma\smhunt.jpg --> ftp.draftymanor.com /var/www/html/emma smhunt.jpg
