103.12.09 09:49 B C:\_stuff\web\dm\backup0312\house\summer00\back.gif <-- jennifer /house/summer00 back.gif
103.12.09 09:49 B C:\_stuff\web\dm\backup0312\house\summer00\driveway.jpg <-- jennifer /house/summer00 driveway.jpg
103.12.09 09:49 B C:\_stuff\web\dm\backup0312\house\summer00\house.jpg <-- jennifer /house/summer00 house.jpg
103.12.09 09:49 B C:\_stuff\web\dm\backup0312\house\summer00\housewide.jpg <-- jennifer /house/summer00 housewide.jpg
103.12.09 09:49 B C:\_stuff\web\dm\backup0312\house\summer00\index.html <-- jennifer /house/summer00 index.html
103.12.09 09:49 B C:\_stuff\web\dm\backup0312\house\summer00\morningglory.jpg <-- jennifer /house/summer00 morningglory.jpg
103.12.09 09:49 B C:\_stuff\web\dm\backup0312\house\summer00\offporch.jpg <-- jennifer /house/summer00 offporch.jpg
103.12.09 09:49 B C:\_stuff\web\dm\backup0312\house\summer00\patio.jpg <-- jennifer /house/summer00 patio.jpg
103.12.09 09:49 B C:\_stuff\web\dm\backup0312\house\summer00\porch.jpg <-- jennifer /house/summer00 porch.jpg
103.12.09 09:49 B C:\_stuff\web\dm\backup0312\house\summer00\tackroom.jpg <-- jennifer /house/summer00 tackroom.jpg
103.12.10 11:24 B C:\_stuff\web\dm\backup0312\house\summer00\back.gif --> ftp.draftymanor.com /var/www/html/house/summer00 back.gif
103.12.10 11:24 B C:\_stuff\web\dm\backup0312\house\summer00\driveway.jpg --> ftp.draftymanor.com /var/www/html/house/summer00 driveway.jpg
103.12.10 11:24 B C:\_stuff\web\dm\backup0312\house\summer00\house.jpg --> ftp.draftymanor.com /var/www/html/house/summer00 house.jpg
103.12.10 11:24 B C:\_stuff\web\dm\backup0312\house\summer00\housewide.jpg --> ftp.draftymanor.com /var/www/html/house/summer00 housewide.jpg
103.12.10 11:24 B C:\_stuff\web\dm\backup0312\house\summer00\index.html --> ftp.draftymanor.com /var/www/html/house/summer00 index.html
103.12.10 11:24 B C:\_stuff\web\dm\backup0312\house\summer00\morningglory.jpg --> ftp.draftymanor.com /var/www/html/house/summer00 morningglory.jpg
103.12.10 11:24 B C:\_stuff\web\dm\backup0312\house\summer00\offporch.jpg --> ftp.draftymanor.com /var/www/html/house/summer00 offporch.jpg
103.12.10 11:24 B C:\_stuff\web\dm\backup0312\house\summer00\patio.jpg --> ftp.draftymanor.com /var/www/html/house/summer00 patio.jpg
103.12.10 11:24 B C:\_stuff\web\dm\backup0312\house\summer00\porch.jpg --> ftp.draftymanor.com /var/www/html/house/summer00 porch.jpg
103.12.10 11:24 B C:\_stuff\web\dm\backup0312\house\summer00\tackroom.jpg --> ftp.draftymanor.com /var/www/html/house/summer00 tackroom.jpg
