103.12.09 09:49 B C:\_stuff\web\dm\backup0312\house\1202a.jpg <-- jennifer /house 1202a.jpg
103.12.09 09:49 B C:\_stuff\web\dm\backup0312\house\1202b.jpg <-- jennifer /house 1202b.jpg
103.12.09 09:49 B C:\_stuff\web\dm\backup0312\house\1202c.jpg <-- jennifer /house 1202c.jpg
103.12.09 09:49 B C:\_stuff\web\dm\backup0312\house\1202d.jpg <-- jennifer /house 1202d.jpg
103.12.09 09:50 B C:\_stuff\web\dm\backup0312\house\back.gif <-- jennifer /house back.gif
103.12.09 09:50 B C:\_stuff\web\dm\backup0312\house\cabinet01-sm.jpg <-- jennifer /house cabinet01-sm.jpg
103.12.09 09:50 B C:\_stuff\web\dm\backup0312\house\cats.jpg <-- jennifer /house cats.jpg
103.12.09 09:50 B C:\_stuff\web\dm\backup0312\house\house-sm.jpg <-- jennifer /house house-sm.jpg
103.12.09 09:50 B C:\_stuff\web\dm\backup0312\house\house02-sm.jpg <-- jennifer /house house02-sm.jpg
103.12.09 09:50 B C:\_stuff\web\dm\backup0312\house\index.html <-- jennifer /house index.html
103.12.09 09:52 B C:\_stuff\web\dm\backup0312\house\north01-sm.jpg <-- jennifer /house north01-sm.jpg
103.12.09 09:52 B C:\_stuff\web\dm\backup0312\house\test.jpg <-- jennifer /house test.jpg
103.12.09 09:52 B C:\_stuff\web\dm\backup0312\house\test2.jpg <-- jennifer /house test2.jpg
103.12.10 11:24 B C:\_stuff\web\dm\backup0312\house\1202a.jpg --> ftp.draftymanor.com /var/www/html/house 1202a.jpg
103.12.10 11:24 B C:\_stuff\web\dm\backup0312\house\1202b.jpg --> ftp.draftymanor.com /var/www/html/house 1202b.jpg
103.12.10 11:24 B C:\_stuff\web\dm\backup0312\house\1202c.jpg --> ftp.draftymanor.com /var/www/html/house 1202c.jpg
103.12.10 11:24 B C:\_stuff\web\dm\backup0312\house\1202d.jpg --> ftp.draftymanor.com /var/www/html/house 1202d.jpg
103.12.10 11:24 B C:\_stuff\web\dm\backup0312\house\back.gif --> ftp.draftymanor.com /var/www/html/house back.gif
103.12.10 11:24 B C:\_stuff\web\dm\backup0312\house\cabinet01-sm.jpg --> ftp.draftymanor.com /var/www/html/house cabinet01-sm.jpg
103.12.10 11:24 B C:\_stuff\web\dm\backup0312\house\cats.jpg --> ftp.draftymanor.com /var/www/html/house cats.jpg
103.12.10 11:24 B C:\_stuff\web\dm\backup0312\house\house-sm.jpg --> ftp.draftymanor.com /var/www/html/house house-sm.jpg
103.12.10 11:24 B C:\_stuff\web\dm\backup0312\house\house02-sm.jpg --> ftp.draftymanor.com /var/www/html/house house02-sm.jpg
103.12.10 11:24 B C:\_stuff\web\dm\backup0312\house\index.html --> ftp.draftymanor.com /var/www/html/house index.html
103.12.10 11:24 B C:\_stuff\web\dm\backup0312\house\north01-sm.jpg --> ftp.draftymanor.com /var/www/html/house north01-sm.jpg
103.12.10 11:24 B C:\_stuff\web\dm\backup0312\house\test.jpg --> ftp.draftymanor.com /var/www/html/house test.jpg
103.12.10 11:24 B C:\_stuff\web\dm\backup0312\house\test2.jpg --> ftp.draftymanor.com /var/www/html/house test2.jpg
