103.12.09 10:01 B C:\_stuff\web\dm\backup0312\thuy\090703\back.gif <-- jennifer /thuy/090703 back.gif
103.12.09 10:01 B C:\_stuff\web\dm\backup0312\thuy\090703\CurraghAfterStadium.jpg <-- jennifer /thuy/090703 CurraghAfterStadium.jpg
103.12.09 10:01 B C:\_stuff\web\dm\backup0312\thuy\090703\CurraghEnterStadium.jpg <-- jennifer /thuy/090703 CurraghEnterStadium.jpg
103.12.09 10:01 B C:\_stuff\web\dm\backup0312\thuy\090703\CurraghStadiumJump.jpg <-- jennifer /thuy/090703 CurraghStadiumJump.jpg
103.12.09 10:01 B C:\_stuff\web\dm\backup0312\thuy\090703\ErikaAside.jpg <-- jennifer /thuy/090703 ErikaAside.jpg
103.12.09 10:01 B C:\_stuff\web\dm\backup0312\thuy\090703\index.html <-- jennifer /thuy/090703 index.html
103.12.09 10:01 B C:\_stuff\web\dm\backup0312\thuy\090703\t02.jpg <-- jennifer /thuy/090703 t02.jpg
103.12.09 10:01 B C:\_stuff\web\dm\backup0312\thuy\090703\t04.jpg <-- jennifer /thuy/090703 t04.jpg
103.12.09 10:02 B C:\_stuff\web\dm\backup0312\thuy\090703\t05.jpg <-- jennifer /thuy/090703 t05.jpg
103.12.09 10:02 B C:\_stuff\web\dm\backup0312\thuy\090703\t06.jpg <-- jennifer /thuy/090703 t06.jpg
103.12.09 10:02 B C:\_stuff\web\dm\backup0312\thuy\090703\t07.jpg <-- jennifer /thuy/090703 t07.jpg
103.12.09 10:02 B C:\_stuff\web\dm\backup0312\thuy\090703\tcc202.jpg <-- jennifer /thuy/090703 tcc202.jpg
103.12.09 10:02 B C:\_stuff\web\dm\backup0312\thuy\090703\tcc203.jpg <-- jennifer /thuy/090703 tcc203.jpg
103.12.09 10:02 B C:\_stuff\web\dm\backup0312\thuy\090703\td00.jpg <-- jennifer /thuy/090703 td00.jpg
103.12.09 10:02 B C:\_stuff\web\dm\backup0312\thuy\090703\td01.jpg <-- jennifer /thuy/090703 td01.jpg
103.12.09 10:02 B C:\_stuff\web\dm\backup0312\thuy\090703\td02.jpg <-- jennifer /thuy/090703 td02.jpg
103.12.09 10:02 B C:\_stuff\web\dm\backup0312\thuy\090703\td03.jpg <-- jennifer /thuy/090703 td03.jpg
103.12.09 10:02 B C:\_stuff\web\dm\backup0312\thuy\090703\tdress01.jpg <-- jennifer /thuy/090703 tdress01.jpg
103.12.09 10:02 B C:\_stuff\web\dm\backup0312\thuy\090703\tdress02.jpg <-- jennifer /thuy/090703 tdress02.jpg
103.12.09 10:02 B C:\_stuff\web\dm\backup0312\thuy\090703\thuycc04.jpg <-- jennifer /thuy/090703 thuycc04.jpg
103.12.09 10:02 B C:\_stuff\web\dm\backup0312\thuy\090703\thuycc06.jpg <-- jennifer /thuy/090703 thuycc06.jpg
103.12.09 10:02 B C:\_stuff\web\dm\backup0312\thuy\090703\thuycc07.jpg <-- jennifer /thuy/090703 thuycc07.jpg
103.12.09 10:02 B C:\_stuff\web\dm\backup0312\thuy\090703\thuycc08.jpg <-- jennifer /thuy/090703 thuycc08.jpg
103.12.09 10:02 B C:\_stuff\web\dm\backup0312\thuy\090703\thuycc09.jpg <-- jennifer /thuy/090703 thuycc09.jpg
103.12.09 10:02 B C:\_stuff\web\dm\backup0312\thuy\090703\thuyst01.jpg <-- jennifer /thuy/090703 thuyst01.jpg
103.12.09 10:02 B C:\_stuff\web\dm\backup0312\thuy\090703\thuyst02.jpg <-- jennifer /thuy/090703 thuyst02.jpg
103.12.09 10:02 B C:\_stuff\web\dm\backup0312\thuy\090703\thuyst04.jpg <-- jennifer /thuy/090703 thuyst04.jpg
103.12.09 10:02 B C:\_stuff\web\dm\backup0312\thuy\090703\ts03.jpg <-- jennifer /thuy/090703 ts03.jpg
103.12.10 11:09 B C:\_stuff\web\dm\backup0312\thuy\090703\back.gif --> ftp.draftymanor.com /var/www/html/thuy/090703 back.gif
103.12.10 11:09 B C:\_stuff\web\dm\backup0312\thuy\090703\CurraghAfterStadium.jpg --> ftp.draftymanor.com /var/www/html/thuy/090703 CurraghAfterStadium.jpg
103.12.10 11:09 B C:\_stuff\web\dm\backup0312\thuy\090703\CurraghEnterStadium.jpg --> ftp.draftymanor.com /var/www/html/thuy/090703 CurraghEnterStadium.jpg
103.12.10 11:09 B C:\_stuff\web\dm\backup0312\thuy\090703\CurraghStadiumJump.jpg --> ftp.draftymanor.com /var/www/html/thuy/090703 CurraghStadiumJump.jpg
103.12.10 11:09 B C:\_stuff\web\dm\backup0312\thuy\090703\ErikaAside.jpg --> ftp.draftymanor.com /var/www/html/thuy/090703 ErikaAside.jpg
103.12.10 11:09 B C:\_stuff\web\dm\backup0312\thuy\090703\index.html --> ftp.draftymanor.com /var/www/html/thuy/090703 index.html
103.12.10 11:09 B C:\_stuff\web\dm\backup0312\thuy\090703\t02.jpg --> ftp.draftymanor.com /var/www/html/thuy/090703 t02.jpg
103.12.10 11:09 B C:\_stuff\web\dm\backup0312\thuy\090703\t04.jpg --> ftp.draftymanor.com /var/www/html/thuy/090703 t04.jpg
103.12.10 11:09 B C:\_stuff\web\dm\backup0312\thuy\090703\t05.jpg --> ftp.draftymanor.com /var/www/html/thuy/090703 t05.jpg
103.12.10 11:09 B C:\_stuff\web\dm\backup0312\thuy\090703\t06.jpg --> ftp.draftymanor.com /var/www/html/thuy/090703 t06.jpg
103.12.10 11:09 B C:\_stuff\web\dm\backup0312\thuy\090703\t07.jpg --> ftp.draftymanor.com /var/www/html/thuy/090703 t07.jpg
103.12.10 11:09 B C:\_stuff\web\dm\backup0312\thuy\090703\tcc202.jpg --> ftp.draftymanor.com /var/www/html/thuy/090703 tcc202.jpg
103.12.10 11:09 B C:\_stuff\web\dm\backup0312\thuy\090703\tcc203.jpg --> ftp.draftymanor.com /var/www/html/thuy/090703 tcc203.jpg
103.12.10 11:09 B C:\_stuff\web\dm\backup0312\thuy\090703\td00.jpg --> ftp.draftymanor.com /var/www/html/thuy/090703 td00.jpg
103.12.10 11:09 B C:\_stuff\web\dm\backup0312\thuy\090703\td01.jpg --> ftp.draftymanor.com /var/www/html/thuy/090703 td01.jpg
103.12.10 11:09 B C:\_stuff\web\dm\backup0312\thuy\090703\td02.jpg --> ftp.draftymanor.com /var/www/html/thuy/090703 td02.jpg
103.12.10 11:09 B C:\_stuff\web\dm\backup0312\thuy\090703\td03.jpg --> ftp.draftymanor.com /var/www/html/thuy/090703 td03.jpg
103.12.10 11:10 B C:\_stuff\web\dm\backup0312\thuy\090703\tdress01.jpg --> ftp.draftymanor.com /var/www/html/thuy/090703 tdress01.jpg
103.12.10 11:10 B C:\_stuff\web\dm\backup0312\thuy\090703\tdress02.jpg --> ftp.draftymanor.com /var/www/html/thuy/090703 tdress02.jpg
103.12.10 11:10 B C:\_stuff\web\dm\backup0312\thuy\090703\thuycc04.jpg --> ftp.draftymanor.com /var/www/html/thuy/090703 thuycc04.jpg
103.12.10 11:10 B C:\_stuff\web\dm\backup0312\thuy\090703\thuycc06.jpg --> ftp.draftymanor.com /var/www/html/thuy/090703 thuycc06.jpg
103.12.10 11:10 B C:\_stuff\web\dm\backup0312\thuy\090703\thuycc07.jpg --> ftp.draftymanor.com /var/www/html/thuy/090703 thuycc07.jpg
103.12.10 11:10 B C:\_stuff\web\dm\backup0312\thuy\090703\thuycc08.jpg --> ftp.draftymanor.com /var/www/html/thuy/090703 thuycc08.jpg
103.12.10 11:10 B C:\_stuff\web\dm\backup0312\thuy\090703\thuycc09.jpg --> ftp.draftymanor.com /var/www/html/thuy/090703 thuycc09.jpg
103.12.10 11:10 B C:\_stuff\web\dm\backup0312\thuy\090703\thuyst01.jpg --> ftp.draftymanor.com /var/www/html/thuy/090703 thuyst01.jpg
103.12.10 11:10 B C:\_stuff\web\dm\backup0312\thuy\090703\thuyst02.jpg --> ftp.draftymanor.com /var/www/html/thuy/090703 thuyst02.jpg
103.12.10 11:10 B C:\_stuff\web\dm\backup0312\thuy\090703\thuyst04.jpg --> ftp.draftymanor.com /var/www/html/thuy/090703 thuyst04.jpg
103.12.10 11:10 B C:\_stuff\web\dm\backup0312\thuy\090703\ts03.jpg --> ftp.draftymanor.com /var/www/html/thuy/090703 ts03.jpg
