101.05.13 17:08 B I:\www\Adamir\jump051301\back.gif --> draftymanor.com /adamir/jump051301 back.gif
101.05.13 17:08 B I:\www\Adamir\jump051301\index.html --> draftymanor.com /adamir/jump051301 index.html
101.05.13 17:09 B I:\www\Adamir\jump051301\jump01.jpg --> draftymanor.com /adamir/jump051301 jump01.jpg
101.05.13 17:09 B I:\www\Adamir\jump051301\jump02.jpg --> draftymanor.com /adamir/jump051301 jump02.jpg
101.05.13 17:09 B I:\www\Adamir\jump051301\jump03.jpg --> draftymanor.com /adamir/jump051301 jump03.jpg
101.05.13 17:10 B I:\www\Adamir\jump051301\warmup01.jpg --> draftymanor.com /adamir/jump051301 warmup01.jpg
101.05.13 17:10 B I:\www\Adamir\jump051301\warmup02.jpg --> draftymanor.com /adamir/jump051301 warmup02.jpg
101.05.13 17:11 B I:\www\Adamir\jump051301\warmup03.jpg --> draftymanor.com /adamir/jump051301 warmup03.jpg
101.08.12 13:53 B I:\www\Adamir\jump051301\back.gif <-- draftymanor /adamir/jump051301 back.gif
101.08.12 13:53 B I:\www\Adamir\jump051301\index.html <-- draftymanor /adamir/jump051301 index.html
101.08.12 13:54 B I:\www\Adamir\jump051301\jump01.jpg <-- draftymanor /adamir/jump051301 jump01.jpg
2002.02.03 11:04 B F:\www\Adamir\jump051301\back.gif --> ftp.draftymanor.com /adamir/jump051301 back.gif
2002.02.03 11:04 B F:\www\Adamir\jump051301\index.html --> ftp.draftymanor.com /adamir/jump051301 index.html
2002.02.03 11:05 B F:\www\Adamir\jump051301\jump01.jpg --> ftp.draftymanor.com /adamir/jump051301 jump01.jpg
2002.02.03 11:06 B F:\www\Adamir\jump051301\jump02.jpg --> ftp.draftymanor.com /adamir/jump051301 jump02.jpg
2002.02.03 11:07 B F:\www\Adamir\jump051301\jump03.jpg --> ftp.draftymanor.com /adamir/jump051301 jump03.jpg
2002.02.03 11:07 B F:\www\Adamir\jump051301\test.html --> ftp.draftymanor.com /adamir/jump051301 test.html
2002.02.03 11:07 B F:\www\Adamir\jump051301\warmup01.jpg --> ftp.draftymanor.com /adamir/jump051301 warmup01.jpg
2002.02.03 11:08 B F:\www\Adamir\jump051301\warmup02.jpg --> ftp.draftymanor.com /adamir/jump051301 warmup02.jpg
2002.02.03 11:09 B F:\www\Adamir\jump051301\warmup03.jpg --> ftp.draftymanor.com /adamir/jump051301 warmup03.jpg
