103.12.09 09:55 B C:\_stuff\web\dm\backup0312\poland\pics\back.gif <-- jennifer /poland/pics back.gif
103.12.09 09:55 B C:\_stuff\web\dm\backup0312\poland\pics\img0.gif <-- jennifer /poland/pics img0.gif
103.12.09 09:55 B C:\_stuff\web\dm\backup0312\poland\pics\img1.gif <-- jennifer /poland/pics img1.gif
103.12.09 09:55 B C:\_stuff\web\dm\backup0312\poland\pics\img10.gif <-- jennifer /poland/pics img10.gif
103.12.09 09:55 B C:\_stuff\web\dm\backup0312\poland\pics\img11.gif <-- jennifer /poland/pics img11.gif
103.12.09 09:55 B C:\_stuff\web\dm\backup0312\poland\pics\img2.gif <-- jennifer /poland/pics img2.gif
103.12.09 09:55 B C:\_stuff\web\dm\backup0312\poland\pics\img3.gif <-- jennifer /poland/pics img3.gif
103.12.09 09:55 B C:\_stuff\web\dm\backup0312\poland\pics\img4.gif <-- jennifer /poland/pics img4.gif
103.12.09 09:55 B C:\_stuff\web\dm\backup0312\poland\pics\img5.gif <-- jennifer /poland/pics img5.gif
103.12.09 09:55 B C:\_stuff\web\dm\backup0312\poland\pics\img6.gif <-- jennifer /poland/pics img6.gif
103.12.09 09:55 B C:\_stuff\web\dm\backup0312\poland\pics\img7.gif <-- jennifer /poland/pics img7.gif
103.12.09 09:55 B C:\_stuff\web\dm\backup0312\poland\pics\img8.gif <-- jennifer /poland/pics img8.gif
103.12.09 09:55 B C:\_stuff\web\dm\backup0312\poland\pics\img9.gif <-- jennifer /poland/pics img9.gif
103.12.09 09:55 B C:\_stuff\web\dm\backup0312\poland\pics\index.html <-- jennifer /poland/pics index.html
103.12.09 09:55 B C:\_stuff\web\dm\backup0312\poland\pics\page2.html <-- jennifer /poland/pics page2.html
103.12.10 11:02 B C:\_stuff\web\dm\backup0312\poland\pics\back.gif --> ftp.draftymanor.com /var/www/html/poland/pics back.gif
103.12.10 11:02 B C:\_stuff\web\dm\backup0312\poland\pics\img0.gif --> ftp.draftymanor.com /var/www/html/poland/pics img0.gif
103.12.10 11:02 B C:\_stuff\web\dm\backup0312\poland\pics\img1.gif --> ftp.draftymanor.com /var/www/html/poland/pics img1.gif
103.12.10 11:03 B C:\_stuff\web\dm\backup0312\poland\pics\img10.gif --> ftp.draftymanor.com /var/www/html/poland/pics img10.gif
103.12.10 11:03 B C:\_stuff\web\dm\backup0312\poland\pics\img11.gif --> ftp.draftymanor.com /var/www/html/poland/pics img11.gif
103.12.10 11:03 B C:\_stuff\web\dm\backup0312\poland\pics\img2.gif --> ftp.draftymanor.com /var/www/html/poland/pics img2.gif
103.12.10 11:03 B C:\_stuff\web\dm\backup0312\poland\pics\img3.gif --> ftp.draftymanor.com /var/www/html/poland/pics img3.gif
103.12.10 11:03 B C:\_stuff\web\dm\backup0312\poland\pics\img4.gif --> ftp.draftymanor.com /var/www/html/poland/pics img4.gif
103.12.10 11:03 B C:\_stuff\web\dm\backup0312\poland\pics\img5.gif --> ftp.draftymanor.com /var/www/html/poland/pics img5.gif
103.12.10 11:03 B C:\_stuff\web\dm\backup0312\poland\pics\img6.gif --> ftp.draftymanor.com /var/www/html/poland/pics img6.gif
103.12.10 11:03 B C:\_stuff\web\dm\backup0312\poland\pics\img7.gif --> ftp.draftymanor.com /var/www/html/poland/pics img7.gif
103.12.10 11:03 B C:\_stuff\web\dm\backup0312\poland\pics\img8.gif --> ftp.draftymanor.com /var/www/html/poland/pics img8.gif
103.12.10 11:03 B C:\_stuff\web\dm\backup0312\poland\pics\img9.gif --> ftp.draftymanor.com /var/www/html/poland/pics img9.gif
103.12.10 11:03 B C:\_stuff\web\dm\backup0312\poland\pics\index.html --> ftp.draftymanor.com /var/www/html/poland/pics index.html
103.12.10 11:03 B C:\_stuff\web\dm\backup0312\poland\pics\page2.html --> ftp.draftymanor.com /var/www/html/poland/pics page2.html
