103.12.09 09:43 B C:\_stuff\web\dm\backup0312\emma\062501\back.gif <-- jennifer /emma/062501 back.gif
103.12.09 09:43 B C:\_stuff\web\dm\backup0312\emma\062501\index.html <-- jennifer /emma/062501 index.html
103.12.09 09:43 B C:\_stuff\web\dm\backup0312\emma\062501\Mvc-007f.jpg <-- jennifer /emma/062501 Mvc-007f.jpg
103.12.09 09:43 B C:\_stuff\web\dm\backup0312\emma\062501\Mvc-008f.jpg <-- jennifer /emma/062501 Mvc-008f.jpg
103.12.09 09:43 B C:\_stuff\web\dm\backup0312\emma\062501\Mvc-113f.jpg <-- jennifer /emma/062501 Mvc-113f.jpg
103.12.09 09:43 B C:\_stuff\web\dm\backup0312\emma\062501\Mvc-201f.jpg <-- jennifer /emma/062501 Mvc-201f.jpg
103.12.09 09:43 B C:\_stuff\web\dm\backup0312\emma\062501\Mvc-202f.jpg <-- jennifer /emma/062501 Mvc-202f.jpg
103.12.09 09:43 B C:\_stuff\web\dm\backup0312\emma\062501\Mvc-207f.jpg <-- jennifer /emma/062501 Mvc-207f.jpg
103.12.09 09:43 B C:\_stuff\web\dm\backup0312\emma\062501\Mvc-208f.jpg <-- jennifer /emma/062501 Mvc-208f.jpg
103.12.09 09:43 B C:\_stuff\web\dm\backup0312\emma\062501\Mvc-215f.jpg <-- jennifer /emma/062501 Mvc-215f.jpg
103.12.09 09:43 B C:\_stuff\web\dm\backup0312\emma\062501\Mvc-216f.jpg <-- jennifer /emma/062501 Mvc-216f.jpg
103.12.10 11:20 B C:\_stuff\web\dm\backup0312\emma\062501\back.gif --> ftp.draftymanor.com /var/www/html/emma/062501 back.gif
103.12.10 11:20 B C:\_stuff\web\dm\backup0312\emma\062501\index.html --> ftp.draftymanor.com /var/www/html/emma/062501 index.html
103.12.10 11:20 B C:\_stuff\web\dm\backup0312\emma\062501\Mvc-007f.jpg --> ftp.draftymanor.com /var/www/html/emma/062501 Mvc-007f.jpg
103.12.10 11:20 B C:\_stuff\web\dm\backup0312\emma\062501\Mvc-008f.jpg --> ftp.draftymanor.com /var/www/html/emma/062501 Mvc-008f.jpg
103.12.10 11:20 B C:\_stuff\web\dm\backup0312\emma\062501\Mvc-113f.jpg --> ftp.draftymanor.com /var/www/html/emma/062501 Mvc-113f.jpg
103.12.10 11:20 B C:\_stuff\web\dm\backup0312\emma\062501\Mvc-201f.jpg --> ftp.draftymanor.com /var/www/html/emma/062501 Mvc-201f.jpg
103.12.10 11:20 B C:\_stuff\web\dm\backup0312\emma\062501\Mvc-202f.jpg --> ftp.draftymanor.com /var/www/html/emma/062501 Mvc-202f.jpg
103.12.10 11:20 B C:\_stuff\web\dm\backup0312\emma\062501\Mvc-207f.jpg --> ftp.draftymanor.com /var/www/html/emma/062501 Mvc-207f.jpg
103.12.10 11:20 B C:\_stuff\web\dm\backup0312\emma\062501\Mvc-208f.jpg --> ftp.draftymanor.com /var/www/html/emma/062501 Mvc-208f.jpg
103.12.10 11:20 B C:\_stuff\web\dm\backup0312\emma\062501\Mvc-215f.jpg --> ftp.draftymanor.com /var/www/html/emma/062501 Mvc-215f.jpg
103.12.10 11:20 B C:\_stuff\web\dm\backup0312\emma\062501\Mvc-216f.jpg --> ftp.draftymanor.com /var/www/html/emma/062501 Mvc-216f.jpg
