103.12.09 10:03 B C:\_stuff\web\dm\backup0312\thuy\show022402\back.gif <-- jennifer /thuy/show022402 back.gif
103.12.09 10:03 B C:\_stuff\web\dm\backup0312\thuy\show022402\index.html <-- jennifer /thuy/show022402 index.html
103.12.09 10:03 B C:\_stuff\web\dm\backup0312\thuy\show022402\t01.jpg <-- jennifer /thuy/show022402 t01.jpg
103.12.09 10:03 B C:\_stuff\web\dm\backup0312\thuy\show022402\t04.jpg <-- jennifer /thuy/show022402 t04.jpg
103.12.09 10:03 B C:\_stuff\web\dm\backup0312\thuy\show022402\t05.jpg <-- jennifer /thuy/show022402 t05.jpg
103.12.09 10:03 B C:\_stuff\web\dm\backup0312\thuy\show022402\t06.jpg <-- jennifer /thuy/show022402 t06.jpg
103.12.09 10:03 B C:\_stuff\web\dm\backup0312\thuy\show022402\t07.jpg <-- jennifer /thuy/show022402 t07.jpg
103.12.09 10:03 B C:\_stuff\web\dm\backup0312\thuy\show022402\t08.jpg <-- jennifer /thuy/show022402 t08.jpg
103.12.09 10:03 B C:\_stuff\web\dm\backup0312\thuy\show022402\t09.jpg <-- jennifer /thuy/show022402 t09.jpg
103.12.09 10:03 B C:\_stuff\web\dm\backup0312\thuy\show022402\t10.jpg <-- jennifer /thuy/show022402 t10.jpg
103.12.10 11:10 B C:\_stuff\web\dm\backup0312\thuy\show022402\back.gif --> ftp.draftymanor.com /var/www/html/thuy/show022402 back.gif
103.12.10 11:10 B C:\_stuff\web\dm\backup0312\thuy\show022402\index.html --> ftp.draftymanor.com /var/www/html/thuy/show022402 index.html
103.12.10 11:10 B C:\_stuff\web\dm\backup0312\thuy\show022402\t01.jpg --> ftp.draftymanor.com /var/www/html/thuy/show022402 t01.jpg
103.12.10 11:10 B C:\_stuff\web\dm\backup0312\thuy\show022402\t04.jpg --> ftp.draftymanor.com /var/www/html/thuy/show022402 t04.jpg
103.12.10 11:10 B C:\_stuff\web\dm\backup0312\thuy\show022402\t05.jpg --> ftp.draftymanor.com /var/www/html/thuy/show022402 t05.jpg
103.12.10 11:11 B C:\_stuff\web\dm\backup0312\thuy\show022402\t06.jpg --> ftp.draftymanor.com /var/www/html/thuy/show022402 t06.jpg
103.12.10 11:11 B C:\_stuff\web\dm\backup0312\thuy\show022402\t07.jpg --> ftp.draftymanor.com /var/www/html/thuy/show022402 t07.jpg
103.12.10 11:11 B C:\_stuff\web\dm\backup0312\thuy\show022402\t08.jpg --> ftp.draftymanor.com /var/www/html/thuy/show022402 t08.jpg
103.12.10 11:11 B C:\_stuff\web\dm\backup0312\thuy\show022402\t09.jpg --> ftp.draftymanor.com /var/www/html/thuy/show022402 t09.jpg
103.12.10 11:11 B C:\_stuff\web\dm\backup0312\thuy\show022402\t10.jpg --> ftp.draftymanor.com /var/www/html/thuy/show022402 t10.jpg
