103.12.09 09:01 B C:\_stuff\web\dm\backup0312\adamir\Adamir-Lineage.gif <-- jennifer /adamir Adamir-Lineage.gif
103.12.09 09:01 B C:\_stuff\web\dm\backup0312\adamir\doublemane.jpg <-- jennifer /adamir doublemane.jpg
103.12.09 09:01 B C:\_stuff\web\dm\backup0312\adamir\eventing.jpg <-- jennifer /adamir eventing.jpg
103.12.09 09:01 B C:\_stuff\web\dm\backup0312\adamir\finaladamir.jpg <-- jennifer /adamir finaladamir.jpg
103.12.09 09:01 B C:\_stuff\web\dm\backup0312\adamir\hunting.jpg <-- jennifer /adamir hunting.jpg
103.12.09 09:01 B C:\_stuff\web\dm\backup0312\adamir\image51N.JPG <-- jennifer /adamir image51N.JPG
103.12.09 09:01 B C:\_stuff\web\dm\backup0312\adamir\index.html <-- jennifer /adamir index.html
103.12.09 09:01 B C:\_stuff\web\dm\backup0312\adamir\reg.jpg <-- jennifer /adamir reg.jpg
103.12.09 09:01 B C:\_stuff\web\dm\backup0312\adamir\stand01.jpg <-- jennifer /adamir stand01.jpg
103.12.09 09:01 B C:\_stuff\web\dm\backup0312\adamir\trio.JPG <-- jennifer /adamir trio.JPG
103.12.09 09:01 B C:\_stuff\web\dm\backup0312\adamir\water.jpg <-- jennifer /adamir water.jpg
103.12.09 09:01 B C:\_stuff\web\dm\backup0312\adamir\WB02207_.GIF <-- jennifer /adamir WB02207_.GIF
103.12.09 09:02 B C:\_stuff\web\dm\backup0312\adamir\wcat.jpg <-- jennifer /adamir wcat.jpg
103.12.10 10:23 B C:\_stuff\web\dm\backup0312\adamir\Adamir-Lineage.gif --> ftp.draftymanor.com /var/www/html/adamir Adamir-Lineage.gif
103.12.10 10:23 B C:\_stuff\web\dm\backup0312\adamir\doublemane.jpg --> ftp.draftymanor.com /var/www/html/adamir doublemane.jpg
103.12.10 10:23 B C:\_stuff\web\dm\backup0312\adamir\eventing.jpg --> ftp.draftymanor.com /var/www/html/adamir eventing.jpg
103.12.10 10:23 B C:\_stuff\web\dm\backup0312\adamir\finaladamir.jpg --> ftp.draftymanor.com /var/www/html/adamir finaladamir.jpg
103.12.10 10:23 B C:\_stuff\web\dm\backup0312\adamir\hunting.jpg --> ftp.draftymanor.com /var/www/html/adamir hunting.jpg
103.12.10 10:23 B C:\_stuff\web\dm\backup0312\adamir\image51N.JPG --> ftp.draftymanor.com /var/www/html/adamir image51N.JPG
103.12.10 10:23 B C:\_stuff\web\dm\backup0312\adamir\index.html --> ftp.draftymanor.com /var/www/html/adamir index.html
103.12.10 10:23 B C:\_stuff\web\dm\backup0312\adamir\reg.jpg --> ftp.draftymanor.com /var/www/html/adamir reg.jpg
103.12.10 10:23 B C:\_stuff\web\dm\backup0312\adamir\stand01.jpg --> ftp.draftymanor.com /var/www/html/adamir stand01.jpg
103.12.10 10:23 B C:\_stuff\web\dm\backup0312\adamir\trio.JPG --> ftp.draftymanor.com /var/www/html/adamir trio.JPG
103.12.10 10:23 B C:\_stuff\web\dm\backup0312\adamir\water.jpg --> ftp.draftymanor.com /var/www/html/adamir water.jpg
103.12.10 10:23 B C:\_stuff\web\dm\backup0312\adamir\WB02207_.GIF --> ftp.draftymanor.com /var/www/html/adamir WB02207_.GIF
103.12.10 10:23 B C:\_stuff\web\dm\backup0312\adamir\wcat.jpg --> ftp.draftymanor.com /var/www/html/adamir wcat.jpg
