103.12.09 10:04 B C:\_stuff\web\dm\backup0312\thuy\43sm.jpg <-- jennifer /thuy 43sm.jpg
103.12.09 10:04 B C:\_stuff\web\dm\backup0312\thuy\baby.jpg <-- jennifer /thuy baby.jpg
103.12.09 10:04 B C:\_stuff\web\dm\backup0312\thuy\back.gif <-- jennifer /thuy back.gif
103.12.09 10:04 B C:\_stuff\web\dm\backup0312\thuy\cc0202.jpg <-- jennifer /thuy cc0202.jpg
103.12.09 10:04 B C:\_stuff\web\dm\backup0312\thuy\cc1001.jpg <-- jennifer /thuy cc1001.jpg
103.12.09 10:04 B C:\_stuff\web\dm\backup0312\thuy\dress.jpg <-- jennifer /thuy dress.jpg
103.12.09 10:04 B C:\_stuff\web\dm\backup0312\thuy\dress0202.jpg <-- jennifer /thuy dress0202.jpg
103.12.09 10:04 B C:\_stuff\web\dm\backup0312\thuy\drive0301.jpg <-- jennifer /thuy drive0301.jpg
103.12.09 10:04 B C:\_stuff\web\dm\backup0312\thuy\hunt03sm.jpg <-- jennifer /thuy hunt03sm.jpg
103.12.09 10:04 B C:\_stuff\web\dm\backup0312\thuy\index.html <-- jennifer /thuy index.html
103.12.09 10:04 B C:\_stuff\web\dm\backup0312\thuy\ride2000.jpg <-- jennifer /thuy ride2000.jpg
103.12.09 10:04 B C:\_stuff\web\dm\backup0312\thuy\smhunt.jpg <-- jennifer /thuy smhunt.jpg
103.12.09 10:04 B C:\_stuff\web\dm\backup0312\thuy\smmodel.jpg <-- jennifer /thuy smmodel.jpg
103.12.09 10:04 B C:\_stuff\web\dm\backup0312\thuy\smside.jpg <-- jennifer /thuy smside.jpg
103.12.09 10:04 B C:\_stuff\web\dm\backup0312\thuy\smside2.jpg <-- jennifer /thuy smside2.jpg
103.12.09 10:04 B C:\_stuff\web\dm\backup0312\thuy\smss04.jpg <-- jennifer /thuy smss04.jpg
103.12.09 10:04 B C:\_stuff\web\dm\backup0312\thuy\smss05.jpg <-- jennifer /thuy smss05.jpg
103.12.09 10:04 B C:\_stuff\web\dm\backup0312\thuy\smss06.jpg <-- jennifer /thuy smss06.jpg
103.12.09 10:04 B C:\_stuff\web\dm\backup0312\thuy\smwater.jpg <-- jennifer /thuy smwater.jpg
103.12.09 10:04 B C:\_stuff\web\dm\backup0312\thuy\thuy-Lineage.gif <-- jennifer /thuy thuy-Lineage.gif
103.12.09 10:04 B C:\_stuff\web\dm\backup0312\thuy\thuy02.jpg <-- jennifer /thuy thuy02.jpg
103.12.09 10:04 B C:\_stuff\web\dm\backup0312\thuy\train01.jpg <-- jennifer /thuy train01.jpg
103.12.09 10:04 B C:\_stuff\web\dm\backup0312\thuy\train02.jpg <-- jennifer /thuy train02.jpg
103.12.10 11:11 B C:\_stuff\web\dm\backup0312\thuy\43sm.jpg --> ftp.draftymanor.com /var/www/html/thuy 43sm.jpg
103.12.10 11:11 B C:\_stuff\web\dm\backup0312\thuy\baby.jpg --> ftp.draftymanor.com /var/www/html/thuy baby.jpg
103.12.10 11:11 B C:\_stuff\web\dm\backup0312\thuy\back.gif --> ftp.draftymanor.com /var/www/html/thuy back.gif
103.12.10 11:11 B C:\_stuff\web\dm\backup0312\thuy\cc0202.jpg --> ftp.draftymanor.com /var/www/html/thuy cc0202.jpg
103.12.10 11:11 B C:\_stuff\web\dm\backup0312\thuy\cc1001.jpg --> ftp.draftymanor.com /var/www/html/thuy cc1001.jpg
103.12.10 11:11 B C:\_stuff\web\dm\backup0312\thuy\dress.jpg --> ftp.draftymanor.com /var/www/html/thuy dress.jpg
103.12.10 11:11 B C:\_stuff\web\dm\backup0312\thuy\dress0202.jpg --> ftp.draftymanor.com /var/www/html/thuy dress0202.jpg
103.12.10 11:11 B C:\_stuff\web\dm\backup0312\thuy\drive0301.jpg --> ftp.draftymanor.com /var/www/html/thuy drive0301.jpg
103.12.10 11:11 B C:\_stuff\web\dm\backup0312\thuy\hunt03sm.jpg --> ftp.draftymanor.com /var/www/html/thuy hunt03sm.jpg
103.12.10 11:11 B C:\_stuff\web\dm\backup0312\thuy\index.html --> ftp.draftymanor.com /var/www/html/thuy index.html
103.12.10 11:11 B C:\_stuff\web\dm\backup0312\thuy\ride2000.jpg --> ftp.draftymanor.com /var/www/html/thuy ride2000.jpg
103.12.10 11:11 B C:\_stuff\web\dm\backup0312\thuy\smhunt.jpg --> ftp.draftymanor.com /var/www/html/thuy smhunt.jpg
103.12.10 11:11 B C:\_stuff\web\dm\backup0312\thuy\smmodel.jpg --> ftp.draftymanor.com /var/www/html/thuy smmodel.jpg
103.12.10 11:11 B C:\_stuff\web\dm\backup0312\thuy\smside.jpg --> ftp.draftymanor.com /var/www/html/thuy smside.jpg
103.12.10 11:11 B C:\_stuff\web\dm\backup0312\thuy\smside2.jpg --> ftp.draftymanor.com /var/www/html/thuy smside2.jpg
103.12.10 11:11 B C:\_stuff\web\dm\backup0312\thuy\smss04.jpg --> ftp.draftymanor.com /var/www/html/thuy smss04.jpg
103.12.10 11:11 B C:\_stuff\web\dm\backup0312\thuy\smss05.jpg --> ftp.draftymanor.com /var/www/html/thuy smss05.jpg
103.12.10 11:11 B C:\_stuff\web\dm\backup0312\thuy\smss06.jpg --> ftp.draftymanor.com /var/www/html/thuy smss06.jpg
103.12.10 11:11 B C:\_stuff\web\dm\backup0312\thuy\smwater.jpg --> ftp.draftymanor.com /var/www/html/thuy smwater.jpg
103.12.10 11:11 B C:\_stuff\web\dm\backup0312\thuy\thuy-Lineage.gif --> ftp.draftymanor.com /var/www/html/thuy thuy-Lineage.gif
103.12.10 11:11 B C:\_stuff\web\dm\backup0312\thuy\thuy02.jpg --> ftp.draftymanor.com /var/www/html/thuy thuy02.jpg
103.12.10 11:11 B C:\_stuff\web\dm\backup0312\thuy\train01.jpg --> ftp.draftymanor.com /var/www/html/thuy train01.jpg
103.12.10 11:11 B C:\_stuff\web\dm\backup0312\thuy\train02.jpg --> ftp.draftymanor.com /var/www/html/thuy train02.jpg
