103.12.09 09:44 B C:\_stuff\web\dm\backup0312\emma\train050402\back.gif <-- jennifer /emma/train050402 back.gif
103.12.09 09:44 B C:\_stuff\web\dm\backup0312\emma\train050402\em01.jpg <-- jennifer /emma/train050402 em01.jpg
103.12.09 09:44 B C:\_stuff\web\dm\backup0312\emma\train050402\em02.jpg <-- jennifer /emma/train050402 em02.jpg
103.12.09 09:44 B C:\_stuff\web\dm\backup0312\emma\train050402\em03.jpg <-- jennifer /emma/train050402 em03.jpg
103.12.09 09:45 B C:\_stuff\web\dm\backup0312\emma\train050402\em04.jpg <-- jennifer /emma/train050402 em04.jpg
103.12.09 09:45 B C:\_stuff\web\dm\backup0312\emma\train050402\em05.jpg <-- jennifer /emma/train050402 em05.jpg
103.12.09 09:45 B C:\_stuff\web\dm\backup0312\emma\train050402\em06.jpg <-- jennifer /emma/train050402 em06.jpg
103.12.09 09:45 B C:\_stuff\web\dm\backup0312\emma\train050402\em07.jpg <-- jennifer /emma/train050402 em07.jpg
103.12.09 09:45 B C:\_stuff\web\dm\backup0312\emma\train050402\em08.jpg <-- jennifer /emma/train050402 em08.jpg
103.12.09 09:45 B C:\_stuff\web\dm\backup0312\emma\train050402\index.html <-- jennifer /emma/train050402 index.html
103.12.10 11:21 B C:\_stuff\web\dm\backup0312\emma\train050402\back.gif --> ftp.draftymanor.com /var/www/html/emma/train050402 back.gif
103.12.10 11:21 B C:\_stuff\web\dm\backup0312\emma\train050402\em01.jpg --> ftp.draftymanor.com /var/www/html/emma/train050402 em01.jpg
103.12.10 11:21 B C:\_stuff\web\dm\backup0312\emma\train050402\em02.jpg --> ftp.draftymanor.com /var/www/html/emma/train050402 em02.jpg
103.12.10 11:21 B C:\_stuff\web\dm\backup0312\emma\train050402\em03.jpg --> ftp.draftymanor.com /var/www/html/emma/train050402 em03.jpg
103.12.10 11:21 B C:\_stuff\web\dm\backup0312\emma\train050402\em04.jpg --> ftp.draftymanor.com /var/www/html/emma/train050402 em04.jpg
103.12.10 11:21 B C:\_stuff\web\dm\backup0312\emma\train050402\em05.jpg --> ftp.draftymanor.com /var/www/html/emma/train050402 em05.jpg
103.12.10 11:21 B C:\_stuff\web\dm\backup0312\emma\train050402\em06.jpg --> ftp.draftymanor.com /var/www/html/emma/train050402 em06.jpg
103.12.10 11:21 B C:\_stuff\web\dm\backup0312\emma\train050402\em07.jpg --> ftp.draftymanor.com /var/www/html/emma/train050402 em07.jpg
103.12.10 11:21 B C:\_stuff\web\dm\backup0312\emma\train050402\em08.jpg --> ftp.draftymanor.com /var/www/html/emma/train050402 em08.jpg
103.12.10 11:21 B C:\_stuff\web\dm\backup0312\emma\train050402\index.html --> ftp.draftymanor.com /var/www/html/emma/train050402 index.html
