103.12.09 09:46 B C:\_stuff\web\dm\backup0312\house\remodel\accident\0907a1.jpg <-- jennifer /house/remodel/accident 0907a1.jpg
103.12.09 09:47 B C:\_stuff\web\dm\backup0312\house\remodel\accident\0907b.jpg <-- jennifer /house/remodel/accident 0907b.jpg
103.12.09 09:47 B C:\_stuff\web\dm\backup0312\house\remodel\accident\0907d.jpg <-- jennifer /house/remodel/accident 0907d.jpg
103.12.09 09:47 B C:\_stuff\web\dm\backup0312\house\remodel\accident\0907e.jpg <-- jennifer /house/remodel/accident 0907e.jpg
103.12.09 09:47 B C:\_stuff\web\dm\backup0312\house\remodel\accident\0907f.jpg <-- jennifer /house/remodel/accident 0907f.jpg
103.12.09 09:47 B C:\_stuff\web\dm\backup0312\house\remodel\accident\0907g.jpg <-- jennifer /house/remodel/accident 0907g.jpg
103.12.09 09:47 B C:\_stuff\web\dm\backup0312\house\remodel\accident\0907h.jpg <-- jennifer /house/remodel/accident 0907h.jpg
103.12.09 09:47 B C:\_stuff\web\dm\backup0312\house\remodel\accident\0907i.jpg <-- jennifer /house/remodel/accident 0907i.jpg
103.12.09 09:47 B C:\_stuff\web\dm\backup0312\house\remodel\accident\0907j.jpg <-- jennifer /house/remodel/accident 0907j.jpg
103.12.09 09:47 B C:\_stuff\web\dm\backup0312\house\remodel\accident\index.html <-- jennifer /house/remodel/accident index.html
103.12.10 11:22 B C:\_stuff\web\dm\backup0312\house\remodel\accident\0907a1.jpg --> ftp.draftymanor.com /var/www/html/house/remodel/accident 0907a1.jpg
103.12.10 11:22 B C:\_stuff\web\dm\backup0312\house\remodel\accident\0907b.jpg --> ftp.draftymanor.com /var/www/html/house/remodel/accident 0907b.jpg
103.12.10 11:22 B C:\_stuff\web\dm\backup0312\house\remodel\accident\0907d.jpg --> ftp.draftymanor.com /var/www/html/house/remodel/accident 0907d.jpg
103.12.10 11:22 B C:\_stuff\web\dm\backup0312\house\remodel\accident\0907e.jpg --> ftp.draftymanor.com /var/www/html/house/remodel/accident 0907e.jpg
103.12.10 11:22 B C:\_stuff\web\dm\backup0312\house\remodel\accident\0907f.jpg --> ftp.draftymanor.com /var/www/html/house/remodel/accident 0907f.jpg
103.12.10 11:22 B C:\_stuff\web\dm\backup0312\house\remodel\accident\0907g.jpg --> ftp.draftymanor.com /var/www/html/house/remodel/accident 0907g.jpg
103.12.10 11:22 B C:\_stuff\web\dm\backup0312\house\remodel\accident\0907h.jpg --> ftp.draftymanor.com /var/www/html/house/remodel/accident 0907h.jpg
103.12.10 11:22 B C:\_stuff\web\dm\backup0312\house\remodel\accident\0907i.jpg --> ftp.draftymanor.com /var/www/html/house/remodel/accident 0907i.jpg
103.12.10 11:22 B C:\_stuff\web\dm\backup0312\house\remodel\accident\0907j.jpg --> ftp.draftymanor.com /var/www/html/house/remodel/accident 0907j.jpg
103.12.10 11:22 B C:\_stuff\web\dm\backup0312\house\remodel\accident\index.html --> ftp.draftymanor.com /var/www/html/house/remodel/accident index.html
