99.07.06 13:34 B H:\poland\students\magda\back.gif <-- flashnet /www/poland/students/magda back.gif
99.07.06 13:34 B H:\poland\students\magda\img0.gif <-- flashnet /www/poland/students/magda img0.gif
99.07.06 13:34 B H:\poland\students\magda\img1.gif <-- flashnet /www/poland/students/magda img1.gif
99.07.06 13:34 B H:\poland\students\magda\img2.gif <-- flashnet /www/poland/students/magda img2.gif
99.07.06 13:34 B H:\poland\students\magda\img3.gif <-- flashnet /www/poland/students/magda img3.gif
99.07.06 13:34 B H:\poland\students\magda\img4.gif <-- flashnet /www/poland/students/magda img4.gif
99.07.06 13:35 B H:\poland\students\magda\img5.gif <-- flashnet /www/poland/students/magda img5.gif
99.07.06 13:35 B H:\poland\students\magda\img6.gif <-- flashnet /www/poland/students/magda img6.gif
99.07.06 13:35 B H:\poland\students\magda\img7.gif <-- flashnet /www/poland/students/magda img7.gif
99.07.06 13:35 B H:\poland\students\magda\index.html <-- flashnet /www/poland/students/magda index.html
100.10.23 21:35 B I:\www\poland\students\magda\back.gif --> draftymanor.com /poland/students/magda back.gif
100.10.23 21:35 B I:\www\poland\students\magda\img0.gif --> draftymanor.com /poland/students/magda img0.gif
100.10.23 21:35 B I:\www\poland\students\magda\img1.gif --> draftymanor.com /poland/students/magda img1.gif
100.10.23 21:35 B I:\www\poland\students\magda\img2.gif --> draftymanor.com /poland/students/magda img2.gif
100.10.23 21:35 B I:\www\poland\students\magda\img3.gif --> draftymanor.com /poland/students/magda img3.gif
100.10.23 21:36 B I:\www\poland\students\magda\img4.gif --> draftymanor.com /poland/students/magda img4.gif
100.10.23 21:36 B I:\www\poland\students\magda\img5.gif --> draftymanor.com /poland/students/magda img5.gif
100.10.23 21:36 B I:\www\poland\students\magda\img6.gif --> draftymanor.com /poland/students/magda img6.gif
100.10.23 21:36 B I:\www\poland\students\magda\img7.gif --> draftymanor.com /poland/students/magda img7.gif
100.10.23 21:36 B I:\www\poland\students\magda\index.html --> draftymanor.com /poland/students/magda index.html
103.12.09 09:56 B C:\_stuff\web\dm\backup0312\poland\students\magda\WS_FTP.LOG <-- jennifer /poland/students/magda WS_FTP.LOG
103.12.10 11:04 B C:\_stuff\web\dm\backup0312\poland\students\magda\back.gif --> ftp.draftymanor.com /var/www/html/poland/students/magda back.gif
103.12.10 11:04 B C:\_stuff\web\dm\backup0312\poland\students\magda\img0.gif --> ftp.draftymanor.com /var/www/html/poland/students/magda img0.gif
103.12.10 11:04 B C:\_stuff\web\dm\backup0312\poland\students\magda\img1.gif --> ftp.draftymanor.com /var/www/html/poland/students/magda img1.gif
103.12.10 11:04 B C:\_stuff\web\dm\backup0312\poland\students\magda\img2.gif --> ftp.draftymanor.com /var/www/html/poland/students/magda img2.gif
103.12.10 11:04 B C:\_stuff\web\dm\backup0312\poland\students\magda\img3.gif --> ftp.draftymanor.com /var/www/html/poland/students/magda img3.gif
103.12.10 11:04 B C:\_stuff\web\dm\backup0312\poland\students\magda\img4.gif --> ftp.draftymanor.com /var/www/html/poland/students/magda img4.gif
103.12.10 11:04 B C:\_stuff\web\dm\backup0312\poland\students\magda\img5.gif --> ftp.draftymanor.com /var/www/html/poland/students/magda img5.gif
103.12.10 11:04 B C:\_stuff\web\dm\backup0312\poland\students\magda\img6.gif --> ftp.draftymanor.com /var/www/html/poland/students/magda img6.gif
103.12.10 11:04 B C:\_stuff\web\dm\backup0312\poland\students\magda\img7.gif --> ftp.draftymanor.com /var/www/html/poland/students/magda img7.gif
103.12.10 11:04 B C:\_stuff\web\dm\backup0312\poland\students\magda\index.html --> ftp.draftymanor.com /var/www/html/poland/students/magda index.html
