103.12.09 10:03 B C:\_stuff\web\dm\backup0312\thuy\ss030416\back.gif <-- jennifer /thuy/ss030416 back.gif
103.12.09 10:03 B C:\_stuff\web\dm\backup0312\thuy\ss030416\index.html <-- jennifer /thuy/ss030416 index.html
103.12.09 10:03 B C:\_stuff\web\dm\backup0312\thuy\ss030416\t01.jpg <-- jennifer /thuy/ss030416 t01.jpg
103.12.09 10:03 B C:\_stuff\web\dm\backup0312\thuy\ss030416\t02.jpg <-- jennifer /thuy/ss030416 t02.jpg
103.12.09 10:03 B C:\_stuff\web\dm\backup0312\thuy\ss030416\t04.jpg <-- jennifer /thuy/ss030416 t04.jpg
103.12.09 10:03 B C:\_stuff\web\dm\backup0312\thuy\ss030416\t05.jpg <-- jennifer /thuy/ss030416 t05.jpg
103.12.09 10:03 B C:\_stuff\web\dm\backup0312\thuy\ss030416\t06.jpg <-- jennifer /thuy/ss030416 t06.jpg
103.12.09 10:03 B C:\_stuff\web\dm\backup0312\thuy\ss030416\t07.jpg <-- jennifer /thuy/ss030416 t07.jpg
103.12.09 10:03 B C:\_stuff\web\dm\backup0312\thuy\ss030416\t10.jpg <-- jennifer /thuy/ss030416 t10.jpg
103.12.09 10:03 B C:\_stuff\web\dm\backup0312\thuy\ss030416\t13.jpg <-- jennifer /thuy/ss030416 t13.jpg
103.12.09 10:03 B C:\_stuff\web\dm\backup0312\thuy\ss030416\t14.jpg <-- jennifer /thuy/ss030416 t14.jpg
103.12.09 10:03 B C:\_stuff\web\dm\backup0312\thuy\ss030416\t15.jpg <-- jennifer /thuy/ss030416 t15.jpg
103.12.09 10:03 B C:\_stuff\web\dm\backup0312\thuy\ss030416\t16.jpg <-- jennifer /thuy/ss030416 t16.jpg
103.12.09 10:03 B C:\_stuff\web\dm\backup0312\thuy\ss030416\t17.jpg <-- jennifer /thuy/ss030416 t17.jpg
103.12.10 11:11 B C:\_stuff\web\dm\backup0312\thuy\ss030416\back.gif --> ftp.draftymanor.com /var/www/html/thuy/ss030416 back.gif
103.12.10 11:11 B C:\_stuff\web\dm\backup0312\thuy\ss030416\index.html --> ftp.draftymanor.com /var/www/html/thuy/ss030416 index.html
103.12.10 11:11 B C:\_stuff\web\dm\backup0312\thuy\ss030416\t01.jpg --> ftp.draftymanor.com /var/www/html/thuy/ss030416 t01.jpg
103.12.10 11:11 B C:\_stuff\web\dm\backup0312\thuy\ss030416\t02.jpg --> ftp.draftymanor.com /var/www/html/thuy/ss030416 t02.jpg
103.12.10 11:11 B C:\_stuff\web\dm\backup0312\thuy\ss030416\t04.jpg --> ftp.draftymanor.com /var/www/html/thuy/ss030416 t04.jpg
103.12.10 11:11 B C:\_stuff\web\dm\backup0312\thuy\ss030416\t05.jpg --> ftp.draftymanor.com /var/www/html/thuy/ss030416 t05.jpg
103.12.10 11:11 B C:\_stuff\web\dm\backup0312\thuy\ss030416\t06.jpg --> ftp.draftymanor.com /var/www/html/thuy/ss030416 t06.jpg
103.12.10 11:11 B C:\_stuff\web\dm\backup0312\thuy\ss030416\t07.jpg --> ftp.draftymanor.com /var/www/html/thuy/ss030416 t07.jpg
103.12.10 11:11 B C:\_stuff\web\dm\backup0312\thuy\ss030416\t10.jpg --> ftp.draftymanor.com /var/www/html/thuy/ss030416 t10.jpg
103.12.10 11:11 B C:\_stuff\web\dm\backup0312\thuy\ss030416\t13.jpg --> ftp.draftymanor.com /var/www/html/thuy/ss030416 t13.jpg
103.12.10 11:11 B C:\_stuff\web\dm\backup0312\thuy\ss030416\t14.jpg --> ftp.draftymanor.com /var/www/html/thuy/ss030416 t14.jpg
103.12.10 11:11 B C:\_stuff\web\dm\backup0312\thuy\ss030416\t15.jpg --> ftp.draftymanor.com /var/www/html/thuy/ss030416 t15.jpg
103.12.10 11:11 B C:\_stuff\web\dm\backup0312\thuy\ss030416\t16.jpg --> ftp.draftymanor.com /var/www/html/thuy/ss030416 t16.jpg
103.12.10 11:11 B C:\_stuff\web\dm\backup0312\thuy\ss030416\t17.jpg --> ftp.draftymanor.com /var/www/html/thuy/ss030416 t17.jpg
