103.12.09 09:44 B C:\_stuff\web\dm\backup0312\emma\lunging052001\back.gif <-- jennifer /emma/lunging052001 back.gif
103.12.09 09:44 B C:\_stuff\web\dm\backup0312\emma\lunging052001\emma01.jpg <-- jennifer /emma/lunging052001 emma01.jpg
103.12.09 09:44 B C:\_stuff\web\dm\backup0312\emma\lunging052001\emma02.jpg <-- jennifer /emma/lunging052001 emma02.jpg
103.12.09 09:44 B C:\_stuff\web\dm\backup0312\emma\lunging052001\emma03.jpg <-- jennifer /emma/lunging052001 emma03.jpg
103.12.09 09:44 B C:\_stuff\web\dm\backup0312\emma\lunging052001\emma04.jpg <-- jennifer /emma/lunging052001 emma04.jpg
103.12.09 09:44 B C:\_stuff\web\dm\backup0312\emma\lunging052001\emma05.jpg <-- jennifer /emma/lunging052001 emma05.jpg
103.12.09 09:44 B C:\_stuff\web\dm\backup0312\emma\lunging052001\emma06.jpg <-- jennifer /emma/lunging052001 emma06.jpg
103.12.09 09:44 B C:\_stuff\web\dm\backup0312\emma\lunging052001\emma07.jpg <-- jennifer /emma/lunging052001 emma07.jpg
103.12.09 09:44 B C:\_stuff\web\dm\backup0312\emma\lunging052001\emma08.jpg <-- jennifer /emma/lunging052001 emma08.jpg
103.12.09 09:44 B C:\_stuff\web\dm\backup0312\emma\lunging052001\index.html <-- jennifer /emma/lunging052001 index.html
103.12.10 11:20 B C:\_stuff\web\dm\backup0312\emma\lunging052001\back.gif --> ftp.draftymanor.com /var/www/html/emma/lunging052001 back.gif
103.12.10 11:20 B C:\_stuff\web\dm\backup0312\emma\lunging052001\emma01.jpg --> ftp.draftymanor.com /var/www/html/emma/lunging052001 emma01.jpg
103.12.10 11:20 B C:\_stuff\web\dm\backup0312\emma\lunging052001\emma02.jpg --> ftp.draftymanor.com /var/www/html/emma/lunging052001 emma02.jpg
103.12.10 11:21 B C:\_stuff\web\dm\backup0312\emma\lunging052001\emma03.jpg --> ftp.draftymanor.com /var/www/html/emma/lunging052001 emma03.jpg
103.12.10 11:21 B C:\_stuff\web\dm\backup0312\emma\lunging052001\emma04.jpg --> ftp.draftymanor.com /var/www/html/emma/lunging052001 emma04.jpg
103.12.10 11:21 B C:\_stuff\web\dm\backup0312\emma\lunging052001\emma05.jpg --> ftp.draftymanor.com /var/www/html/emma/lunging052001 emma05.jpg
103.12.10 11:21 B C:\_stuff\web\dm\backup0312\emma\lunging052001\emma06.jpg --> ftp.draftymanor.com /var/www/html/emma/lunging052001 emma06.jpg
103.12.10 11:21 B C:\_stuff\web\dm\backup0312\emma\lunging052001\emma07.jpg --> ftp.draftymanor.com /var/www/html/emma/lunging052001 emma07.jpg
103.12.10 11:21 B C:\_stuff\web\dm\backup0312\emma\lunging052001\emma08.jpg --> ftp.draftymanor.com /var/www/html/emma/lunging052001 emma08.jpg
103.12.10 11:21 B C:\_stuff\web\dm\backup0312\emma\lunging052001\index.html --> ftp.draftymanor.com /var/www/html/emma/lunging052001 index.html
