103.12.09 09:26 B C:\_stuff\web\dm\backup0312\bob\cc031012\02.jpg <-- jennifer /bob/cc031012 02.jpg
103.12.09 09:26 B C:\_stuff\web\dm\backup0312\bob\cc031012\03.jpg <-- jennifer /bob/cc031012 03.jpg
103.12.09 09:26 B C:\_stuff\web\dm\backup0312\bob\cc031012\04.jpg <-- jennifer /bob/cc031012 04.jpg
103.12.09 09:26 B C:\_stuff\web\dm\backup0312\bob\cc031012\05.jpg <-- jennifer /bob/cc031012 05.jpg
103.12.09 09:26 B C:\_stuff\web\dm\backup0312\bob\cc031012\06.jpg <-- jennifer /bob/cc031012 06.jpg
103.12.09 09:26 B C:\_stuff\web\dm\backup0312\bob\cc031012\07.jpg <-- jennifer /bob/cc031012 07.jpg
103.12.09 09:26 B C:\_stuff\web\dm\backup0312\bob\cc031012\b01.jpg <-- jennifer /bob/cc031012 b01.jpg
103.12.09 09:26 B C:\_stuff\web\dm\backup0312\bob\cc031012\b02.jpg <-- jennifer /bob/cc031012 b02.jpg
103.12.09 09:26 B C:\_stuff\web\dm\backup0312\bob\cc031012\b03.jpg <-- jennifer /bob/cc031012 b03.jpg
103.12.09 09:26 B C:\_stuff\web\dm\backup0312\bob\cc031012\b04.jpg <-- jennifer /bob/cc031012 b04.jpg
103.12.09 09:26 B C:\_stuff\web\dm\backup0312\bob\cc031012\b05.jpg <-- jennifer /bob/cc031012 b05.jpg
103.12.09 09:26 B C:\_stuff\web\dm\backup0312\bob\cc031012\b06.jpg <-- jennifer /bob/cc031012 b06.jpg
103.12.09 09:26 B C:\_stuff\web\dm\backup0312\bob\cc031012\b07.jpg <-- jennifer /bob/cc031012 b07.jpg
103.12.09 09:26 B C:\_stuff\web\dm\backup0312\bob\cc031012\b09.jpg <-- jennifer /bob/cc031012 b09.jpg
103.12.09 09:26 B C:\_stuff\web\dm\backup0312\bob\cc031012\back.gif <-- jennifer /bob/cc031012 back.gif
103.12.09 09:26 B C:\_stuff\web\dm\backup0312\bob\cc031012\index.html <-- jennifer /bob/cc031012 index.html
103.12.10 10:52 B C:\_stuff\web\dm\backup0312\bob\cc031012\02.jpg --> ftp.draftymanor.com /var/www/html/bob/cc031012 02.jpg
103.12.10 10:52 B C:\_stuff\web\dm\backup0312\bob\cc031012\03.jpg --> ftp.draftymanor.com /var/www/html/bob/cc031012 03.jpg
103.12.10 10:52 B C:\_stuff\web\dm\backup0312\bob\cc031012\04.jpg --> ftp.draftymanor.com /var/www/html/bob/cc031012 04.jpg
103.12.10 10:52 B C:\_stuff\web\dm\backup0312\bob\cc031012\05.jpg --> ftp.draftymanor.com /var/www/html/bob/cc031012 05.jpg
103.12.10 10:52 B C:\_stuff\web\dm\backup0312\bob\cc031012\06.jpg --> ftp.draftymanor.com /var/www/html/bob/cc031012 06.jpg
103.12.10 10:52 B C:\_stuff\web\dm\backup0312\bob\cc031012\07.jpg --> ftp.draftymanor.com /var/www/html/bob/cc031012 07.jpg
103.12.10 10:52 B C:\_stuff\web\dm\backup0312\bob\cc031012\b01.jpg --> ftp.draftymanor.com /var/www/html/bob/cc031012 b01.jpg
103.12.10 10:52 B C:\_stuff\web\dm\backup0312\bob\cc031012\b02.jpg --> ftp.draftymanor.com /var/www/html/bob/cc031012 b02.jpg
103.12.10 10:52 B C:\_stuff\web\dm\backup0312\bob\cc031012\b03.jpg --> ftp.draftymanor.com /var/www/html/bob/cc031012 b03.jpg
103.12.10 10:52 B C:\_stuff\web\dm\backup0312\bob\cc031012\b04.jpg --> ftp.draftymanor.com /var/www/html/bob/cc031012 b04.jpg
103.12.10 10:52 B C:\_stuff\web\dm\backup0312\bob\cc031012\b05.jpg --> ftp.draftymanor.com /var/www/html/bob/cc031012 b05.jpg
103.12.10 10:52 B C:\_stuff\web\dm\backup0312\bob\cc031012\b06.jpg --> ftp.draftymanor.com /var/www/html/bob/cc031012 b06.jpg
103.12.10 10:52 B C:\_stuff\web\dm\backup0312\bob\cc031012\b07.jpg --> ftp.draftymanor.com /var/www/html/bob/cc031012 b07.jpg
103.12.10 10:52 B C:\_stuff\web\dm\backup0312\bob\cc031012\b09.jpg --> ftp.draftymanor.com /var/www/html/bob/cc031012 b09.jpg
103.12.10 10:52 B C:\_stuff\web\dm\backup0312\bob\cc031012\back.gif --> ftp.draftymanor.com /var/www/html/bob/cc031012 back.gif
103.12.10 10:52 B C:\_stuff\web\dm\backup0312\bob\cc031012\index.html --> ftp.draftymanor.com /var/www/html/bob/cc031012 index.html
