103.12.09 09:59 B C:\_stuff\web\dm\backup0312\thuy\031129\01.jpg <-- jennifer /thuy/031129 01.jpg
103.12.09 09:59 B C:\_stuff\web\dm\backup0312\thuy\031129\02.jpg <-- jennifer /thuy/031129 02.jpg
103.12.09 09:59 B C:\_stuff\web\dm\backup0312\thuy\031129\09.jpg <-- jennifer /thuy/031129 09.jpg
103.12.09 09:59 B C:\_stuff\web\dm\backup0312\thuy\031129\10.jpg <-- jennifer /thuy/031129 10.jpg
103.12.09 09:59 B C:\_stuff\web\dm\backup0312\thuy\031129\100.jpg <-- jennifer /thuy/031129 100.jpg
103.12.09 09:59 B C:\_stuff\web\dm\backup0312\thuy\031129\18.jpg <-- jennifer /thuy/031129 18.jpg
103.12.09 09:59 B C:\_stuff\web\dm\backup0312\thuy\031129\23.jpg <-- jennifer /thuy/031129 23.jpg
103.12.09 09:59 B C:\_stuff\web\dm\backup0312\thuy\031129\29.jpg <-- jennifer /thuy/031129 29.jpg
103.12.09 09:59 B C:\_stuff\web\dm\backup0312\thuy\031129\33.jpg <-- jennifer /thuy/031129 33.jpg
103.12.09 09:59 B C:\_stuff\web\dm\backup0312\thuy\031129\34.jpg <-- jennifer /thuy/031129 34.jpg
103.12.09 09:59 B C:\_stuff\web\dm\backup0312\thuy\031129\37.jpg <-- jennifer /thuy/031129 37.jpg
103.12.09 09:59 B C:\_stuff\web\dm\backup0312\thuy\031129\38.jpg <-- jennifer /thuy/031129 38.jpg
103.12.09 10:01 B C:\_stuff\web\dm\backup0312\thuy\031129\41.jpg <-- jennifer /thuy/031129 41.jpg
103.12.09 10:01 B C:\_stuff\web\dm\backup0312\thuy\031129\back.gif <-- jennifer /thuy/031129 back.gif
103.12.09 10:01 B C:\_stuff\web\dm\backup0312\thuy\031129\index.html <-- jennifer /thuy/031129 index.html
103.12.10 11:09 B C:\_stuff\web\dm\backup0312\thuy\031129\01.jpg --> ftp.draftymanor.com /var/www/html/thuy/031129 01.jpg
103.12.10 11:09 B C:\_stuff\web\dm\backup0312\thuy\031129\02.jpg --> ftp.draftymanor.com /var/www/html/thuy/031129 02.jpg
103.12.10 11:09 B C:\_stuff\web\dm\backup0312\thuy\031129\09.jpg --> ftp.draftymanor.com /var/www/html/thuy/031129 09.jpg
103.12.10 11:09 B C:\_stuff\web\dm\backup0312\thuy\031129\10.jpg --> ftp.draftymanor.com /var/www/html/thuy/031129 10.jpg
103.12.10 11:09 B C:\_stuff\web\dm\backup0312\thuy\031129\100.jpg --> ftp.draftymanor.com /var/www/html/thuy/031129 100.jpg
103.12.10 11:09 B C:\_stuff\web\dm\backup0312\thuy\031129\18.jpg --> ftp.draftymanor.com /var/www/html/thuy/031129 18.jpg
103.12.10 11:09 B C:\_stuff\web\dm\backup0312\thuy\031129\23.jpg --> ftp.draftymanor.com /var/www/html/thuy/031129 23.jpg
103.12.10 11:09 B C:\_stuff\web\dm\backup0312\thuy\031129\29.jpg --> ftp.draftymanor.com /var/www/html/thuy/031129 29.jpg
103.12.10 11:09 B C:\_stuff\web\dm\backup0312\thuy\031129\33.jpg --> ftp.draftymanor.com /var/www/html/thuy/031129 33.jpg
103.12.10 11:09 B C:\_stuff\web\dm\backup0312\thuy\031129\34.jpg --> ftp.draftymanor.com /var/www/html/thuy/031129 34.jpg
103.12.10 11:09 B C:\_stuff\web\dm\backup0312\thuy\031129\37.jpg --> ftp.draftymanor.com /var/www/html/thuy/031129 37.jpg
103.12.10 11:09 B C:\_stuff\web\dm\backup0312\thuy\031129\38.jpg --> ftp.draftymanor.com /var/www/html/thuy/031129 38.jpg
103.12.10 11:09 B C:\_stuff\web\dm\backup0312\thuy\031129\41.jpg --> ftp.draftymanor.com /var/www/html/thuy/031129 41.jpg
103.12.10 11:09 B C:\_stuff\web\dm\backup0312\thuy\031129\back.gif --> ftp.draftymanor.com /var/www/html/thuy/031129 back.gif
103.12.10 11:09 B C:\_stuff\web\dm\backup0312\thuy\031129\index.html --> ftp.draftymanor.com /var/www/html/thuy/031129 index.html
