100.09.28 20:01 B C:\www\poland\lastpg\back.gif <-- flashnet /www/poland/lastpg back.gif
100.09.28 20:01 B C:\www\poland\lastpg\img0.gif <-- flashnet /www/poland/lastpg img0.gif
100.09.28 20:02 B C:\www\poland\lastpg\img1.gif <-- flashnet /www/poland/lastpg img1.gif
100.09.28 20:02 B C:\www\poland\lastpg\img2.gif <-- flashnet /www/poland/lastpg img2.gif
100.09.28 20:04 B C:\www\poland\lastpg\img3.gif <-- flashnet /www/poland/lastpg img3.gif
100.09.28 20:06 B C:\www\poland\lastpg\img3.gif <-- flashnet /www/poland/lastpg img3.gif
100.09.28 20:06 B C:\www\poland\lastpg\img4.gif <-- flashnet /www/poland/lastpg img4.gif
100.09.28 20:07 B C:\www\poland\lastpg\img5.gif <-- flashnet /www/poland/lastpg img5.gif
100.09.28 20:07 B C:\www\poland\lastpg\img6.gif <-- flashnet /www/poland/lastpg img6.gif
100.09.28 20:07 B C:\www\poland\lastpg\img7.gif <-- flashnet /www/poland/lastpg img7.gif
100.09.28 20:07 B C:\www\poland\lastpg\index.html <-- flashnet /www/poland/lastpg index.html
100.10.23 20:51 B I:\www\poland\lastpg\back.gif --> draftymanor.com /poland/lastpg back.gif
100.10.23 20:51 B I:\www\poland\lastpg\img0.gif --> draftymanor.com /poland/lastpg img0.gif
100.10.23 20:51 B I:\www\poland\lastpg\img1.gif --> draftymanor.com /poland/lastpg img1.gif
100.10.23 20:52 B I:\www\poland\lastpg\img2.gif --> draftymanor.com /poland/lastpg img2.gif
100.10.23 20:52 B I:\www\poland\lastpg\img3.gif --> draftymanor.com /poland/lastpg img3.gif
100.10.23 20:52 B I:\www\poland\lastpg\img4.gif --> draftymanor.com /poland/lastpg img4.gif
100.10.23 20:52 B I:\www\poland\lastpg\img5.gif --> draftymanor.com /poland/lastpg img5.gif
100.10.23 20:53 B I:\www\poland\lastpg\img6.gif --> draftymanor.com /poland/lastpg img6.gif
100.10.23 20:53 B I:\www\poland\lastpg\img7.gif --> draftymanor.com /poland/lastpg img7.gif
100.10.23 20:53 B I:\www\poland\lastpg\index.html --> draftymanor.com /poland/lastpg index.html
103.12.09 09:55 B C:\_stuff\web\dm\backup0312\poland\lastpg\WS_FTP.LOG <-- jennifer /poland/lastpg WS_FTP.LOG
103.12.10 11:00 B C:\_stuff\web\dm\backup0312\poland\lastpg\back.gif --> ftp.draftymanor.com /var/www/html/poland/lastpg back.gif
103.12.10 11:00 B C:\_stuff\web\dm\backup0312\poland\lastpg\img0.gif --> ftp.draftymanor.com /var/www/html/poland/lastpg img0.gif
103.12.10 11:00 B C:\_stuff\web\dm\backup0312\poland\lastpg\img1.gif --> ftp.draftymanor.com /var/www/html/poland/lastpg img1.gif
103.12.10 11:00 B C:\_stuff\web\dm\backup0312\poland\lastpg\img2.gif --> ftp.draftymanor.com /var/www/html/poland/lastpg img2.gif
103.12.10 11:00 B C:\_stuff\web\dm\backup0312\poland\lastpg\img3.gif --> ftp.draftymanor.com /var/www/html/poland/lastpg img3.gif
103.12.10 11:01 B C:\_stuff\web\dm\backup0312\poland\lastpg\img4.gif --> ftp.draftymanor.com /var/www/html/poland/lastpg img4.gif
103.12.10 11:01 B C:\_stuff\web\dm\backup0312\poland\lastpg\img5.gif --> ftp.draftymanor.com /var/www/html/poland/lastpg img5.gif
103.12.10 11:01 B C:\_stuff\web\dm\backup0312\poland\lastpg\img6.gif --> ftp.draftymanor.com /var/www/html/poland/lastpg img6.gif
103.12.10 11:01 B C:\_stuff\web\dm\backup0312\poland\lastpg\img7.gif --> ftp.draftymanor.com /var/www/html/poland/lastpg img7.gif
103.12.10 11:01 B C:\_stuff\web\dm\backup0312\poland\lastpg\index.html --> ftp.draftymanor.com /var/www/html/poland/lastpg index.html
