103.12.09 09:02 B C:\_stuff\web\dm\backup0312\adamirold\Adamir-Lineage.gif <-- jennifer /adamirold Adamir-Lineage.gif
103.12.09 09:02 B C:\_stuff\web\dm\backup0312\adamirold\doublemane.jpg <-- jennifer /adamirold doublemane.jpg
103.12.09 09:02 B C:\_stuff\web\dm\backup0312\adamirold\eventing.jpg <-- jennifer /adamirold eventing.jpg
103.12.09 09:02 B C:\_stuff\web\dm\backup0312\adamirold\finaladamir.jpg <-- jennifer /adamirold finaladamir.jpg
103.12.09 09:02 B C:\_stuff\web\dm\backup0312\adamirold\hunting.jpg <-- jennifer /adamirold hunting.jpg
103.12.09 09:02 B C:\_stuff\web\dm\backup0312\adamirold\index.html <-- jennifer /adamirold index.html
103.12.09 09:02 B C:\_stuff\web\dm\backup0312\adamirold\reg.jpg <-- jennifer /adamirold reg.jpg
103.12.09 09:02 B C:\_stuff\web\dm\backup0312\adamirold\stand01.jpg <-- jennifer /adamirold stand01.jpg
103.12.09 09:02 B C:\_stuff\web\dm\backup0312\adamirold\trio.JPG <-- jennifer /adamirold trio.JPG
103.12.09 09:02 B C:\_stuff\web\dm\backup0312\adamirold\water.jpg <-- jennifer /adamirold water.jpg
103.12.09 09:02 B C:\_stuff\web\dm\backup0312\adamirold\wcat.jpg <-- jennifer /adamirold wcat.jpg
103.12.10 10:23 B C:\_stuff\web\dm\backup0312\adamirold\Adamir-Lineage.gif --> ftp.draftymanor.com /var/www/html/adamirold Adamir-Lineage.gif
103.12.10 10:23 B C:\_stuff\web\dm\backup0312\adamirold\doublemane.jpg --> ftp.draftymanor.com /var/www/html/adamirold doublemane.jpg
103.12.10 10:23 B C:\_stuff\web\dm\backup0312\adamirold\eventing.jpg --> ftp.draftymanor.com /var/www/html/adamirold eventing.jpg
103.12.10 10:23 B C:\_stuff\web\dm\backup0312\adamirold\finaladamir.jpg --> ftp.draftymanor.com /var/www/html/adamirold finaladamir.jpg
103.12.10 10:23 B C:\_stuff\web\dm\backup0312\adamirold\hunting.jpg --> ftp.draftymanor.com /var/www/html/adamirold hunting.jpg
103.12.10 10:23 B C:\_stuff\web\dm\backup0312\adamirold\index.html --> ftp.draftymanor.com /var/www/html/adamirold index.html
103.12.10 10:23 B C:\_stuff\web\dm\backup0312\adamirold\reg.jpg --> ftp.draftymanor.com /var/www/html/adamirold reg.jpg
103.12.10 10:24 B C:\_stuff\web\dm\backup0312\adamirold\stand01.jpg --> ftp.draftymanor.com /var/www/html/adamirold stand01.jpg
103.12.10 10:24 B C:\_stuff\web\dm\backup0312\adamirold\trio.JPG --> ftp.draftymanor.com /var/www/html/adamirold trio.JPG
103.12.10 10:24 B C:\_stuff\web\dm\backup0312\adamirold\water.jpg --> ftp.draftymanor.com /var/www/html/adamirold water.jpg
103.12.10 10:24 B C:\_stuff\web\dm\backup0312\adamirold\wcat.jpg --> ftp.draftymanor.com /var/www/html/adamirold wcat.jpg
