103.12.09 09:53 B C:\_stuff\web\dm\backup0312\miaren\031207\back.gif <-- jennifer /miaren/031207 back.gif
103.12.09 09:53 B C:\_stuff\web\dm\backup0312\miaren\031207\index.html <-- jennifer /miaren/031207 index.html
103.12.09 09:53 B C:\_stuff\web\dm\backup0312\miaren\031207\m01.jpg <-- jennifer /miaren/031207 m01.jpg
103.12.09 09:53 B C:\_stuff\web\dm\backup0312\miaren\031207\m02.jpg <-- jennifer /miaren/031207 m02.jpg
103.12.09 09:53 B C:\_stuff\web\dm\backup0312\miaren\031207\m04.jpg <-- jennifer /miaren/031207 m04.jpg
103.12.09 09:53 B C:\_stuff\web\dm\backup0312\miaren\031207\m08.jpg <-- jennifer /miaren/031207 m08.jpg
103.12.09 09:53 B C:\_stuff\web\dm\backup0312\miaren\031207\m11.jpg <-- jennifer /miaren/031207 m11.jpg
103.12.09 09:53 B C:\_stuff\web\dm\backup0312\miaren\031207\m13.jpg <-- jennifer /miaren/031207 m13.jpg
103.12.09 09:53 B C:\_stuff\web\dm\backup0312\miaren\031207\m15.jpg <-- jennifer /miaren/031207 m15.jpg
103.12.09 09:53 B C:\_stuff\web\dm\backup0312\miaren\031207\m16.jpg <-- jennifer /miaren/031207 m16.jpg
103.12.09 09:53 B C:\_stuff\web\dm\backup0312\miaren\031207\m17.jpg <-- jennifer /miaren/031207 m17.jpg
103.12.09 09:53 B C:\_stuff\web\dm\backup0312\miaren\031207\m18.jpg <-- jennifer /miaren/031207 m18.jpg
103.12.09 09:53 B C:\_stuff\web\dm\backup0312\miaren\031207\m19.jpg <-- jennifer /miaren/031207 m19.jpg
103.12.10 10:58 B C:\_stuff\web\dm\backup0312\miaren\031207\back.gif --> ftp.draftymanor.com /var/www/html/miaren/031207 back.gif
103.12.10 10:58 B C:\_stuff\web\dm\backup0312\miaren\031207\index.html --> ftp.draftymanor.com /var/www/html/miaren/031207 index.html
103.12.10 10:58 B C:\_stuff\web\dm\backup0312\miaren\031207\m01.jpg --> ftp.draftymanor.com /var/www/html/miaren/031207 m01.jpg
103.12.10 10:58 B C:\_stuff\web\dm\backup0312\miaren\031207\m02.jpg --> ftp.draftymanor.com /var/www/html/miaren/031207 m02.jpg
103.12.10 10:58 B C:\_stuff\web\dm\backup0312\miaren\031207\m04.jpg --> ftp.draftymanor.com /var/www/html/miaren/031207 m04.jpg
103.12.10 10:58 B C:\_stuff\web\dm\backup0312\miaren\031207\m08.jpg --> ftp.draftymanor.com /var/www/html/miaren/031207 m08.jpg
103.12.10 10:58 B C:\_stuff\web\dm\backup0312\miaren\031207\m11.jpg --> ftp.draftymanor.com /var/www/html/miaren/031207 m11.jpg
103.12.10 10:58 B C:\_stuff\web\dm\backup0312\miaren\031207\m13.jpg --> ftp.draftymanor.com /var/www/html/miaren/031207 m13.jpg
103.12.10 10:58 B C:\_stuff\web\dm\backup0312\miaren\031207\m15.jpg --> ftp.draftymanor.com /var/www/html/miaren/031207 m15.jpg
103.12.10 10:58 B C:\_stuff\web\dm\backup0312\miaren\031207\m16.jpg --> ftp.draftymanor.com /var/www/html/miaren/031207 m16.jpg
103.12.10 10:58 B C:\_stuff\web\dm\backup0312\miaren\031207\m17.jpg --> ftp.draftymanor.com /var/www/html/miaren/031207 m17.jpg
103.12.10 10:58 B C:\_stuff\web\dm\backup0312\miaren\031207\m18.jpg --> ftp.draftymanor.com /var/www/html/miaren/031207 m18.jpg
103.12.10 10:58 B C:\_stuff\web\dm\backup0312\miaren\031207\m19.jpg --> ftp.draftymanor.com /var/www/html/miaren/031207 m19.jpg
