103.12.09 09:43 B C:\_stuff\web\dm\backup0312\emma\0211\0211-01.jpg <-- jennifer /emma/0211 0211-01.jpg
103.12.09 09:43 B C:\_stuff\web\dm\backup0312\emma\0211\0211-02.jpg <-- jennifer /emma/0211 0211-02.jpg
103.12.09 09:43 B C:\_stuff\web\dm\backup0312\emma\0211\0211-03.jpg <-- jennifer /emma/0211 0211-03.jpg
103.12.09 09:43 B C:\_stuff\web\dm\backup0312\emma\0211\0211-04.jpg <-- jennifer /emma/0211 0211-04.jpg
103.12.09 09:43 B C:\_stuff\web\dm\backup0312\emma\0211\0211-05.jpg <-- jennifer /emma/0211 0211-05.jpg
103.12.09 09:43 B C:\_stuff\web\dm\backup0312\emma\0211\0211-06.jpg <-- jennifer /emma/0211 0211-06.jpg
103.12.09 09:43 B C:\_stuff\web\dm\backup0312\emma\0211\0211-07.jpg <-- jennifer /emma/0211 0211-07.jpg
103.12.09 09:43 B C:\_stuff\web\dm\backup0312\emma\0211\0211-08.jpg <-- jennifer /emma/0211 0211-08.jpg
103.12.09 09:43 B C:\_stuff\web\dm\backup0312\emma\0211\0211-09.jpg <-- jennifer /emma/0211 0211-09.jpg
103.12.09 09:43 B C:\_stuff\web\dm\backup0312\emma\0211\back.gif <-- jennifer /emma/0211 back.gif
103.12.09 09:43 B C:\_stuff\web\dm\backup0312\emma\0211\index.html <-- jennifer /emma/0211 index.html
103.12.10 11:19 B C:\_stuff\web\dm\backup0312\emma\0211\0211-01.jpg --> ftp.draftymanor.com /var/www/html/emma/0211 0211-01.jpg
103.12.10 11:19 B C:\_stuff\web\dm\backup0312\emma\0211\0211-02.jpg --> ftp.draftymanor.com /var/www/html/emma/0211 0211-02.jpg
103.12.10 11:19 B C:\_stuff\web\dm\backup0312\emma\0211\0211-03.jpg --> ftp.draftymanor.com /var/www/html/emma/0211 0211-03.jpg
103.12.10 11:19 B C:\_stuff\web\dm\backup0312\emma\0211\0211-04.jpg --> ftp.draftymanor.com /var/www/html/emma/0211 0211-04.jpg
103.12.10 11:19 B C:\_stuff\web\dm\backup0312\emma\0211\0211-05.jpg --> ftp.draftymanor.com /var/www/html/emma/0211 0211-05.jpg
103.12.10 11:19 B C:\_stuff\web\dm\backup0312\emma\0211\0211-06.jpg --> ftp.draftymanor.com /var/www/html/emma/0211 0211-06.jpg
103.12.10 11:19 B C:\_stuff\web\dm\backup0312\emma\0211\0211-07.jpg --> ftp.draftymanor.com /var/www/html/emma/0211 0211-07.jpg
103.12.10 11:19 B C:\_stuff\web\dm\backup0312\emma\0211\0211-08.jpg --> ftp.draftymanor.com /var/www/html/emma/0211 0211-08.jpg
103.12.10 11:19 B C:\_stuff\web\dm\backup0312\emma\0211\0211-09.jpg --> ftp.draftymanor.com /var/www/html/emma/0211 0211-09.jpg
103.12.10 11:19 B C:\_stuff\web\dm\backup0312\emma\0211\back.gif --> ftp.draftymanor.com /var/www/html/emma/0211 back.gif
103.12.10 11:19 B C:\_stuff\web\dm\backup0312\emma\0211\index.html --> ftp.draftymanor.com /var/www/html/emma/0211 index.html
