99.07.06 13:33 B H:\poland\students\kids\back.gif <-- flashnet /www/poland/students/kids back.gif
99.07.06 13:33 B H:\poland\students\kids\img0.gif <-- flashnet /www/poland/students/kids img0.gif
99.07.06 13:33 B H:\poland\students\kids\img1.gif <-- flashnet /www/poland/students/kids img1.gif
99.07.06 13:33 B H:\poland\students\kids\img2.gif <-- flashnet /www/poland/students/kids img2.gif
99.07.06 13:33 B H:\poland\students\kids\img3.gif <-- flashnet /www/poland/students/kids img3.gif
99.07.06 13:33 B H:\poland\students\kids\img4.gif <-- flashnet /www/poland/students/kids img4.gif
99.07.06 13:33 B H:\poland\students\kids\img5.gif <-- flashnet /www/poland/students/kids img5.gif
99.07.06 13:33 B H:\poland\students\kids\img6.gif <-- flashnet /www/poland/students/kids img6.gif
99.07.06 13:33 B H:\poland\students\kids\img7.gif <-- flashnet /www/poland/students/kids img7.gif
99.07.06 13:33 B H:\poland\students\kids\img8.gif <-- flashnet /www/poland/students/kids img8.gif
99.07.06 13:34 B H:\poland\students\kids\img9.gif <-- flashnet /www/poland/students/kids img9.gif
99.07.06 13:34 B H:\poland\students\kids\index.html <-- flashnet /www/poland/students/kids index.html
99.07.06 13:34 B H:\poland\students\kids\page2.html <-- flashnet /www/poland/students/kids page2.html
100.10.23 21:33 B I:\www\poland\students\kids\back.gif --> draftymanor.com /poland/students/kids back.gif
100.10.23 21:33 B I:\www\poland\students\kids\img0.gif --> draftymanor.com /poland/students/kids img0.gif
100.10.23 21:33 B I:\www\poland\students\kids\img1.gif --> draftymanor.com /poland/students/kids img1.gif
100.10.23 21:33 B I:\www\poland\students\kids\img2.gif --> draftymanor.com /poland/students/kids img2.gif
100.10.23 21:34 B I:\www\poland\students\kids\img3.gif --> draftymanor.com /poland/students/kids img3.gif
100.10.23 21:34 B I:\www\poland\students\kids\img4.gif --> draftymanor.com /poland/students/kids img4.gif
100.10.23 21:34 B I:\www\poland\students\kids\img5.gif --> draftymanor.com /poland/students/kids img5.gif
100.10.23 21:34 B I:\www\poland\students\kids\img6.gif --> draftymanor.com /poland/students/kids img6.gif
100.10.23 21:34 B I:\www\poland\students\kids\img7.gif --> draftymanor.com /poland/students/kids img7.gif
100.10.23 21:34 B I:\www\poland\students\kids\img8.gif --> draftymanor.com /poland/students/kids img8.gif
100.10.23 21:34 B I:\www\poland\students\kids\img9.gif --> draftymanor.com /poland/students/kids img9.gif
100.10.23 21:34 B I:\www\poland\students\kids\index.html --> draftymanor.com /poland/students/kids index.html
100.10.23 21:34 B I:\www\poland\students\kids\page2.html --> draftymanor.com /poland/students/kids page2.html
103.12.09 09:56 B C:\_stuff\web\dm\backup0312\poland\students\kids\WS_FTP.LOG <-- jennifer /poland/students/kids WS_FTP.LOG
103.12.10 11:04 B C:\_stuff\web\dm\backup0312\poland\students\kids\back.gif --> ftp.draftymanor.com /var/www/html/poland/students/kids back.gif
103.12.10 11:04 B C:\_stuff\web\dm\backup0312\poland\students\kids\img0.gif --> ftp.draftymanor.com /var/www/html/poland/students/kids img0.gif
103.12.10 11:04 B C:\_stuff\web\dm\backup0312\poland\students\kids\img1.gif --> ftp.draftymanor.com /var/www/html/poland/students/kids img1.gif
103.12.10 11:04 B C:\_stuff\web\dm\backup0312\poland\students\kids\img2.gif --> ftp.draftymanor.com /var/www/html/poland/students/kids img2.gif
103.12.10 11:04 B C:\_stuff\web\dm\backup0312\poland\students\kids\img3.gif --> ftp.draftymanor.com /var/www/html/poland/students/kids img3.gif
103.12.10 11:04 B C:\_stuff\web\dm\backup0312\poland\students\kids\img4.gif --> ftp.draftymanor.com /var/www/html/poland/students/kids img4.gif
103.12.10 11:04 B C:\_stuff\web\dm\backup0312\poland\students\kids\img5.gif --> ftp.draftymanor.com /var/www/html/poland/students/kids img5.gif
103.12.10 11:04 B C:\_stuff\web\dm\backup0312\poland\students\kids\img6.gif --> ftp.draftymanor.com /var/www/html/poland/students/kids img6.gif
103.12.10 11:04 B C:\_stuff\web\dm\backup0312\poland\students\kids\img7.gif --> ftp.draftymanor.com /var/www/html/poland/students/kids img7.gif
103.12.10 11:04 B C:\_stuff\web\dm\backup0312\poland\students\kids\img8.gif --> ftp.draftymanor.com /var/www/html/poland/students/kids img8.gif
103.12.10 11:04 B C:\_stuff\web\dm\backup0312\poland\students\kids\img9.gif --> ftp.draftymanor.com /var/www/html/poland/students/kids img9.gif
103.12.10 11:04 B C:\_stuff\web\dm\backup0312\poland\students\kids\index.html --> ftp.draftymanor.com /var/www/html/poland/students/kids index.html
103.12.10 11:04 B C:\_stuff\web\dm\backup0312\poland\students\kids\page2.html --> ftp.draftymanor.com /var/www/html/poland/students/kids page2.html
