100.09.28 17:11 B C:\www\poland\kb\back.gif <-- flashnet /www/poland/kb back.gif
100.09.28 17:13 B C:\www\poland\kb\img0.gif <-- flashnet /www/poland/kb img0.gif
100.09.28 17:14 B C:\www\poland\kb\img0.gif <-- flashnet /www/poland/kb img0.gif
100.09.28 17:15 B C:\www\poland\kb\img1.gif <-- flashnet /www/poland/kb img1.gif
100.09.28 17:15 B C:\www\poland\kb\img2.gif <-- flashnet /www/poland/kb img2.gif
100.09.28 17:17 B C:\www\poland\kb\img3.gif <-- flashnet /www/poland/kb img3.gif
100.09.28 17:19 B C:\www\poland\kb\img4.gif <-- flashnet /www/poland/kb img4.gif
100.09.28 17:20 B C:\www\poland\kb\img5.gif <-- flashnet /www/poland/kb img5.gif
100.09.28 17:23 B C:\www\poland\kb\img6.gif <-- flashnet /www/poland/kb img6.gif
100.09.28 17:23 B C:\www\poland\kb\index.html <-- flashnet /www/poland/kb index.html
100.09.28 17:23 B C:\www\poland\kb\page2.html <-- flashnet /www/poland/kb page2.html
100.10.23 20:48 B I:\www\poland\kb\back.gif --> draftymanor.com /poland/kb back.gif
100.10.23 20:49 B I:\www\poland\kb\img0.gif --> draftymanor.com /poland/kb img0.gif
100.10.23 20:49 B I:\www\poland\kb\img1.gif --> draftymanor.com /poland/kb img1.gif
100.10.23 20:49 B I:\www\poland\kb\img2.gif --> draftymanor.com /poland/kb img2.gif
100.10.23 20:50 B I:\www\poland\kb\img3.gif --> draftymanor.com /poland/kb img3.gif
100.10.23 20:50 B I:\www\poland\kb\img4.gif --> draftymanor.com /poland/kb img4.gif
100.10.23 20:50 B I:\www\poland\kb\img5.gif --> draftymanor.com /poland/kb img5.gif
100.10.23 20:50 B I:\www\poland\kb\img6.gif --> draftymanor.com /poland/kb img6.gif
100.10.23 20:50 B I:\www\poland\kb\index.html --> draftymanor.com /poland/kb index.html
100.10.23 20:50 B I:\www\poland\kb\page2.html --> draftymanor.com /poland/kb page2.html
103.12.09 09:55 B C:\_stuff\web\dm\backup0312\poland\kb\WS_FTP.LOG <-- jennifer /poland/kb WS_FTP.LOG
103.12.10 11:00 B C:\_stuff\web\dm\backup0312\poland\kb\back.gif --> ftp.draftymanor.com /var/www/html/poland/kb back.gif
103.12.10 11:00 B C:\_stuff\web\dm\backup0312\poland\kb\img0.gif --> ftp.draftymanor.com /var/www/html/poland/kb img0.gif
103.12.10 11:00 B C:\_stuff\web\dm\backup0312\poland\kb\img1.gif --> ftp.draftymanor.com /var/www/html/poland/kb img1.gif
103.12.10 11:00 B C:\_stuff\web\dm\backup0312\poland\kb\img2.gif --> ftp.draftymanor.com /var/www/html/poland/kb img2.gif
103.12.10 11:00 B C:\_stuff\web\dm\backup0312\poland\kb\img3.gif --> ftp.draftymanor.com /var/www/html/poland/kb img3.gif
103.12.10 11:00 B C:\_stuff\web\dm\backup0312\poland\kb\img4.gif --> ftp.draftymanor.com /var/www/html/poland/kb img4.gif
103.12.10 11:00 B C:\_stuff\web\dm\backup0312\poland\kb\img5.gif --> ftp.draftymanor.com /var/www/html/poland/kb img5.gif
103.12.10 11:00 B C:\_stuff\web\dm\backup0312\poland\kb\img6.gif --> ftp.draftymanor.com /var/www/html/poland/kb img6.gif
103.12.10 11:00 B C:\_stuff\web\dm\backup0312\poland\kb\index.html --> ftp.draftymanor.com /var/www/html/poland/kb index.html
103.12.10 11:00 B C:\_stuff\web\dm\backup0312\poland\kb\page2.html --> ftp.draftymanor.com /var/www/html/poland/kb page2.html
