103.12.09 09:22 B C:\_stuff\web\dm\backup0312\bart\bar_blue.gif <-- jennifer /bart bar_blue.gif
103.12.09 09:22 B C:\_stuff\web\dm\backup0312\bart\bar_gray.gif <-- jennifer /bart bar_gray.gif
103.12.09 09:22 B C:\_stuff\web\dm\backup0312\bart\bar_gree.gif <-- jennifer /bart bar_gree.gif
103.12.09 09:22 B C:\_stuff\web\dm\backup0312\bart\bar_red.gif <-- jennifer /bart bar_red.gif
103.12.09 09:22 B C:\_stuff\web\dm\backup0312\bart\bar_yell.gif <-- jennifer /bart bar_yell.gif
103.12.09 09:22 B C:\_stuff\web\dm\backup0312\bart\Bart.gif <-- jennifer /bart Bart.gif
103.12.09 09:22 B C:\_stuff\web\dm\backup0312\bart\bart.htm <-- jennifer /bart bart.htm
103.12.09 09:22 B C:\_stuff\web\dm\backup0312\bart\Bart.jpg <-- jennifer /bart Bart.jpg
103.12.09 09:22 B C:\_stuff\web\dm\backup0312\bart\BTNGED.GIF <-- jennifer /bart BTNGED.GIF
103.12.09 09:22 B C:\_stuff\web\dm\backup0312\bart\BTNTOC.GIF <-- jennifer /bart BTNTOC.GIF
103.12.09 09:22 B C:\_stuff\web\dm\backup0312\bart\coopera1.htm <-- jennifer /bart coopera1.htm
103.12.09 09:22 B C:\_stuff\web\dm\backup0312\bart\coopera2.htm <-- jennifer /bart coopera2.htm
103.12.09 09:22 B C:\_stuff\web\dm\backup0312\bart\coopera3.htm <-- jennifer /bart coopera3.htm
103.12.09 09:22 B C:\_stuff\web\dm\backup0312\bart\coopera4.htm <-- jennifer /bart coopera4.htm
103.12.09 09:22 B C:\_stuff\web\dm\backup0312\bart\coopera5.htm <-- jennifer /bart coopera5.htm
103.12.09 09:22 B C:\_stuff\web\dm\backup0312\bart\coopera6.htm <-- jennifer /bart coopera6.htm
103.12.09 09:22 B C:\_stuff\web\dm\backup0312\bart\coopera7.htm <-- jennifer /bart coopera7.htm
103.12.09 09:22 B C:\_stuff\web\dm\backup0312\bart\coopera8.htm <-- jennifer /bart coopera8.htm
103.12.09 09:22 B C:\_stuff\web\dm\backup0312\bart\cooperat.htm <-- jennifer /bart cooperat.htm
103.12.09 09:22 B C:\_stuff\web\dm\backup0312\bart\discus1a.htm <-- jennifer /bart discus1a.htm
103.12.09 09:22 B C:\_stuff\web\dm\backup0312\bart\discus1b.htm <-- jennifer /bart discus1b.htm
103.12.09 09:22 B C:\_stuff\web\dm\backup0312\bart\discus1c.htm <-- jennifer /bart discus1c.htm
103.12.09 09:22 B C:\_stuff\web\dm\backup0312\bart\discus1d.htm <-- jennifer /bart discus1d.htm
103.12.09 09:22 B C:\_stuff\web\dm\backup0312\bart\discuss.htm <-- jennifer /bart discuss.htm
103.12.09 09:22 B C:\_stuff\web\dm\backup0312\bart\discuss1.htm <-- jennifer /bart discuss1.htm
103.12.09 09:22 B C:\_stuff\web\dm\backup0312\bart\discuss2.htm <-- jennifer /bart discuss2.htm
103.12.09 09:22 B C:\_stuff\web\dm\backup0312\bart\dot_clr.gif <-- jennifer /bart dot_clr.gif
103.12.09 09:22 B C:\_stuff\web\dm\backup0312\bart\false.gif <-- jennifer /bart false.gif
103.12.09 09:22 B C:\_stuff\web\dm\backup0312\bart\h_quigl1.htm <-- jennifer /bart h_quigl1.htm
103.12.09 09:22 B C:\_stuff\web\dm\backup0312\bart\h_quigl2.htm <-- jennifer /bart h_quigl2.htm
103.12.09 09:22 B C:\_stuff\web\dm\backup0312\bart\h_quigl3.htm <-- jennifer /bart h_quigl3.htm
103.12.09 09:22 B C:\_stuff\web\dm\backup0312\bart\h_quigl4.htm <-- jennifer /bart h_quigl4.htm
103.12.09 09:22 B C:\_stuff\web\dm\backup0312\bart\h_quigl5.htm <-- jennifer /bart h_quigl5.htm
103.12.09 09:22 B C:\_stuff\web\dm\backup0312\bart\h_quigl6.htm <-- jennifer /bart h_quigl6.htm
103.12.09 09:22 B C:\_stuff\web\dm\backup0312\bart\h_quigle.htm <-- jennifer /bart h_quigle.htm
103.12.09 09:22 B C:\_stuff\web\dm\backup0312\bart\h_spengl.htm <-- jennifer /bart h_spengl.htm
103.12.09 09:22 B C:\_stuff\web\dm\backup0312\bart\h_toynbe.htm <-- jennifer /bart h_toynbe.htm
103.12.09 09:22 B C:\_stuff\web\dm\backup0312\bart\HatBlack.gif <-- jennifer /bart HatBlack.gif
103.12.09 09:22 B C:\_stuff\web\dm\backup0312\bart\HatBlue.gif <-- jennifer /bart HatBlue.gif
103.12.09 09:22 B C:\_stuff\web\dm\backup0312\bart\HatGreen.gif <-- jennifer /bart HatGreen.gif
103.12.09 09:22 B C:\_stuff\web\dm\backup0312\bart\HatRed.gif <-- jennifer /bart HatRed.gif
103.12.09 09:22 B C:\_stuff\web\dm\backup0312\bart\HatWhite.gif <-- jennifer /bart HatWhite.gif
103.12.09 09:22 B C:\_stuff\web\dm\backup0312\bart\HatYello.gif <-- jennifer /bart HatYello.gif
103.12.09 09:22 B C:\_stuff\web\dm\backup0312\bart\iconchld.gif <-- jennifer /bart iconchld.gif
103.12.09 09:22 B C:\_stuff\web\dm\backup0312\bart\index.htm <-- jennifer /bart index.htm
103.12.09 09:23 B C:\_stuff\web\dm\backup0312\bart\index2.htm <-- jennifer /bart index2.htm
103.12.09 09:23 B C:\_stuff\web\dm\backup0312\bart\index3.htm <-- jennifer /bart index3.htm
103.12.09 09:23 B C:\_stuff\web\dm\backup0312\bart\intro.htm <-- jennifer /bart intro.htm
103.12.09 09:23 B C:\_stuff\web\dm\backup0312\bart\livsys.htm <-- jennifer /bart livsys.htm
103.12.09 09:23 B C:\_stuff\web\dm\backup0312\bart\meta.htm <-- jennifer /bart meta.htm
103.12.09 09:23 B C:\_stuff\web\dm\backup0312\bart\meta_arrow.gif <-- jennifer /bart meta_arrow.gif
103.12.09 09:23 B C:\_stuff\web\dm\backup0312\bart\meta_binary.gif <-- jennifer /bart meta_binary.gif
103.12.09 09:23 B C:\_stuff\web\dm\backup0312\bart\meta_border.gif <-- jennifer /bart meta_border.gif
103.12.09 09:23 B C:\_stuff\web\dm\backup0312\bart\meta_break.gif <-- jennifer /bart meta_break.gif
103.12.09 09:23 B C:\_stuff\web\dm\backup0312\bart\meta_calendar.gif <-- jennifer /bart meta_calendar.gif
103.12.09 09:23 B C:\_stuff\web\dm\backup0312\bart\meta_center.gif <-- jennifer /bart meta_center.gif
103.12.09 09:23 B C:\_stuff\web\dm\backup0312\bart\meta_cycle.gif <-- jennifer /bart meta_cycle.gif
103.12.09 09:23 B C:\_stuff\web\dm\backup0312\bart\meta_layer.gif <-- jennifer /bart meta_layer.gif
103.12.09 09:23 B C:\_stuff\web\dm\backup0312\bart\meta_sphere.gif <-- jennifer /bart meta_sphere.gif
103.12.09 09:23 B C:\_stuff\web\dm\backup0312\bart\meta_tubesheet.gif <-- jennifer /bart meta_tubesheet.gif
103.12.09 09:23 B C:\_stuff\web\dm\backup0312\bart\new.htm <-- jennifer /bart new.htm
103.12.09 09:23 B C:\_stuff\web\dm\backup0312\bart\nf_art.htm <-- jennifer /bart nf_art.htm
103.12.09 09:23 B C:\_stuff\web\dm\backup0312\bart\nf_desc.htm <-- jennifer /bart nf_desc.htm
103.12.09 09:23 B C:\_stuff\web\dm\backup0312\bart\nf_genea.htm <-- jennifer /bart nf_genea.htm
103.12.09 09:23 B C:\_stuff\web\dm\backup0312\bart\nf_music.htm <-- jennifer /bart nf_music.htm
103.12.09 09:23 B C:\_stuff\web\dm\backup0312\bart\nf_sff.htm <-- jennifer /bart nf_sff.htm
103.12.09 09:23 B C:\_stuff\web\dm\backup0312\bart\nt_comp1.htm <-- jennifer /bart nt_comp1.htm
103.12.09 09:23 B C:\_stuff\web\dm\backup0312\bart\nt_comp2.htm <-- jennifer /bart nt_comp2.htm
103.12.09 09:23 B C:\_stuff\web\dm\backup0312\bart\nt_compu.htm <-- jennifer /bart nt_compu.htm
103.12.09 09:23 B C:\_stuff\web\dm\backup0312\bart\nt_desc.htm <-- jennifer /bart nt_desc.htm
103.12.09 09:23 B C:\_stuff\web\dm\backup0312\bart\nt_per1.htm <-- jennifer /bart nt_per1.htm
103.12.09 09:23 B C:\_stuff\web\dm\backup0312\bart\nt_per2.htm <-- jennifer /bart nt_per2.htm
103.12.09 09:23 B C:\_stuff\web\dm\backup0312\bart\nt_per3.htm <-- jennifer /bart nt_per3.htm
103.12.09 09:23 B C:\_stuff\web\dm\backup0312\bart\nt_per4.htm <-- jennifer /bart nt_per4.htm
103.12.09 09:23 B C:\_stuff\web\dm\backup0312\bart\nt_per5.htm <-- jennifer /bart nt_per5.htm
103.12.09 09:23 B C:\_stuff\web\dm\backup0312\bart\nt_per5a.htm <-- jennifer /bart nt_per5a.htm
103.12.09 09:23 B C:\_stuff\web\dm\backup0312\bart\nt_per5b.htm <-- jennifer /bart nt_per5b.htm
103.12.09 09:23 B C:\_stuff\web\dm\backup0312\bart\nt_per5c.htm <-- jennifer /bart nt_per5c.htm
103.12.09 09:23 B C:\_stuff\web\dm\backup0312\bart\nt_per5d.htm <-- jennifer /bart nt_per5d.htm
103.12.09 09:23 B C:\_stuff\web\dm\backup0312\bart\nt_per6.htm <-- jennifer /bart nt_per6.htm
103.12.09 09:23 B C:\_stuff\web\dm\backup0312\bart\nt_per6a.htm <-- jennifer /bart nt_per6a.htm
103.12.09 09:23 B C:\_stuff\web\dm\backup0312\bart\nt_per6b.htm <-- jennifer /bart nt_per6b.htm
103.12.09 09:23 B C:\_stuff\web\dm\backup0312\bart\nt_per6c.htm <-- jennifer /bart nt_per6c.htm
103.12.09 09:23 B C:\_stuff\web\dm\backup0312\bart\nt_per6d.htm <-- jennifer /bart nt_per6d.htm
103.12.09 09:23 B C:\_stuff\web\dm\backup0312\bart\nt_per6e.htm <-- jennifer /bart nt_per6e.htm
103.12.09 09:23 B C:\_stuff\web\dm\backup0312\bart\nt_per6f.htm <-- jennifer /bart nt_per6f.htm
103.12.09 09:23 B C:\_stuff\web\dm\backup0312\bart\nt_per6g.htm <-- jennifer /bart nt_per6g.htm
103.12.09 09:23 B C:\_stuff\web\dm\backup0312\bart\nt_per6h.htm <-- jennifer /bart nt_per6h.htm
103.12.09 09:23 B C:\_stuff\web\dm\backup0312\bart\nt_per6i.htm <-- jennifer /bart nt_per6i.htm
103.12.09 09:23 B C:\_stuff\web\dm\backup0312\bart\nt_per6j.htm <-- jennifer /bart nt_per6j.htm
103.12.09 09:23 B C:\_stuff\web\dm\backup0312\bart\nt_per6k.htm <-- jennifer /bart nt_per6k.htm
103.12.09 09:23 B C:\_stuff\web\dm\backup0312\bart\nt_per6l.htm <-- jennifer /bart nt_per6l.htm
103.12.09 09:23 B C:\_stuff\web\dm\backup0312\bart\nt_per6m.htm <-- jennifer /bart nt_per6m.htm
103.12.09 09:23 B C:\_stuff\web\dm\backup0312\bart\nt_per6n.htm <-- jennifer /bart nt_per6n.htm
103.12.09 09:23 B C:\_stuff\web\dm\backup0312\bart\nt_per6o.htm <-- jennifer /bart nt_per6o.htm
103.12.09 09:23 B C:\_stuff\web\dm\backup0312\bart\nt_per6p.htm <-- jennifer /bart nt_per6p.htm
103.12.09 09:23 B C:\_stuff\web\dm\backup0312\bart\nt_per7.htm <-- jennifer /bart nt_per7.htm
103.12.09 09:23 B C:\_stuff\web\dm\backup0312\bart\nt_per7b.htm <-- jennifer /bart nt_per7b.htm
103.12.09 09:23 B C:\_stuff\web\dm\backup0312\bart\nt_reaso.htm <-- jennifer /bart nt_reaso.htm
103.12.09 09:23 B C:\_stuff\web\dm\backup0312\bart\nt_scien.htm <-- jennifer /bart nt_scien.htm
103.12.09 09:23 B C:\_stuff\web\dm\backup0312\bart\res_html.doc <-- jennifer /bart res_html.doc
103.12.09 09:23 B C:\_stuff\web\dm\backup0312\bart\resume.htm <-- jennifer /bart resume.htm
103.12.09 09:23 B C:\_stuff\web\dm\backup0312\bart\rsaclabel.gif <-- jennifer /bart rsaclabel.gif
103.12.09 09:23 B C:\_stuff\web\dm\backup0312\bart\scotlionramp.gif <-- jennifer /bart scotlionramp.gif
103.12.09 09:23 B C:\_stuff\web\dm\backup0312\bart\scotmap2.gif <-- jennifer /bart scotmap2.gif
103.12.09 09:23 B C:\_stuff\web\dm\backup0312\bart\sixhats.htm <-- jennifer /bart sixhats.htm
103.12.09 09:23 B C:\_stuff\web\dm\backup0312\bart\sixhats1.htm <-- jennifer /bart sixhats1.htm
103.12.09 09:23 B C:\_stuff\web\dm\backup0312\bart\sixhats2.htm <-- jennifer /bart sixhats2.htm
103.12.09 09:23 B C:\_stuff\web\dm\backup0312\bart\sixhats3.htm <-- jennifer /bart sixhats3.htm
103.12.09 09:23 B C:\_stuff\web\dm\backup0312\bart\sixhats4.htm <-- jennifer /bart sixhats4.htm
103.12.09 09:23 B C:\_stuff\web\dm\backup0312\bart\sixhats5.htm <-- jennifer /bart sixhats5.htm
103.12.09 09:23 B C:\_stuff\web\dm\backup0312\bart\sixhats6.htm <-- jennifer /bart sixhats6.htm
103.12.09 09:23 B C:\_stuff\web\dm\backup0312\bart\sj_desc.htm <-- jennifer /bart sj_desc.htm
103.12.09 09:23 B C:\_stuff\web\dm\backup0312\bart\sj_econo.htm <-- jennifer /bart sj_econo.htm
103.12.09 09:23 B C:\_stuff\web\dm\backup0312\bart\sj_histo.htm <-- jennifer /bart sj_histo.htm
103.12.09 09:23 B C:\_stuff\web\dm\backup0312\bart\sj_polit.htm <-- jennifer /bart sj_polit.htm
103.12.09 09:23 B C:\_stuff\web\dm\backup0312\bart\sj_polit1.htm <-- jennifer /bart sj_polit1.htm
103.12.09 09:23 B C:\_stuff\web\dm\backup0312\bart\sj_relig.htm <-- jennifer /bart sj_relig.htm
103.12.09 09:23 B C:\_stuff\web\dm\backup0312\bart\sp_desc.htm <-- jennifer /bart sp_desc.htm
103.12.09 09:23 B C:\_stuff\web\dm\backup0312\bart\sp_game1.htm <-- jennifer /bart sp_game1.htm
103.12.09 09:23 B C:\_stuff\web\dm\backup0312\bart\sp_game2.htm <-- jennifer /bart sp_game2.htm
103.12.09 09:23 B C:\_stuff\web\dm\backup0312\bart\sp_game3.htm <-- jennifer /bart sp_game3.htm
103.12.09 09:23 B C:\_stuff\web\dm\backup0312\bart\sp_game4.htm <-- jennifer /bart sp_game4.htm
103.12.09 09:23 B C:\_stuff\web\dm\backup0312\bart\sp_game5.htm <-- jennifer /bart sp_game5.htm
103.12.09 09:23 B C:\_stuff\web\dm\backup0312\bart\sp_games.htm <-- jennifer /bart sp_games.htm
103.12.09 09:23 B C:\_stuff\web\dm\backup0312\bart\sp_scmap.htm <-- jennifer /bart sp_scmap.htm
103.12.09 09:23 B C:\_stuff\web\dm\backup0312\bart\sp_tra01.htm <-- jennifer /bart sp_tra01.htm
103.12.09 09:23 B C:\_stuff\web\dm\backup0312\bart\sp_tra02.htm <-- jennifer /bart sp_tra02.htm
103.12.09 09:23 B C:\_stuff\web\dm\backup0312\bart\sp_tra03.htm <-- jennifer /bart sp_tra03.htm
103.12.09 09:23 B C:\_stuff\web\dm\backup0312\bart\sp_tra04.htm <-- jennifer /bart sp_tra04.htm
103.12.09 09:23 B C:\_stuff\web\dm\backup0312\bart\sp_tra05.htm <-- jennifer /bart sp_tra05.htm
103.12.09 09:24 B C:\_stuff\web\dm\backup0312\bart\sp_tra06.htm <-- jennifer /bart sp_tra06.htm
103.12.09 09:24 B C:\_stuff\web\dm\backup0312\bart\sp_tra07.htm <-- jennifer /bart sp_tra07.htm
103.12.09 09:24 B C:\_stuff\web\dm\backup0312\bart\sp_tra08.htm <-- jennifer /bart sp_tra08.htm
103.12.09 09:24 B C:\_stuff\web\dm\backup0312\bart\sp_tra09.htm <-- jennifer /bart sp_tra09.htm
103.12.09 09:24 B C:\_stuff\web\dm\backup0312\bart\sp_tra10.htm <-- jennifer /bart sp_tra10.htm
103.12.09 09:24 B C:\_stuff\web\dm\backup0312\bart\sp_tra11.htm <-- jennifer /bart sp_tra11.htm
103.12.09 09:24 B C:\_stuff\web\dm\backup0312\bart\sp_tra12.htm <-- jennifer /bart sp_tra12.htm
103.12.09 09:24 B C:\_stuff\web\dm\backup0312\bart\sp_tra13.htm <-- jennifer /bart sp_tra13.htm
103.12.09 09:24 B C:\_stuff\web\dm\backup0312\bart\sp_tra14.htm <-- jennifer /bart sp_tra14.htm
103.12.09 09:24 B C:\_stuff\web\dm\backup0312\bart\sp_tra15.htm <-- jennifer /bart sp_tra15.htm
103.12.09 09:24 B C:\_stuff\web\dm\backup0312\bart\sp_tra16.htm <-- jennifer /bart sp_tra16.htm
103.12.09 09:24 B C:\_stuff\web\dm\backup0312\bart\sp_tra17.htm <-- jennifer /bart sp_tra17.htm
103.12.09 09:24 B C:\_stuff\web\dm\backup0312\bart\sp_trave.htm <-- jennifer /bart sp_trave.htm
103.12.09 09:24 B C:\_stuff\web\dm\backup0312\bart\sp_trp01.htm <-- jennifer /bart sp_trp01.htm
103.12.09 09:24 B C:\_stuff\web\dm\backup0312\bart\sp_trp02.htm <-- jennifer /bart sp_trp02.htm
103.12.09 09:24 B C:\_stuff\web\dm\backup0312\bart\sp_trp03.htm <-- jennifer /bart sp_trp03.htm
103.12.09 09:24 B C:\_stuff\web\dm\backup0312\bart\sp_trp04.htm <-- jennifer /bart sp_trp04.htm
103.12.09 09:24 B C:\_stuff\web\dm\backup0312\bart\sp_trp05.htm <-- jennifer /bart sp_trp05.htm
103.12.09 09:24 B C:\_stuff\web\dm\backup0312\bart\sp_trp06.htm <-- jennifer /bart sp_trp06.htm
103.12.09 09:24 B C:\_stuff\web\dm\backup0312\bart\sp_trp07.htm <-- jennifer /bart sp_trp07.htm
103.12.09 09:24 B C:\_stuff\web\dm\backup0312\bart\sp_trp08.htm <-- jennifer /bart sp_trp08.htm
103.12.09 09:24 B C:\_stuff\web\dm\backup0312\bart\sp_trp09.htm <-- jennifer /bart sp_trp09.htm
103.12.09 09:24 B C:\_stuff\web\dm\backup0312\bart\sp_trp10.htm <-- jennifer /bart sp_trp10.htm
103.12.09 09:24 B C:\_stuff\web\dm\backup0312\bart\sp_trp11.htm <-- jennifer /bart sp_trp11.htm
103.12.09 09:24 B C:\_stuff\web\dm\backup0312\bart\sp_trp12.htm <-- jennifer /bart sp_trp12.htm
103.12.09 09:24 B C:\_stuff\web\dm\backup0312\bart\sp_trp13.htm <-- jennifer /bart sp_trp13.htm
103.12.09 09:24 B C:\_stuff\web\dm\backup0312\bart\sp_trp14.htm <-- jennifer /bart sp_trp14.htm
103.12.09 09:24 B C:\_stuff\web\dm\backup0312\bart\sp_trp15.htm <-- jennifer /bart sp_trp15.htm
103.12.09 09:24 B C:\_stuff\web\dm\backup0312\bart\sp_trp16.htm <-- jennifer /bart sp_trp16.htm
103.12.09 09:24 B C:\_stuff\web\dm\backup0312\bart\sp_trp17.htm <-- jennifer /bart sp_trp17.htm
103.12.09 09:24 B C:\_stuff\web\dm\backup0312\bart\sp_trp18.htm <-- jennifer /bart sp_trp18.htm
103.12.09 09:24 B C:\_stuff\web\dm\backup0312\bart\sp_trp19.htm <-- jennifer /bart sp_trp19.htm
103.12.09 09:24 B C:\_stuff\web\dm\backup0312\bart\sp_trp20.htm <-- jennifer /bart sp_trp20.htm
103.12.09 09:24 B C:\_stuff\web\dm\backup0312\bart\sp_trp21.htm <-- jennifer /bart sp_trp21.htm
103.12.09 09:24 B C:\_stuff\web\dm\backup0312\bart\sp_trp22.htm <-- jennifer /bart sp_trp22.htm
103.12.09 09:24 B C:\_stuff\web\dm\backup0312\bart\sp_work.htm <-- jennifer /bart sp_work.htm
103.12.09 09:24 B C:\_stuff\web\dm\backup0312\bart\sp_writi.htm <-- jennifer /bart sp_writi.htm
103.12.09 09:24 B C:\_stuff\web\dm\backup0312\bart\sq_blue2.jpg <-- jennifer /bart sq_blue2.jpg
103.12.09 09:24 B C:\_stuff\web\dm\backup0312\bart\systems.htm <-- jennifer /bart systems.htm
103.12.09 09:24 B C:\_stuff\web\dm\backup0312\bart\systems1.htm <-- jennifer /bart systems1.htm
103.12.09 09:24 B C:\_stuff\web\dm\backup0312\bart\systems2.htm <-- jennifer /bart systems2.htm
103.12.09 09:24 B C:\_stuff\web\dm\backup0312\bart\systems3.htm <-- jennifer /bart systems3.htm
103.12.09 09:24 B C:\_stuff\web\dm\backup0312\bart\systems4.htm <-- jennifer /bart systems4.htm
103.12.09 09:24 B C:\_stuff\web\dm\backup0312\bart\systems5.htm <-- jennifer /bart systems5.htm
103.12.09 09:24 B C:\_stuff\web\dm\backup0312\bart\systems6.htm <-- jennifer /bart systems6.htm
103.12.09 09:24 B C:\_stuff\web\dm\backup0312\bart\true.gif <-- jennifer /bart true.gif
103.12.09 09:24 B C:\_stuff\web\dm\backup0312\bart\write01.htm <-- jennifer /bart write01.htm
103.12.09 09:24 B C:\_stuff\web\dm\backup0312\bart\write02.htm <-- jennifer /bart write02.htm
103.12.09 09:24 B C:\_stuff\web\dm\backup0312\bart\write03.htm <-- jennifer /bart write03.htm
103.12.09 09:24 B C:\_stuff\web\dm\backup0312\bart\write04.htm <-- jennifer /bart write04.htm
103.12.09 09:24 B C:\_stuff\web\dm\backup0312\bart\write05.htm <-- jennifer /bart write05.htm
103.12.09 09:24 B C:\_stuff\web\dm\backup0312\bart\write06.htm <-- jennifer /bart write06.htm
103.12.09 09:24 B C:\_stuff\web\dm\backup0312\bart\write07.htm <-- jennifer /bart write07.htm
103.12.09 09:24 B C:\_stuff\web\dm\backup0312\bart\write08.htm <-- jennifer /bart write08.htm
103.12.09 09:24 B C:\_stuff\web\dm\backup0312\bart\write09.htm <-- jennifer /bart write09.htm
103.12.09 09:24 B C:\_stuff\web\dm\backup0312\bart\write10.htm <-- jennifer /bart write10.htm
103.12.09 09:24 B C:\_stuff\web\dm\backup0312\bart\write11.htm <-- jennifer /bart write11.htm
103.12.09 09:24 B C:\_stuff\web\dm\backup0312\bart\write12.htm <-- jennifer /bart write12.htm
103.12.09 09:24 B C:\_stuff\web\dm\backup0312\bart\write13.htm <-- jennifer /bart write13.htm
103.12.09 09:24 B C:\_stuff\web\dm\backup0312\bart\write14.htm <-- jennifer /bart write14.htm
103.12.09 09:24 B C:\_stuff\web\dm\backup0312\bart\write15.htm <-- jennifer /bart write15.htm
103.12.09 09:24 B C:\_stuff\web\dm\backup0312\bart\write16.htm <-- jennifer /bart write16.htm
103.12.09 09:24 B C:\_stuff\web\dm\backup0312\bart\write17.htm <-- jennifer /bart write17.htm
103.12.09 09:24 B C:\_stuff\web\dm\backup0312\bart\write18.htm <-- jennifer /bart write18.htm
103.12.09 09:24 B C:\_stuff\web\dm\backup0312\bart\write19.htm <-- jennifer /bart write19.htm
103.12.09 09:24 B C:\_stuff\web\dm\backup0312\bart\write20.htm <-- jennifer /bart write20.htm
103.12.09 09:24 B C:\_stuff\web\dm\backup0312\bart\write21.htm <-- jennifer /bart write21.htm
103.12.09 09:24 B C:\_stuff\web\dm\backup0312\bart\write22.htm <-- jennifer /bart write22.htm
103.12.09 09:24 B C:\_stuff\web\dm\backup0312\bart\write23.htm <-- jennifer /bart write23.htm
103.12.09 09:24 B C:\_stuff\web\dm\backup0312\bart\write24.htm <-- jennifer /bart write24.htm
103.12.09 09:24 B C:\_stuff\web\dm\backup0312\bart\write25.htm <-- jennifer /bart write25.htm
103.12.09 09:24 B C:\_stuff\web\dm\backup0312\bart\write26.htm <-- jennifer /bart write26.htm
103.12.09 09:24 B C:\_stuff\web\dm\backup0312\bart\write27.htm <-- jennifer /bart write27.htm
103.12.09 09:24 B C:\_stuff\web\dm\backup0312\bart\write28.htm <-- jennifer /bart write28.htm
103.12.09 09:24 B C:\_stuff\web\dm\backup0312\bart\write29.htm <-- jennifer /bart write29.htm
103.12.09 09:24 B C:\_stuff\web\dm\backup0312\bart\write30.htm <-- jennifer /bart write30.htm
103.12.09 09:24 B C:\_stuff\web\dm\backup0312\bart\wv_gray.jpg <-- jennifer /bart wv_gray.jpg
103.12.10 10:49 B C:\_stuff\web\dm\backup0312\bart\bar_blue.gif --> ftp.draftymanor.com /var/www/html/bart bar_blue.gif
103.12.10 10:49 B C:\_stuff\web\dm\backup0312\bart\bar_gray.gif --> ftp.draftymanor.com /var/www/html/bart bar_gray.gif
103.12.10 10:49 B C:\_stuff\web\dm\backup0312\bart\bar_gree.gif --> ftp.draftymanor.com /var/www/html/bart bar_gree.gif
103.12.10 10:49 B C:\_stuff\web\dm\backup0312\bart\bar_red.gif --> ftp.draftymanor.com /var/www/html/bart bar_red.gif
103.12.10 10:49 B C:\_stuff\web\dm\backup0312\bart\bar_yell.gif --> ftp.draftymanor.com /var/www/html/bart bar_yell.gif
103.12.10 10:49 B C:\_stuff\web\dm\backup0312\bart\Bart.gif --> ftp.draftymanor.com /var/www/html/bart Bart.gif
103.12.10 10:49 B C:\_stuff\web\dm\backup0312\bart\bart.htm --> ftp.draftymanor.com /var/www/html/bart bart.htm
103.12.10 10:49 B C:\_stuff\web\dm\backup0312\bart\Bart.jpg --> ftp.draftymanor.com /var/www/html/bart Bart.jpg
103.12.10 10:49 B C:\_stuff\web\dm\backup0312\bart\BTNGED.GIF --> ftp.draftymanor.com /var/www/html/bart BTNGED.GIF
103.12.10 10:49 B C:\_stuff\web\dm\backup0312\bart\BTNTOC.GIF --> ftp.draftymanor.com /var/www/html/bart BTNTOC.GIF
103.12.10 10:49 B C:\_stuff\web\dm\backup0312\bart\coopera1.htm --> ftp.draftymanor.com /var/www/html/bart coopera1.htm
103.12.10 10:49 B C:\_stuff\web\dm\backup0312\bart\coopera2.htm --> ftp.draftymanor.com /var/www/html/bart coopera2.htm
103.12.10 10:49 B C:\_stuff\web\dm\backup0312\bart\coopera3.htm --> ftp.draftymanor.com /var/www/html/bart coopera3.htm
103.12.10 10:49 B C:\_stuff\web\dm\backup0312\bart\coopera4.htm --> ftp.draftymanor.com /var/www/html/bart coopera4.htm
103.12.10 10:49 B C:\_stuff\web\dm\backup0312\bart\coopera5.htm --> ftp.draftymanor.com /var/www/html/bart coopera5.htm
103.12.10 10:49 B C:\_stuff\web\dm\backup0312\bart\coopera6.htm --> ftp.draftymanor.com /var/www/html/bart coopera6.htm
103.12.10 10:49 B C:\_stuff\web\dm\backup0312\bart\coopera7.htm --> ftp.draftymanor.com /var/www/html/bart coopera7.htm
103.12.10 10:49 B C:\_stuff\web\dm\backup0312\bart\coopera8.htm --> ftp.draftymanor.com /var/www/html/bart coopera8.htm
103.12.10 10:49 B C:\_stuff\web\dm\backup0312\bart\cooperat.htm --> ftp.draftymanor.com /var/www/html/bart cooperat.htm
103.12.10 10:49 B C:\_stuff\web\dm\backup0312\bart\discus1a.htm --> ftp.draftymanor.com /var/www/html/bart discus1a.htm
103.12.10 10:49 B C:\_stuff\web\dm\backup0312\bart\discus1b.htm --> ftp.draftymanor.com /var/www/html/bart discus1b.htm
103.12.10 10:49 B C:\_stuff\web\dm\backup0312\bart\discus1c.htm --> ftp.draftymanor.com /var/www/html/bart discus1c.htm
103.12.10 10:49 B C:\_stuff\web\dm\backup0312\bart\discus1d.htm --> ftp.draftymanor.com /var/www/html/bart discus1d.htm
103.12.10 10:49 B C:\_stuff\web\dm\backup0312\bart\discuss.htm --> ftp.draftymanor.com /var/www/html/bart discuss.htm
103.12.10 10:49 B C:\_stuff\web\dm\backup0312\bart\discuss1.htm --> ftp.draftymanor.com /var/www/html/bart discuss1.htm
103.12.10 10:49 B C:\_stuff\web\dm\backup0312\bart\discuss2.htm --> ftp.draftymanor.com /var/www/html/bart discuss2.htm
103.12.10 10:49 B C:\_stuff\web\dm\backup0312\bart\dot_clr.gif --> ftp.draftymanor.com /var/www/html/bart dot_clr.gif
103.12.10 10:49 B C:\_stuff\web\dm\backup0312\bart\false.gif --> ftp.draftymanor.com /var/www/html/bart false.gif
103.12.10 10:49 B C:\_stuff\web\dm\backup0312\bart\h_quigl1.htm --> ftp.draftymanor.com /var/www/html/bart h_quigl1.htm
103.12.10 10:49 B C:\_stuff\web\dm\backup0312\bart\h_quigl2.htm --> ftp.draftymanor.com /var/www/html/bart h_quigl2.htm
103.12.10 10:49 B C:\_stuff\web\dm\backup0312\bart\h_quigl3.htm --> ftp.draftymanor.com /var/www/html/bart h_quigl3.htm
103.12.10 10:49 B C:\_stuff\web\dm\backup0312\bart\h_quigl4.htm --> ftp.draftymanor.com /var/www/html/bart h_quigl4.htm
103.12.10 10:49 B C:\_stuff\web\dm\backup0312\bart\h_quigl5.htm --> ftp.draftymanor.com /var/www/html/bart h_quigl5.htm
103.12.10 10:49 B C:\_stuff\web\dm\backup0312\bart\h_quigl6.htm --> ftp.draftymanor.com /var/www/html/bart h_quigl6.htm
103.12.10 10:49 B C:\_stuff\web\dm\backup0312\bart\h_quigle.htm --> ftp.draftymanor.com /var/www/html/bart h_quigle.htm
103.12.10 10:49 B C:\_stuff\web\dm\backup0312\bart\h_spengl.htm --> ftp.draftymanor.com /var/www/html/bart h_spengl.htm
103.12.10 10:49 B C:\_stuff\web\dm\backup0312\bart\h_toynbe.htm --> ftp.draftymanor.com /var/www/html/bart h_toynbe.htm
103.12.10 10:49 B C:\_stuff\web\dm\backup0312\bart\HatBlack.gif --> ftp.draftymanor.com /var/www/html/bart HatBlack.gif
103.12.10 10:49 B C:\_stuff\web\dm\backup0312\bart\HatBlue.gif --> ftp.draftymanor.com /var/www/html/bart HatBlue.gif
103.12.10 10:49 B C:\_stuff\web\dm\backup0312\bart\HatGreen.gif --> ftp.draftymanor.com /var/www/html/bart HatGreen.gif
103.12.10 10:49 B C:\_stuff\web\dm\backup0312\bart\HatRed.gif --> ftp.draftymanor.com /var/www/html/bart HatRed.gif
103.12.10 10:49 B C:\_stuff\web\dm\backup0312\bart\HatWhite.gif --> ftp.draftymanor.com /var/www/html/bart HatWhite.gif
103.12.10 10:49 B C:\_stuff\web\dm\backup0312\bart\HatYello.gif --> ftp.draftymanor.com /var/www/html/bart HatYello.gif
103.12.10 10:49 B C:\_stuff\web\dm\backup0312\bart\iconchld.gif --> ftp.draftymanor.com /var/www/html/bart iconchld.gif
103.12.10 10:49 B C:\_stuff\web\dm\backup0312\bart\index.htm --> ftp.draftymanor.com /var/www/html/bart index.htm
103.12.10 10:49 B C:\_stuff\web\dm\backup0312\bart\index2.htm --> ftp.draftymanor.com /var/www/html/bart index2.htm
103.12.10 10:49 B C:\_stuff\web\dm\backup0312\bart\index3.htm --> ftp.draftymanor.com /var/www/html/bart index3.htm
103.12.10 10:49 B C:\_stuff\web\dm\backup0312\bart\intro.htm --> ftp.draftymanor.com /var/www/html/bart intro.htm
103.12.10 10:49 B C:\_stuff\web\dm\backup0312\bart\livsys.htm --> ftp.draftymanor.com /var/www/html/bart livsys.htm
103.12.10 10:49 B C:\_stuff\web\dm\backup0312\bart\meta.htm --> ftp.draftymanor.com /var/www/html/bart meta.htm
103.12.10 10:49 B C:\_stuff\web\dm\backup0312\bart\meta_arrow.gif --> ftp.draftymanor.com /var/www/html/bart meta_arrow.gif
103.12.10 10:49 B C:\_stuff\web\dm\backup0312\bart\meta_binary.gif --> ftp.draftymanor.com /var/www/html/bart meta_binary.gif
103.12.10 10:49 B C:\_stuff\web\dm\backup0312\bart\meta_border.gif --> ftp.draftymanor.com /var/www/html/bart meta_border.gif
103.12.10 10:49 B C:\_stuff\web\dm\backup0312\bart\meta_break.gif --> ftp.draftymanor.com /var/www/html/bart meta_break.gif
103.12.10 10:49 B C:\_stuff\web\dm\backup0312\bart\meta_calendar.gif --> ftp.draftymanor.com /var/www/html/bart meta_calendar.gif
103.12.10 10:49 B C:\_stuff\web\dm\backup0312\bart\meta_center.gif --> ftp.draftymanor.com /var/www/html/bart meta_center.gif
103.12.10 10:49 B C:\_stuff\web\dm\backup0312\bart\meta_cycle.gif --> ftp.draftymanor.com /var/www/html/bart meta_cycle.gif
103.12.10 10:49 B C:\_stuff\web\dm\backup0312\bart\meta_layer.gif --> ftp.draftymanor.com /var/www/html/bart meta_layer.gif
103.12.10 10:49 B C:\_stuff\web\dm\backup0312\bart\meta_sphere.gif --> ftp.draftymanor.com /var/www/html/bart meta_sphere.gif
103.12.10 10:49 B C:\_stuff\web\dm\backup0312\bart\meta_tubesheet.gif --> ftp.draftymanor.com /var/www/html/bart meta_tubesheet.gif
103.12.10 10:49 B C:\_stuff\web\dm\backup0312\bart\new.htm --> ftp.draftymanor.com /var/www/html/bart new.htm
103.12.10 10:49 B C:\_stuff\web\dm\backup0312\bart\nf_art.htm --> ftp.draftymanor.com /var/www/html/bart nf_art.htm
103.12.10 10:49 B C:\_stuff\web\dm\backup0312\bart\nf_desc.htm --> ftp.draftymanor.com /var/www/html/bart nf_desc.htm
103.12.10 10:49 B C:\_stuff\web\dm\backup0312\bart\nf_genea.htm --> ftp.draftymanor.com /var/www/html/bart nf_genea.htm
103.12.10 10:49 B C:\_stuff\web\dm\backup0312\bart\nf_music.htm --> ftp.draftymanor.com /var/www/html/bart nf_music.htm
103.12.10 10:49 B C:\_stuff\web\dm\backup0312\bart\nf_sff.htm --> ftp.draftymanor.com /var/www/html/bart nf_sff.htm
103.12.10 10:49 B C:\_stuff\web\dm\backup0312\bart\nt_comp1.htm --> ftp.draftymanor.com /var/www/html/bart nt_comp1.htm
103.12.10 10:49 B C:\_stuff\web\dm\backup0312\bart\nt_comp2.htm --> ftp.draftymanor.com /var/www/html/bart nt_comp2.htm
103.12.10 10:49 B C:\_stuff\web\dm\backup0312\bart\nt_compu.htm --> ftp.draftymanor.com /var/www/html/bart nt_compu.htm
103.12.10 10:49 B C:\_stuff\web\dm\backup0312\bart\nt_desc.htm --> ftp.draftymanor.com /var/www/html/bart nt_desc.htm
103.12.10 10:49 B C:\_stuff\web\dm\backup0312\bart\nt_per1.htm --> ftp.draftymanor.com /var/www/html/bart nt_per1.htm
103.12.10 10:49 B C:\_stuff\web\dm\backup0312\bart\nt_per2.htm --> ftp.draftymanor.com /var/www/html/bart nt_per2.htm
103.12.10 10:50 B C:\_stuff\web\dm\backup0312\bart\nt_per3.htm --> ftp.draftymanor.com /var/www/html/bart nt_per3.htm
103.12.10 10:50 B C:\_stuff\web\dm\backup0312\bart\nt_per4.htm --> ftp.draftymanor.com /var/www/html/bart nt_per4.htm
103.12.10 10:50 B C:\_stuff\web\dm\backup0312\bart\nt_per5.htm --> ftp.draftymanor.com /var/www/html/bart nt_per5.htm
103.12.10 10:50 B C:\_stuff\web\dm\backup0312\bart\nt_per5a.htm --> ftp.draftymanor.com /var/www/html/bart nt_per5a.htm
103.12.10 10:50 B C:\_stuff\web\dm\backup0312\bart\nt_per5b.htm --> ftp.draftymanor.com /var/www/html/bart nt_per5b.htm
103.12.10 10:50 B C:\_stuff\web\dm\backup0312\bart\nt_per5c.htm --> ftp.draftymanor.com /var/www/html/bart nt_per5c.htm
103.12.10 10:50 B C:\_stuff\web\dm\backup0312\bart\nt_per5d.htm --> ftp.draftymanor.com /var/www/html/bart nt_per5d.htm
103.12.10 10:50 B C:\_stuff\web\dm\backup0312\bart\nt_per6.htm --> ftp.draftymanor.com /var/www/html/bart nt_per6.htm
103.12.10 10:50 B C:\_stuff\web\dm\backup0312\bart\nt_per6a.htm --> ftp.draftymanor.com /var/www/html/bart nt_per6a.htm
103.12.10 10:50 B C:\_stuff\web\dm\backup0312\bart\nt_per6b.htm --> ftp.draftymanor.com /var/www/html/bart nt_per6b.htm
103.12.10 10:50 B C:\_stuff\web\dm\backup0312\bart\nt_per6c.htm --> ftp.draftymanor.com /var/www/html/bart nt_per6c.htm
103.12.10 10:50 B C:\_stuff\web\dm\backup0312\bart\nt_per6d.htm --> ftp.draftymanor.com /var/www/html/bart nt_per6d.htm
103.12.10 10:50 B C:\_stuff\web\dm\backup0312\bart\nt_per6e.htm --> ftp.draftymanor.com /var/www/html/bart nt_per6e.htm
103.12.10 10:50 B C:\_stuff\web\dm\backup0312\bart\nt_per6f.htm --> ftp.draftymanor.com /var/www/html/bart nt_per6f.htm
103.12.10 10:50 B C:\_stuff\web\dm\backup0312\bart\nt_per6g.htm --> ftp.draftymanor.com /var/www/html/bart nt_per6g.htm
103.12.10 10:50 B C:\_stuff\web\dm\backup0312\bart\nt_per6h.htm --> ftp.draftymanor.com /var/www/html/bart nt_per6h.htm
103.12.10 10:50 B C:\_stuff\web\dm\backup0312\bart\nt_per6i.htm --> ftp.draftymanor.com /var/www/html/bart nt_per6i.htm
103.12.10 10:50 B C:\_stuff\web\dm\backup0312\bart\nt_per6j.htm --> ftp.draftymanor.com /var/www/html/bart nt_per6j.htm
103.12.10 10:50 B C:\_stuff\web\dm\backup0312\bart\nt_per6k.htm --> ftp.draftymanor.com /var/www/html/bart nt_per6k.htm
103.12.10 10:50 B C:\_stuff\web\dm\backup0312\bart\nt_per6l.htm --> ftp.draftymanor.com /var/www/html/bart nt_per6l.htm
103.12.10 10:50 B C:\_stuff\web\dm\backup0312\bart\nt_per6m.htm --> ftp.draftymanor.com /var/www/html/bart nt_per6m.htm
103.12.10 10:50 B C:\_stuff\web\dm\backup0312\bart\nt_per6n.htm --> ftp.draftymanor.com /var/www/html/bart nt_per6n.htm
103.12.10 10:50 B C:\_stuff\web\dm\backup0312\bart\nt_per6o.htm --> ftp.draftymanor.com /var/www/html/bart nt_per6o.htm
103.12.10 10:50 B C:\_stuff\web\dm\backup0312\bart\nt_per6p.htm --> ftp.draftymanor.com /var/www/html/bart nt_per6p.htm
103.12.10 10:50 B C:\_stuff\web\dm\backup0312\bart\nt_per7.htm --> ftp.draftymanor.com /var/www/html/bart nt_per7.htm
103.12.10 10:50 B C:\_stuff\web\dm\backup0312\bart\nt_per7b.htm --> ftp.draftymanor.com /var/www/html/bart nt_per7b.htm
103.12.10 10:50 B C:\_stuff\web\dm\backup0312\bart\nt_reaso.htm --> ftp.draftymanor.com /var/www/html/bart nt_reaso.htm
103.12.10 10:50 B C:\_stuff\web\dm\backup0312\bart\nt_scien.htm --> ftp.draftymanor.com /var/www/html/bart nt_scien.htm
103.12.10 10:50 B C:\_stuff\web\dm\backup0312\bart\res_html.doc --> ftp.draftymanor.com /var/www/html/bart res_html.doc
103.12.10 10:50 B C:\_stuff\web\dm\backup0312\bart\resume.htm --> ftp.draftymanor.com /var/www/html/bart resume.htm
103.12.10 10:50 B C:\_stuff\web\dm\backup0312\bart\rsaclabel.gif --> ftp.draftymanor.com /var/www/html/bart rsaclabel.gif
103.12.10 10:50 B C:\_stuff\web\dm\backup0312\bart\scotlionramp.gif --> ftp.draftymanor.com /var/www/html/bart scotlionramp.gif
103.12.10 10:50 B C:\_stuff\web\dm\backup0312\bart\scotmap2.gif --> ftp.draftymanor.com /var/www/html/bart scotmap2.gif
103.12.10 10:50 B C:\_stuff\web\dm\backup0312\bart\sixhats.htm --> ftp.draftymanor.com /var/www/html/bart sixhats.htm
103.12.10 10:50 B C:\_stuff\web\dm\backup0312\bart\sixhats1.htm --> ftp.draftymanor.com /var/www/html/bart sixhats1.htm
103.12.10 10:50 B C:\_stuff\web\dm\backup0312\bart\sixhats2.htm --> ftp.draftymanor.com /var/www/html/bart sixhats2.htm
103.12.10 10:50 B C:\_stuff\web\dm\backup0312\bart\sixhats3.htm --> ftp.draftymanor.com /var/www/html/bart sixhats3.htm
103.12.10 10:50 B C:\_stuff\web\dm\backup0312\bart\sixhats4.htm --> ftp.draftymanor.com /var/www/html/bart sixhats4.htm
103.12.10 10:50 B C:\_stuff\web\dm\backup0312\bart\sixhats5.htm --> ftp.draftymanor.com /var/www/html/bart sixhats5.htm
103.12.10 10:50 B C:\_stuff\web\dm\backup0312\bart\sixhats6.htm --> ftp.draftymanor.com /var/www/html/bart sixhats6.htm
103.12.10 10:50 B C:\_stuff\web\dm\backup0312\bart\sj_desc.htm --> ftp.draftymanor.com /var/www/html/bart sj_desc.htm
103.12.10 10:50 B C:\_stuff\web\dm\backup0312\bart\sj_econo.htm --> ftp.draftymanor.com /var/www/html/bart sj_econo.htm
103.12.10 10:50 B C:\_stuff\web\dm\backup0312\bart\sj_histo.htm --> ftp.draftymanor.com /var/www/html/bart sj_histo.htm
103.12.10 10:50 B C:\_stuff\web\dm\backup0312\bart\sj_polit.htm --> ftp.draftymanor.com /var/www/html/bart sj_polit.htm
103.12.10 10:50 B C:\_stuff\web\dm\backup0312\bart\sj_polit1.htm --> ftp.draftymanor.com /var/www/html/bart sj_polit1.htm
103.12.10 10:50 B C:\_stuff\web\dm\backup0312\bart\sj_relig.htm --> ftp.draftymanor.com /var/www/html/bart sj_relig.htm
103.12.10 10:50 B C:\_stuff\web\dm\backup0312\bart\sp_desc.htm --> ftp.draftymanor.com /var/www/html/bart sp_desc.htm
103.12.10 10:50 B C:\_stuff\web\dm\backup0312\bart\sp_game1.htm --> ftp.draftymanor.com /var/www/html/bart sp_game1.htm
103.12.10 10:50 B C:\_stuff\web\dm\backup0312\bart\sp_game2.htm --> ftp.draftymanor.com /var/www/html/bart sp_game2.htm
103.12.10 10:50 B C:\_stuff\web\dm\backup0312\bart\sp_game3.htm --> ftp.draftymanor.com /var/www/html/bart sp_game3.htm
103.12.10 10:50 B C:\_stuff\web\dm\backup0312\bart\sp_game4.htm --> ftp.draftymanor.com /var/www/html/bart sp_game4.htm
103.12.10 10:50 B C:\_stuff\web\dm\backup0312\bart\sp_game5.htm --> ftp.draftymanor.com /var/www/html/bart sp_game5.htm
103.12.10 10:50 B C:\_stuff\web\dm\backup0312\bart\sp_games.htm --> ftp.draftymanor.com /var/www/html/bart sp_games.htm
103.12.10 10:50 B C:\_stuff\web\dm\backup0312\bart\sp_scmap.htm --> ftp.draftymanor.com /var/www/html/bart sp_scmap.htm
103.12.10 10:50 B C:\_stuff\web\dm\backup0312\bart\sp_tra01.htm --> ftp.draftymanor.com /var/www/html/bart sp_tra01.htm
103.12.10 10:50 B C:\_stuff\web\dm\backup0312\bart\sp_tra02.htm --> ftp.draftymanor.com /var/www/html/bart sp_tra02.htm
103.12.10 10:50 B C:\_stuff\web\dm\backup0312\bart\sp_tra03.htm --> ftp.draftymanor.com /var/www/html/bart sp_tra03.htm
103.12.10 10:50 B C:\_stuff\web\dm\backup0312\bart\sp_tra04.htm --> ftp.draftymanor.com /var/www/html/bart sp_tra04.htm
103.12.10 10:50 B C:\_stuff\web\dm\backup0312\bart\sp_tra05.htm --> ftp.draftymanor.com /var/www/html/bart sp_tra05.htm
103.12.10 10:50 B C:\_stuff\web\dm\backup0312\bart\sp_tra06.htm --> ftp.draftymanor.com /var/www/html/bart sp_tra06.htm
103.12.10 10:50 B C:\_stuff\web\dm\backup0312\bart\sp_tra07.htm --> ftp.draftymanor.com /var/www/html/bart sp_tra07.htm
103.12.10 10:50 B C:\_stuff\web\dm\backup0312\bart\sp_tra08.htm --> ftp.draftymanor.com /var/www/html/bart sp_tra08.htm
103.12.10 10:50 B C:\_stuff\web\dm\backup0312\bart\sp_tra09.htm --> ftp.draftymanor.com /var/www/html/bart sp_tra09.htm
103.12.10 10:50 B C:\_stuff\web\dm\backup0312\bart\sp_tra10.htm --> ftp.draftymanor.com /var/www/html/bart sp_tra10.htm
103.12.10 10:50 B C:\_stuff\web\dm\backup0312\bart\sp_tra11.htm --> ftp.draftymanor.com /var/www/html/bart sp_tra11.htm
103.12.10 10:50 B C:\_stuff\web\dm\backup0312\bart\sp_tra12.htm --> ftp.draftymanor.com /var/www/html/bart sp_tra12.htm
103.12.10 10:50 B C:\_stuff\web\dm\backup0312\bart\sp_tra13.htm --> ftp.draftymanor.com /var/www/html/bart sp_tra13.htm
103.12.10 10:50 B C:\_stuff\web\dm\backup0312\bart\sp_tra14.htm --> ftp.draftymanor.com /var/www/html/bart sp_tra14.htm
103.12.10 10:50 B C:\_stuff\web\dm\backup0312\bart\sp_tra15.htm --> ftp.draftymanor.com /var/www/html/bart sp_tra15.htm
103.12.10 10:50 B C:\_stuff\web\dm\backup0312\bart\sp_tra16.htm --> ftp.draftymanor.com /var/www/html/bart sp_tra16.htm
103.12.10 10:50 B C:\_stuff\web\dm\backup0312\bart\sp_tra17.htm --> ftp.draftymanor.com /var/www/html/bart sp_tra17.htm
103.12.10 10:50 B C:\_stuff\web\dm\backup0312\bart\sp_trave.htm --> ftp.draftymanor.com /var/www/html/bart sp_trave.htm
103.12.10 10:50 B C:\_stuff\web\dm\backup0312\bart\sp_trp01.htm --> ftp.draftymanor.com /var/www/html/bart sp_trp01.htm
103.12.10 10:50 B C:\_stuff\web\dm\backup0312\bart\sp_trp02.htm --> ftp.draftymanor.com /var/www/html/bart sp_trp02.htm
103.12.10 10:50 B C:\_stuff\web\dm\backup0312\bart\sp_trp03.htm --> ftp.draftymanor.com /var/www/html/bart sp_trp03.htm
103.12.10 10:50 B C:\_stuff\web\dm\backup0312\bart\sp_trp04.htm --> ftp.draftymanor.com /var/www/html/bart sp_trp04.htm
103.12.10 10:50 B C:\_stuff\web\dm\backup0312\bart\sp_trp05.htm --> ftp.draftymanor.com /var/www/html/bart sp_trp05.htm
103.12.10 10:50 B C:\_stuff\web\dm\backup0312\bart\sp_trp06.htm --> ftp.draftymanor.com /var/www/html/bart sp_trp06.htm
103.12.10 10:50 B C:\_stuff\web\dm\backup0312\bart\sp_trp07.htm --> ftp.draftymanor.com /var/www/html/bart sp_trp07.htm
103.12.10 10:50 B C:\_stuff\web\dm\backup0312\bart\sp_trp08.htm --> ftp.draftymanor.com /var/www/html/bart sp_trp08.htm
103.12.10 10:50 B C:\_stuff\web\dm\backup0312\bart\sp_trp09.htm --> ftp.draftymanor.com /var/www/html/bart sp_trp09.htm
103.12.10 10:50 B C:\_stuff\web\dm\backup0312\bart\sp_trp10.htm --> ftp.draftymanor.com /var/www/html/bart sp_trp10.htm
103.12.10 10:50 B C:\_stuff\web\dm\backup0312\bart\sp_trp11.htm --> ftp.draftymanor.com /var/www/html/bart sp_trp11.htm
103.12.10 10:50 B C:\_stuff\web\dm\backup0312\bart\sp_trp12.htm --> ftp.draftymanor.com /var/www/html/bart sp_trp12.htm
103.12.10 10:50 B C:\_stuff\web\dm\backup0312\bart\sp_trp13.htm --> ftp.draftymanor.com /var/www/html/bart sp_trp13.htm
103.12.10 10:50 B C:\_stuff\web\dm\backup0312\bart\sp_trp14.htm --> ftp.draftymanor.com /var/www/html/bart sp_trp14.htm
103.12.10 10:50 B C:\_stuff\web\dm\backup0312\bart\sp_trp15.htm --> ftp.draftymanor.com /var/www/html/bart sp_trp15.htm
103.12.10 10:50 B C:\_stuff\web\dm\backup0312\bart\sp_trp16.htm --> ftp.draftymanor.com /var/www/html/bart sp_trp16.htm
103.12.10 10:50 B C:\_stuff\web\dm\backup0312\bart\sp_trp17.htm --> ftp.draftymanor.com /var/www/html/bart sp_trp17.htm
103.12.10 10:50 B C:\_stuff\web\dm\backup0312\bart\sp_trp18.htm --> ftp.draftymanor.com /var/www/html/bart sp_trp18.htm
103.12.10 10:50 B C:\_stuff\web\dm\backup0312\bart\sp_trp19.htm --> ftp.draftymanor.com /var/www/html/bart sp_trp19.htm
103.12.10 10:50 B C:\_stuff\web\dm\backup0312\bart\sp_trp20.htm --> ftp.draftymanor.com /var/www/html/bart sp_trp20.htm
103.12.10 10:50 B C:\_stuff\web\dm\backup0312\bart\sp_trp21.htm --> ftp.draftymanor.com /var/www/html/bart sp_trp21.htm
103.12.10 10:50 B C:\_stuff\web\dm\backup0312\bart\sp_trp22.htm --> ftp.draftymanor.com /var/www/html/bart sp_trp22.htm
103.12.10 10:51 B C:\_stuff\web\dm\backup0312\bart\sp_work.htm --> ftp.draftymanor.com /var/www/html/bart sp_work.htm
103.12.10 10:51 B C:\_stuff\web\dm\backup0312\bart\sp_writi.htm --> ftp.draftymanor.com /var/www/html/bart sp_writi.htm
103.12.10 10:51 B C:\_stuff\web\dm\backup0312\bart\sq_blue2.jpg --> ftp.draftymanor.com /var/www/html/bart sq_blue2.jpg
103.12.10 10:51 B C:\_stuff\web\dm\backup0312\bart\systems.htm --> ftp.draftymanor.com /var/www/html/bart systems.htm
103.12.10 10:51 B C:\_stuff\web\dm\backup0312\bart\systems1.htm --> ftp.draftymanor.com /var/www/html/bart systems1.htm
103.12.10 10:51 B C:\_stuff\web\dm\backup0312\bart\systems2.htm --> ftp.draftymanor.com /var/www/html/bart systems2.htm
103.12.10 10:51 B C:\_stuff\web\dm\backup0312\bart\systems3.htm --> ftp.draftymanor.com /var/www/html/bart systems3.htm
103.12.10 10:51 B C:\_stuff\web\dm\backup0312\bart\systems4.htm --> ftp.draftymanor.com /var/www/html/bart systems4.htm
103.12.10 10:51 B C:\_stuff\web\dm\backup0312\bart\systems5.htm --> ftp.draftymanor.com /var/www/html/bart systems5.htm
103.12.10 10:51 B C:\_stuff\web\dm\backup0312\bart\systems6.htm --> ftp.draftymanor.com /var/www/html/bart systems6.htm
103.12.10 10:51 B C:\_stuff\web\dm\backup0312\bart\true.gif --> ftp.draftymanor.com /var/www/html/bart true.gif
103.12.10 10:51 B C:\_stuff\web\dm\backup0312\bart\write01.htm --> ftp.draftymanor.com /var/www/html/bart write01.htm
103.12.10 10:51 B C:\_stuff\web\dm\backup0312\bart\write02.htm --> ftp.draftymanor.com /var/www/html/bart write02.htm
103.12.10 10:51 B C:\_stuff\web\dm\backup0312\bart\write03.htm --> ftp.draftymanor.com /var/www/html/bart write03.htm
103.12.10 10:51 B C:\_stuff\web\dm\backup0312\bart\write04.htm --> ftp.draftymanor.com /var/www/html/bart write04.htm
103.12.10 10:51 B C:\_stuff\web\dm\backup0312\bart\write05.htm --> ftp.draftymanor.com /var/www/html/bart write05.htm
103.12.10 10:51 B C:\_stuff\web\dm\backup0312\bart\write06.htm --> ftp.draftymanor.com /var/www/html/bart write06.htm
103.12.10 10:51 B C:\_stuff\web\dm\backup0312\bart\write07.htm --> ftp.draftymanor.com /var/www/html/bart write07.htm
103.12.10 10:51 B C:\_stuff\web\dm\backup0312\bart\write08.htm --> ftp.draftymanor.com /var/www/html/bart write08.htm
103.12.10 10:51 B C:\_stuff\web\dm\backup0312\bart\write09.htm --> ftp.draftymanor.com /var/www/html/bart write09.htm
103.12.10 10:51 B C:\_stuff\web\dm\backup0312\bart\write10.htm --> ftp.draftymanor.com /var/www/html/bart write10.htm
103.12.10 10:51 B C:\_stuff\web\dm\backup0312\bart\write11.htm --> ftp.draftymanor.com /var/www/html/bart write11.htm
103.12.10 10:51 B C:\_stuff\web\dm\backup0312\bart\write12.htm --> ftp.draftymanor.com /var/www/html/bart write12.htm
103.12.10 10:51 B C:\_stuff\web\dm\backup0312\bart\write13.htm --> ftp.draftymanor.com /var/www/html/bart write13.htm
103.12.10 10:51 B C:\_stuff\web\dm\backup0312\bart\write14.htm --> ftp.draftymanor.com /var/www/html/bart write14.htm
103.12.10 10:51 B C:\_stuff\web\dm\backup0312\bart\write15.htm --> ftp.draftymanor.com /var/www/html/bart write15.htm
103.12.10 10:51 B C:\_stuff\web\dm\backup0312\bart\write16.htm --> ftp.draftymanor.com /var/www/html/bart write16.htm
103.12.10 10:51 B C:\_stuff\web\dm\backup0312\bart\write17.htm --> ftp.draftymanor.com /var/www/html/bart write17.htm
103.12.10 10:51 B C:\_stuff\web\dm\backup0312\bart\write18.htm --> ftp.draftymanor.com /var/www/html/bart write18.htm
103.12.10 10:51 B C:\_stuff\web\dm\backup0312\bart\write19.htm --> ftp.draftymanor.com /var/www/html/bart write19.htm
103.12.10 10:51 B C:\_stuff\web\dm\backup0312\bart\write20.htm --> ftp.draftymanor.com /var/www/html/bart write20.htm
103.12.10 10:51 B C:\_stuff\web\dm\backup0312\bart\write21.htm --> ftp.draftymanor.com /var/www/html/bart write21.htm
103.12.10 10:51 B C:\_stuff\web\dm\backup0312\bart\write22.htm --> ftp.draftymanor.com /var/www/html/bart write22.htm
103.12.10 10:51 B C:\_stuff\web\dm\backup0312\bart\write23.htm --> ftp.draftymanor.com /var/www/html/bart write23.htm
103.12.10 10:51 B C:\_stuff\web\dm\backup0312\bart\write24.htm --> ftp.draftymanor.com /var/www/html/bart write24.htm
103.12.10 10:51 B C:\_stuff\web\dm\backup0312\bart\write25.htm --> ftp.draftymanor.com /var/www/html/bart write25.htm
103.12.10 10:51 B C:\_stuff\web\dm\backup0312\bart\write26.htm --> ftp.draftymanor.com /var/www/html/bart write26.htm
103.12.10 10:51 B C:\_stuff\web\dm\backup0312\bart\write27.htm --> ftp.draftymanor.com /var/www/html/bart write27.htm
103.12.10 10:51 B C:\_stuff\web\dm\backup0312\bart\write28.htm --> ftp.draftymanor.com /var/www/html/bart write28.htm
103.12.10 10:51 B C:\_stuff\web\dm\backup0312\bart\write29.htm --> ftp.draftymanor.com /var/www/html/bart write29.htm
103.12.10 10:51 B C:\_stuff\web\dm\backup0312\bart\write30.htm --> ftp.draftymanor.com /var/www/html/bart write30.htm
