103.12.09 09:20 B C:\_stuff\web\dm\backup0312\bart\ScotImg\cawdor1.jpg <-- jennifer /bart/ScotImg cawdor1.jpg
103.12.09 09:20 B C:\_stuff\web\dm\backup0312\bart\ScotImg\church.jpg <-- jennifer /bart/ScotImg church.jpg
103.12.09 09:20 B C:\_stuff\web\dm\backup0312\bart\ScotImg\cullod1.jpg <-- jennifer /bart/ScotImg cullod1.jpg
103.12.09 09:20 B C:\_stuff\web\dm\backup0312\bart\ScotImg\ditch.jpg <-- jennifer /bart/ScotImg ditch.jpg
103.12.09 09:20 B C:\_stuff\web\dm\backup0312\bart\ScotImg\duart1.jpg <-- jennifer /bart/ScotImg duart1.jpg
103.12.09 09:20 B C:\_stuff\web\dm\backup0312\bart\ScotImg\edincas1.jpg <-- jennifer /bart/ScotImg edincas1.jpg
103.12.09 09:20 B C:\_stuff\web\dm\backup0312\bart\ScotImg\edincas2.jpg <-- jennifer /bart/ScotImg edincas2.jpg
103.12.09 09:20 B C:\_stuff\web\dm\backup0312\bart\ScotImg\edincas3.jpg <-- jennifer /bart/ScotImg edincas3.jpg
103.12.09 09:21 B C:\_stuff\web\dm\backup0312\bart\ScotImg\eileand1.jpg <-- jennifer /bart/ScotImg eileand1.jpg
103.12.09 09:21 B C:\_stuff\web\dm\backup0312\bart\ScotImg\eileand2.jpg <-- jennifer /bart/ScotImg eileand2.jpg
103.12.09 09:21 B C:\_stuff\web\dm\backup0312\bart\ScotImg\falllora.jpg <-- jennifer /bart/ScotImg falllora.jpg
103.12.09 09:21 B C:\_stuff\web\dm\backup0312\bart\ScotImg\glencoe1.jpg <-- jennifer /bart/ScotImg glencoe1.jpg
103.12.09 09:21 B C:\_stuff\web\dm\backup0312\bart\ScotImg\holyroo1.jpg <-- jennifer /bart/ScotImg holyroo1.jpg
103.12.09 09:21 B C:\_stuff\web\dm\backup0312\bart\ScotImg\ionaa1.jpg <-- jennifer /bart/ScotImg ionaa1.jpg
103.12.09 09:21 B C:\_stuff\web\dm\backup0312\bart\ScotImg\ionaa2.jpg <-- jennifer /bart/ScotImg ionaa2.jpg
103.12.09 09:21 B C:\_stuff\web\dm\backup0312\bart\ScotImg\ionam1.jpg <-- jennifer /bart/ScotImg ionam1.jpg
103.12.09 09:21 B C:\_stuff\web\dm\backup0312\bart\ScotImg\ionam2.jpg <-- jennifer /bart/ScotImg ionam2.jpg
103.12.09 09:21 B C:\_stuff\web\dm\backup0312\bart\ScotImg\kiltroc1.jpg <-- jennifer /bart/ScotImg kiltroc1.jpg
103.12.09 09:21 B C:\_stuff\web\dm\backup0312\bart\ScotImg\kiltroc2.jpg <-- jennifer /bart/ScotImg kiltroc2.jpg
103.12.09 09:21 B C:\_stuff\web\dm\backup0312\bart\ScotImg\knoxhous.jpg <-- jennifer /bart/ScotImg knoxhous.jpg
103.12.09 09:21 B C:\_stuff\web\dm\backup0312\bart\ScotImg\lomond1.jpg <-- jennifer /bart/ScotImg lomond1.jpg
103.12.09 09:21 B C:\_stuff\web\dm\backup0312\bart\ScotImg\ness.jpg <-- jennifer /bart/ScotImg ness.jpg
103.12.09 09:21 B C:\_stuff\web\dm\backup0312\bart\ScotImg\royalmil.jpg <-- jennifer /bart/ScotImg royalmil.jpg
103.12.09 09:21 B C:\_stuff\web\dm\backup0312\bart\ScotImg\st-giles.jpg <-- jennifer /bart/ScotImg st-giles.jpg
103.12.09 09:21 B C:\_stuff\web\dm\backup0312\bart\ScotImg\t_cawdor1.jpg <-- jennifer /bart/ScotImg t_cawdor1.jpg
103.12.09 09:21 B C:\_stuff\web\dm\backup0312\bart\ScotImg\t_church.jpg <-- jennifer /bart/ScotImg t_church.jpg
103.12.09 09:21 B C:\_stuff\web\dm\backup0312\bart\ScotImg\t_cullod1.jpg <-- jennifer /bart/ScotImg t_cullod1.jpg
103.12.09 09:21 B C:\_stuff\web\dm\backup0312\bart\ScotImg\t_ditch.jpg <-- jennifer /bart/ScotImg t_ditch.jpg
103.12.09 09:21 B C:\_stuff\web\dm\backup0312\bart\ScotImg\t_duart1.jpg <-- jennifer /bart/ScotImg t_duart1.jpg
103.12.09 09:21 B C:\_stuff\web\dm\backup0312\bart\ScotImg\t_edincas1.jpg <-- jennifer /bart/ScotImg t_edincas1.jpg
103.12.09 09:21 B C:\_stuff\web\dm\backup0312\bart\ScotImg\t_edincas2.jpg <-- jennifer /bart/ScotImg t_edincas2.jpg
103.12.09 09:21 B C:\_stuff\web\dm\backup0312\bart\ScotImg\t_edincas3.jpg <-- jennifer /bart/ScotImg t_edincas3.jpg
103.12.09 09:21 B C:\_stuff\web\dm\backup0312\bart\ScotImg\t_eileand1.jpg <-- jennifer /bart/ScotImg t_eileand1.jpg
103.12.09 09:21 B C:\_stuff\web\dm\backup0312\bart\ScotImg\t_eileand2.jpg <-- jennifer /bart/ScotImg t_eileand2.jpg
103.12.09 09:21 B C:\_stuff\web\dm\backup0312\bart\ScotImg\t_falllora.jpg <-- jennifer /bart/ScotImg t_falllora.jpg
103.12.09 09:21 B C:\_stuff\web\dm\backup0312\bart\ScotImg\t_glencoe1.jpg <-- jennifer /bart/ScotImg t_glencoe1.jpg
103.12.09 09:21 B C:\_stuff\web\dm\backup0312\bart\ScotImg\t_holyroo1.jpg <-- jennifer /bart/ScotImg t_holyroo1.jpg
103.12.09 09:21 B C:\_stuff\web\dm\backup0312\bart\ScotImg\t_ionaa1.jpg <-- jennifer /bart/ScotImg t_ionaa1.jpg
103.12.09 09:21 B C:\_stuff\web\dm\backup0312\bart\ScotImg\t_ionaa2.jpg <-- jennifer /bart/ScotImg t_ionaa2.jpg
103.12.09 09:21 B C:\_stuff\web\dm\backup0312\bart\ScotImg\t_ionam1.jpg <-- jennifer /bart/ScotImg t_ionam1.jpg
103.12.09 09:21 B C:\_stuff\web\dm\backup0312\bart\ScotImg\t_ionam2.jpg <-- jennifer /bart/ScotImg t_ionam2.jpg
103.12.09 09:21 B C:\_stuff\web\dm\backup0312\bart\ScotImg\t_kiltroc1.jpg <-- jennifer /bart/ScotImg t_kiltroc1.jpg
103.12.09 09:21 B C:\_stuff\web\dm\backup0312\bart\ScotImg\t_kiltroc2.jpg <-- jennifer /bart/ScotImg t_kiltroc2.jpg
103.12.09 09:21 B C:\_stuff\web\dm\backup0312\bart\ScotImg\t_knoxhous.jpg <-- jennifer /bart/ScotImg t_knoxhous.jpg
103.12.09 09:21 B C:\_stuff\web\dm\backup0312\bart\ScotImg\t_lomond1.jpg <-- jennifer /bart/ScotImg t_lomond1.jpg
103.12.09 09:21 B C:\_stuff\web\dm\backup0312\bart\ScotImg\t_ness.jpg <-- jennifer /bart/ScotImg t_ness.jpg
103.12.09 09:21 B C:\_stuff\web\dm\backup0312\bart\ScotImg\t_royalmil.jpg <-- jennifer /bart/ScotImg t_royalmil.jpg
103.12.09 09:21 B C:\_stuff\web\dm\backup0312\bart\ScotImg\t_st-giles.jpg <-- jennifer /bart/ScotImg t_st-giles.jpg
103.12.09 09:21 B C:\_stuff\web\dm\backup0312\bart\ScotImg\t_tattoo1.jpg <-- jennifer /bart/ScotImg t_tattoo1.jpg
103.12.09 09:21 B C:\_stuff\web\dm\backup0312\bart\ScotImg\t_tattoo2.jpg <-- jennifer /bart/ScotImg t_tattoo2.jpg
103.12.09 09:21 B C:\_stuff\web\dm\backup0312\bart\ScotImg\t_tattoo3.jpg <-- jennifer /bart/ScotImg t_tattoo3.jpg
103.12.09 09:21 B C:\_stuff\web\dm\backup0312\bart\ScotImg\t_to-inv1.jpg <-- jennifer /bart/ScotImg t_to-inv1.jpg
103.12.09 09:21 B C:\_stuff\web\dm\backup0312\bart\ScotImg\t_to-inv2.jpg <-- jennifer /bart/ScotImg t_to-inv2.jpg
103.12.09 09:21 B C:\_stuff\web\dm\backup0312\bart\ScotImg\t_tross1.jpg <-- jennifer /bart/ScotImg t_tross1.jpg
103.12.09 09:21 B C:\_stuff\web\dm\backup0312\bart\ScotImg\t_tross2.jpg <-- jennifer /bart/ScotImg t_tross2.jpg
103.12.09 09:21 B C:\_stuff\web\dm\backup0312\bart\ScotImg\t_urq1.jpg <-- jennifer /bart/ScotImg t_urq1.jpg
103.12.09 09:21 B C:\_stuff\web\dm\backup0312\bart\ScotImg\t_urq2.jpg <-- jennifer /bart/ScotImg t_urq2.jpg
103.12.09 09:21 B C:\_stuff\web\dm\backup0312\bart\ScotImg\t_urq3.jpg <-- jennifer /bart/ScotImg t_urq3.jpg
103.12.09 09:21 B C:\_stuff\web\dm\backup0312\bart\ScotImg\tattoo1.jpg <-- jennifer /bart/ScotImg tattoo1.jpg
103.12.09 09:22 B C:\_stuff\web\dm\backup0312\bart\ScotImg\tattoo2.jpg <-- jennifer /bart/ScotImg tattoo2.jpg
103.12.09 09:22 B C:\_stuff\web\dm\backup0312\bart\ScotImg\tattoo3.jpg <-- jennifer /bart/ScotImg tattoo3.jpg
103.12.09 09:22 B C:\_stuff\web\dm\backup0312\bart\ScotImg\to-inv1.jpg <-- jennifer /bart/ScotImg to-inv1.jpg
103.12.09 09:22 B C:\_stuff\web\dm\backup0312\bart\ScotImg\to-inv2.jpg <-- jennifer /bart/ScotImg to-inv2.jpg
103.12.09 09:22 B C:\_stuff\web\dm\backup0312\bart\ScotImg\tross1.jpg <-- jennifer /bart/ScotImg tross1.jpg
103.12.09 09:22 B C:\_stuff\web\dm\backup0312\bart\ScotImg\tross2.jpg <-- jennifer /bart/ScotImg tross2.jpg
103.12.09 09:22 B C:\_stuff\web\dm\backup0312\bart\ScotImg\urq1.jpg <-- jennifer /bart/ScotImg urq1.jpg
103.12.09 09:22 B C:\_stuff\web\dm\backup0312\bart\ScotImg\urq2.jpg <-- jennifer /bart/ScotImg urq2.jpg
103.12.09 09:22 B C:\_stuff\web\dm\backup0312\bart\ScotImg\urq3.jpg <-- jennifer /bart/ScotImg urq3.jpg
103.12.10 10:48 B C:\_stuff\web\dm\backup0312\bart\ScotImg\cawdor1.jpg --> ftp.draftymanor.com /var/www/html/bart/ScotImg cawdor1.jpg
103.12.10 10:48 B C:\_stuff\web\dm\backup0312\bart\ScotImg\church.jpg --> ftp.draftymanor.com /var/www/html/bart/ScotImg church.jpg
103.12.10 10:48 B C:\_stuff\web\dm\backup0312\bart\ScotImg\cullod1.jpg --> ftp.draftymanor.com /var/www/html/bart/ScotImg cullod1.jpg
103.12.10 10:48 B C:\_stuff\web\dm\backup0312\bart\ScotImg\ditch.jpg --> ftp.draftymanor.com /var/www/html/bart/ScotImg ditch.jpg
103.12.10 10:48 B C:\_stuff\web\dm\backup0312\bart\ScotImg\duart1.jpg --> ftp.draftymanor.com /var/www/html/bart/ScotImg duart1.jpg
103.12.10 10:48 B C:\_stuff\web\dm\backup0312\bart\ScotImg\edincas1.jpg --> ftp.draftymanor.com /var/www/html/bart/ScotImg edincas1.jpg
103.12.10 10:48 B C:\_stuff\web\dm\backup0312\bart\ScotImg\edincas2.jpg --> ftp.draftymanor.com /var/www/html/bart/ScotImg edincas2.jpg
103.12.10 10:48 B C:\_stuff\web\dm\backup0312\bart\ScotImg\edincas3.jpg --> ftp.draftymanor.com /var/www/html/bart/ScotImg edincas3.jpg
103.12.10 10:48 B C:\_stuff\web\dm\backup0312\bart\ScotImg\eileand1.jpg --> ftp.draftymanor.com /var/www/html/bart/ScotImg eileand1.jpg
103.12.10 10:48 B C:\_stuff\web\dm\backup0312\bart\ScotImg\eileand2.jpg --> ftp.draftymanor.com /var/www/html/bart/ScotImg eileand2.jpg
103.12.10 10:48 B C:\_stuff\web\dm\backup0312\bart\ScotImg\falllora.jpg --> ftp.draftymanor.com /var/www/html/bart/ScotImg falllora.jpg
103.12.10 10:48 B C:\_stuff\web\dm\backup0312\bart\ScotImg\glencoe1.jpg --> ftp.draftymanor.com /var/www/html/bart/ScotImg glencoe1.jpg
103.12.10 10:48 B C:\_stuff\web\dm\backup0312\bart\ScotImg\holyroo1.jpg --> ftp.draftymanor.com /var/www/html/bart/ScotImg holyroo1.jpg
103.12.10 10:48 B C:\_stuff\web\dm\backup0312\bart\ScotImg\ionaa1.jpg --> ftp.draftymanor.com /var/www/html/bart/ScotImg ionaa1.jpg
103.12.10 10:48 B C:\_stuff\web\dm\backup0312\bart\ScotImg\ionaa2.jpg --> ftp.draftymanor.com /var/www/html/bart/ScotImg ionaa2.jpg
103.12.10 10:48 B C:\_stuff\web\dm\backup0312\bart\ScotImg\ionam1.jpg --> ftp.draftymanor.com /var/www/html/bart/ScotImg ionam1.jpg
103.12.10 10:48 B C:\_stuff\web\dm\backup0312\bart\ScotImg\ionam2.jpg --> ftp.draftymanor.com /var/www/html/bart/ScotImg ionam2.jpg
103.12.10 10:48 B C:\_stuff\web\dm\backup0312\bart\ScotImg\kiltroc1.jpg --> ftp.draftymanor.com /var/www/html/bart/ScotImg kiltroc1.jpg
103.12.10 10:48 B C:\_stuff\web\dm\backup0312\bart\ScotImg\kiltroc2.jpg --> ftp.draftymanor.com /var/www/html/bart/ScotImg kiltroc2.jpg
103.12.10 10:48 B C:\_stuff\web\dm\backup0312\bart\ScotImg\knoxhous.jpg --> ftp.draftymanor.com /var/www/html/bart/ScotImg knoxhous.jpg
103.12.10 10:48 B C:\_stuff\web\dm\backup0312\bart\ScotImg\lomond1.jpg --> ftp.draftymanor.com /var/www/html/bart/ScotImg lomond1.jpg
103.12.10 10:48 B C:\_stuff\web\dm\backup0312\bart\ScotImg\ness.jpg --> ftp.draftymanor.com /var/www/html/bart/ScotImg ness.jpg
103.12.10 10:48 B C:\_stuff\web\dm\backup0312\bart\ScotImg\royalmil.jpg --> ftp.draftymanor.com /var/www/html/bart/ScotImg royalmil.jpg
103.12.10 10:48 B C:\_stuff\web\dm\backup0312\bart\ScotImg\st-giles.jpg --> ftp.draftymanor.com /var/www/html/bart/ScotImg st-giles.jpg
103.12.10 10:48 B C:\_stuff\web\dm\backup0312\bart\ScotImg\t_cawdor1.jpg --> ftp.draftymanor.com /var/www/html/bart/ScotImg t_cawdor1.jpg
103.12.10 10:48 B C:\_stuff\web\dm\backup0312\bart\ScotImg\t_church.jpg --> ftp.draftymanor.com /var/www/html/bart/ScotImg t_church.jpg
103.12.10 10:48 B C:\_stuff\web\dm\backup0312\bart\ScotImg\t_cullod1.jpg --> ftp.draftymanor.com /var/www/html/bart/ScotImg t_cullod1.jpg
103.12.10 10:48 B C:\_stuff\web\dm\backup0312\bart\ScotImg\t_ditch.jpg --> ftp.draftymanor.com /var/www/html/bart/ScotImg t_ditch.jpg
103.12.10 10:48 B C:\_stuff\web\dm\backup0312\bart\ScotImg\t_duart1.jpg --> ftp.draftymanor.com /var/www/html/bart/ScotImg t_duart1.jpg
103.12.10 10:48 B C:\_stuff\web\dm\backup0312\bart\ScotImg\t_edincas1.jpg --> ftp.draftymanor.com /var/www/html/bart/ScotImg t_edincas1.jpg
103.12.10 10:48 B C:\_stuff\web\dm\backup0312\bart\ScotImg\t_edincas2.jpg --> ftp.draftymanor.com /var/www/html/bart/ScotImg t_edincas2.jpg
103.12.10 10:48 B C:\_stuff\web\dm\backup0312\bart\ScotImg\t_edincas3.jpg --> ftp.draftymanor.com /var/www/html/bart/ScotImg t_edincas3.jpg
103.12.10 10:48 B C:\_stuff\web\dm\backup0312\bart\ScotImg\t_eileand1.jpg --> ftp.draftymanor.com /var/www/html/bart/ScotImg t_eileand1.jpg
103.12.10 10:48 B C:\_stuff\web\dm\backup0312\bart\ScotImg\t_eileand2.jpg --> ftp.draftymanor.com /var/www/html/bart/ScotImg t_eileand2.jpg
103.12.10 10:48 B C:\_stuff\web\dm\backup0312\bart\ScotImg\t_falllora.jpg --> ftp.draftymanor.com /var/www/html/bart/ScotImg t_falllora.jpg
103.12.10 10:48 B C:\_stuff\web\dm\backup0312\bart\ScotImg\t_glencoe1.jpg --> ftp.draftymanor.com /var/www/html/bart/ScotImg t_glencoe1.jpg
103.12.10 10:48 B C:\_stuff\web\dm\backup0312\bart\ScotImg\t_holyroo1.jpg --> ftp.draftymanor.com /var/www/html/bart/ScotImg t_holyroo1.jpg
103.12.10 10:48 B C:\_stuff\web\dm\backup0312\bart\ScotImg\t_ionaa1.jpg --> ftp.draftymanor.com /var/www/html/bart/ScotImg t_ionaa1.jpg
103.12.10 10:48 B C:\_stuff\web\dm\backup0312\bart\ScotImg\t_ionaa2.jpg --> ftp.draftymanor.com /var/www/html/bart/ScotImg t_ionaa2.jpg
103.12.10 10:49 B C:\_stuff\web\dm\backup0312\bart\ScotImg\t_ionam1.jpg --> ftp.draftymanor.com /var/www/html/bart/ScotImg t_ionam1.jpg
103.12.10 10:49 B C:\_stuff\web\dm\backup0312\bart\ScotImg\t_ionam2.jpg --> ftp.draftymanor.com /var/www/html/bart/ScotImg t_ionam2.jpg
103.12.10 10:49 B C:\_stuff\web\dm\backup0312\bart\ScotImg\t_kiltroc1.jpg --> ftp.draftymanor.com /var/www/html/bart/ScotImg t_kiltroc1.jpg
103.12.10 10:49 B C:\_stuff\web\dm\backup0312\bart\ScotImg\t_kiltroc2.jpg --> ftp.draftymanor.com /var/www/html/bart/ScotImg t_kiltroc2.jpg
103.12.10 10:49 B C:\_stuff\web\dm\backup0312\bart\ScotImg\t_knoxhous.jpg --> ftp.draftymanor.com /var/www/html/bart/ScotImg t_knoxhous.jpg
103.12.10 10:49 B C:\_stuff\web\dm\backup0312\bart\ScotImg\t_lomond1.jpg --> ftp.draftymanor.com /var/www/html/bart/ScotImg t_lomond1.jpg
103.12.10 10:49 B C:\_stuff\web\dm\backup0312\bart\ScotImg\t_ness.jpg --> ftp.draftymanor.com /var/www/html/bart/ScotImg t_ness.jpg
103.12.10 10:49 B C:\_stuff\web\dm\backup0312\bart\ScotImg\t_royalmil.jpg --> ftp.draftymanor.com /var/www/html/bart/ScotImg t_royalmil.jpg
103.12.10 10:49 B C:\_stuff\web\dm\backup0312\bart\ScotImg\t_st-giles.jpg --> ftp.draftymanor.com /var/www/html/bart/ScotImg t_st-giles.jpg
103.12.10 10:49 B C:\_stuff\web\dm\backup0312\bart\ScotImg\t_tattoo1.jpg --> ftp.draftymanor.com /var/www/html/bart/ScotImg t_tattoo1.jpg
103.12.10 10:49 B C:\_stuff\web\dm\backup0312\bart\ScotImg\t_tattoo2.jpg --> ftp.draftymanor.com /var/www/html/bart/ScotImg t_tattoo2.jpg
103.12.10 10:49 B C:\_stuff\web\dm\backup0312\bart\ScotImg\t_tattoo3.jpg --> ftp.draftymanor.com /var/www/html/bart/ScotImg t_tattoo3.jpg
103.12.10 10:49 B C:\_stuff\web\dm\backup0312\bart\ScotImg\t_to-inv1.jpg --> ftp.draftymanor.com /var/www/html/bart/ScotImg t_to-inv1.jpg
103.12.10 10:49 B C:\_stuff\web\dm\backup0312\bart\ScotImg\t_to-inv2.jpg --> ftp.draftymanor.com /var/www/html/bart/ScotImg t_to-inv2.jpg
103.12.10 10:49 B C:\_stuff\web\dm\backup0312\bart\ScotImg\t_tross1.jpg --> ftp.draftymanor.com /var/www/html/bart/ScotImg t_tross1.jpg
103.12.10 10:49 B C:\_stuff\web\dm\backup0312\bart\ScotImg\t_tross2.jpg --> ftp.draftymanor.com /var/www/html/bart/ScotImg t_tross2.jpg
103.12.10 10:49 B C:\_stuff\web\dm\backup0312\bart\ScotImg\t_urq1.jpg --> ftp.draftymanor.com /var/www/html/bart/ScotImg t_urq1.jpg
103.12.10 10:49 B C:\_stuff\web\dm\backup0312\bart\ScotImg\t_urq2.jpg --> ftp.draftymanor.com /var/www/html/bart/ScotImg t_urq2.jpg
103.12.10 10:49 B C:\_stuff\web\dm\backup0312\bart\ScotImg\t_urq3.jpg --> ftp.draftymanor.com /var/www/html/bart/ScotImg t_urq3.jpg
103.12.10 10:49 B C:\_stuff\web\dm\backup0312\bart\ScotImg\tattoo1.jpg --> ftp.draftymanor.com /var/www/html/bart/ScotImg tattoo1.jpg
103.12.10 10:49 B C:\_stuff\web\dm\backup0312\bart\ScotImg\tattoo2.jpg --> ftp.draftymanor.com /var/www/html/bart/ScotImg tattoo2.jpg
103.12.10 10:49 B C:\_stuff\web\dm\backup0312\bart\ScotImg\tattoo3.jpg --> ftp.draftymanor.com /var/www/html/bart/ScotImg tattoo3.jpg
103.12.10 10:49 B C:\_stuff\web\dm\backup0312\bart\ScotImg\to-inv1.jpg --> ftp.draftymanor.com /var/www/html/bart/ScotImg to-inv1.jpg
103.12.10 10:49 B C:\_stuff\web\dm\backup0312\bart\ScotImg\to-inv2.jpg --> ftp.draftymanor.com /var/www/html/bart/ScotImg to-inv2.jpg
103.12.10 10:49 B C:\_stuff\web\dm\backup0312\bart\ScotImg\tross1.jpg --> ftp.draftymanor.com /var/www/html/bart/ScotImg tross1.jpg
103.12.10 10:49 B C:\_stuff\web\dm\backup0312\bart\ScotImg\tross2.jpg --> ftp.draftymanor.com /var/www/html/bart/ScotImg tross2.jpg
103.12.10 10:49 B C:\_stuff\web\dm\backup0312\bart\ScotImg\urq1.jpg --> ftp.draftymanor.com /var/www/html/bart/ScotImg urq1.jpg
103.12.10 10:49 B C:\_stuff\web\dm\backup0312\bart\ScotImg\urq2.jpg --> ftp.draftymanor.com /var/www/html/bart/ScotImg urq2.jpg
103.12.10 10:49 B C:\_stuff\web\dm\backup0312\bart\ScotImg\urq3.jpg --> ftp.draftymanor.com /var/www/html/bart/ScotImg urq3.jpg
