103.12.09 09:13 B C:\_stuff\web\dm\backup0312\bart\GenRob\BAR_GRAY.GIF <-- jennifer /bart/GenRob BAR_GRAY.GIF
103.12.09 09:13 B C:\_stuff\web\dm\backup0312\bart\GenRob\BTNAUDIO.GIF <-- jennifer /bart/GenRob BTNAUDIO.GIF
103.12.09 09:13 B C:\_stuff\web\dm\backup0312\bart\GenRob\BTNGED.GIF <-- jennifer /bart/GenRob BTNGED.GIF
103.12.09 09:13 B C:\_stuff\web\dm\backup0312\bart\GenRob\BTNMAIL.GIF <-- jennifer /bart/GenRob BTNMAIL.GIF
103.12.09 09:13 B C:\_stuff\web\dm\backup0312\bart\GenRob\BTNNEXT.GIF <-- jennifer /bart/GenRob BTNNEXT.GIF
103.12.09 09:13 B C:\_stuff\web\dm\backup0312\bart\GenRob\BTNPREV.GIF <-- jennifer /bart/GenRob BTNPREV.GIF
103.12.09 09:13 B C:\_stuff\web\dm\backup0312\bart\GenRob\BTNTOC.GIF <-- jennifer /bart/GenRob BTNTOC.GIF
103.12.09 09:13 B C:\_stuff\web\dm\backup0312\bart\GenRob\gindexr.htm <-- jennifer /bart/GenRob gindexr.htm
103.12.09 09:13 B C:\_stuff\web\dm\backup0312\bart\GenRob\gnindexr.htm <-- jennifer /bart/GenRob gnindexr.htm
103.12.09 09:13 B C:\_stuff\web\dm\backup0312\bart\GenRob\gsourcer.htm <-- jennifer /bart/GenRob gsourcer.htm
103.12.09 09:13 B C:\_stuff\web\dm\backup0312\bart\GenRob\ICONCHLD.GIF <-- jennifer /bart/GenRob ICONCHLD.GIF
103.12.09 09:13 B C:\_stuff\web\dm\backup0312\bart\GenRob\r0000001.htm <-- jennifer /bart/GenRob r0000001.htm
103.12.09 09:13 B C:\_stuff\web\dm\backup0312\bart\GenRob\r0000002.htm <-- jennifer /bart/GenRob r0000002.htm
103.12.09 09:13 B C:\_stuff\web\dm\backup0312\bart\GenRob\r0000003.htm <-- jennifer /bart/GenRob r0000003.htm
103.12.09 09:13 B C:\_stuff\web\dm\backup0312\bart\GenRob\r0000004.htm <-- jennifer /bart/GenRob r0000004.htm
103.12.09 09:13 B C:\_stuff\web\dm\backup0312\bart\GenRob\r0000005.htm <-- jennifer /bart/GenRob r0000005.htm
103.12.09 09:13 B C:\_stuff\web\dm\backup0312\bart\GenRob\r0000006.htm <-- jennifer /bart/GenRob r0000006.htm
103.12.09 09:13 B C:\_stuff\web\dm\backup0312\bart\GenRob\r0000007.htm <-- jennifer /bart/GenRob r0000007.htm
103.12.09 09:13 B C:\_stuff\web\dm\backup0312\bart\GenRob\r0000008.htm <-- jennifer /bart/GenRob r0000008.htm
103.12.09 09:13 B C:\_stuff\web\dm\backup0312\bart\GenRob\r0000009.htm <-- jennifer /bart/GenRob r0000009.htm
103.12.09 09:13 B C:\_stuff\web\dm\backup0312\bart\GenRob\r0000010.htm <-- jennifer /bart/GenRob r0000010.htm
103.12.09 09:13 B C:\_stuff\web\dm\backup0312\bart\GenRob\r0000011.htm <-- jennifer /bart/GenRob r0000011.htm
103.12.09 09:13 B C:\_stuff\web\dm\backup0312\bart\GenRob\r0000013.htm <-- jennifer /bart/GenRob r0000013.htm
103.12.09 09:13 B C:\_stuff\web\dm\backup0312\bart\GenRob\r0000014.htm <-- jennifer /bart/GenRob r0000014.htm
103.12.09 09:13 B C:\_stuff\web\dm\backup0312\bart\GenRob\r0000015.htm <-- jennifer /bart/GenRob r0000015.htm
103.12.09 09:13 B C:\_stuff\web\dm\backup0312\bart\GenRob\r0000016.htm <-- jennifer /bart/GenRob r0000016.htm
103.12.09 09:13 B C:\_stuff\web\dm\backup0312\bart\GenRob\r0000017.htm <-- jennifer /bart/GenRob r0000017.htm
103.12.09 09:13 B C:\_stuff\web\dm\backup0312\bart\GenRob\r0000018.htm <-- jennifer /bart/GenRob r0000018.htm
103.12.09 09:13 B C:\_stuff\web\dm\backup0312\bart\GenRob\r0000019.htm <-- jennifer /bart/GenRob r0000019.htm
103.12.09 09:13 B C:\_stuff\web\dm\backup0312\bart\GenRob\r0000020.htm <-- jennifer /bart/GenRob r0000020.htm
103.12.09 09:13 B C:\_stuff\web\dm\backup0312\bart\GenRob\r0000021.htm <-- jennifer /bart/GenRob r0000021.htm
103.12.09 09:13 B C:\_stuff\web\dm\backup0312\bart\GenRob\r0000022.htm <-- jennifer /bart/GenRob r0000022.htm
103.12.09 09:13 B C:\_stuff\web\dm\backup0312\bart\GenRob\r0000023.htm <-- jennifer /bart/GenRob r0000023.htm
103.12.09 09:13 B C:\_stuff\web\dm\backup0312\bart\GenRob\r0000024.htm <-- jennifer /bart/GenRob r0000024.htm
103.12.09 09:13 B C:\_stuff\web\dm\backup0312\bart\GenRob\r0000025.htm <-- jennifer /bart/GenRob r0000025.htm
103.12.09 09:13 B C:\_stuff\web\dm\backup0312\bart\GenRob\r0000026.htm <-- jennifer /bart/GenRob r0000026.htm
103.12.09 09:13 B C:\_stuff\web\dm\backup0312\bart\GenRob\r0000027.htm <-- jennifer /bart/GenRob r0000027.htm
103.12.09 09:13 B C:\_stuff\web\dm\backup0312\bart\GenRob\r0000029.htm <-- jennifer /bart/GenRob r0000029.htm
103.12.09 09:13 B C:\_stuff\web\dm\backup0312\bart\GenRob\r0000030.htm <-- jennifer /bart/GenRob r0000030.htm
103.12.09 09:13 B C:\_stuff\web\dm\backup0312\bart\GenRob\r0000031.htm <-- jennifer /bart/GenRob r0000031.htm
103.12.09 09:13 B C:\_stuff\web\dm\backup0312\bart\GenRob\r0000032.htm <-- jennifer /bart/GenRob r0000032.htm
103.12.09 09:13 B C:\_stuff\web\dm\backup0312\bart\GenRob\r0000033.htm <-- jennifer /bart/GenRob r0000033.htm
103.12.09 09:13 B C:\_stuff\web\dm\backup0312\bart\GenRob\r0000034.htm <-- jennifer /bart/GenRob r0000034.htm
103.12.09 09:13 B C:\_stuff\web\dm\backup0312\bart\GenRob\r0000035.htm <-- jennifer /bart/GenRob r0000035.htm
103.12.09 09:13 B C:\_stuff\web\dm\backup0312\bart\GenRob\r0000036.htm <-- jennifer /bart/GenRob r0000036.htm
103.12.09 09:13 B C:\_stuff\web\dm\backup0312\bart\GenRob\r0000037.htm <-- jennifer /bart/GenRob r0000037.htm
103.12.09 09:13 B C:\_stuff\web\dm\backup0312\bart\GenRob\r0000038.htm <-- jennifer /bart/GenRob r0000038.htm
103.12.09 09:13 B C:\_stuff\web\dm\backup0312\bart\GenRob\r0000050.htm <-- jennifer /bart/GenRob r0000050.htm
103.12.09 09:13 B C:\_stuff\web\dm\backup0312\bart\GenRob\r0000051.htm <-- jennifer /bart/GenRob r0000051.htm
103.12.09 09:13 B C:\_stuff\web\dm\backup0312\bart\GenRob\r0000052.htm <-- jennifer /bart/GenRob r0000052.htm
103.12.09 09:13 B C:\_stuff\web\dm\backup0312\bart\GenRob\r0000053.htm <-- jennifer /bart/GenRob r0000053.htm
103.12.09 09:13 B C:\_stuff\web\dm\backup0312\bart\GenRob\r0000056.htm <-- jennifer /bart/GenRob r0000056.htm
103.12.09 09:13 B C:\_stuff\web\dm\backup0312\bart\GenRob\r0000074.htm <-- jennifer /bart/GenRob r0000074.htm
103.12.09 09:13 B C:\_stuff\web\dm\backup0312\bart\GenRob\r0000091.htm <-- jennifer /bart/GenRob r0000091.htm
103.12.09 09:13 B C:\_stuff\web\dm\backup0312\bart\GenRob\r0000092.htm <-- jennifer /bart/GenRob r0000092.htm
103.12.09 09:14 B C:\_stuff\web\dm\backup0312\bart\GenRob\r0000093.htm <-- jennifer /bart/GenRob r0000093.htm
103.12.09 09:14 B C:\_stuff\web\dm\backup0312\bart\GenRob\r0000094.htm <-- jennifer /bart/GenRob r0000094.htm
103.12.09 09:14 B C:\_stuff\web\dm\backup0312\bart\GenRob\r0000099.htm <-- jennifer /bart/GenRob r0000099.htm
103.12.09 09:14 B C:\_stuff\web\dm\backup0312\bart\GenRob\r0000100.htm <-- jennifer /bart/GenRob r0000100.htm
103.12.09 09:14 B C:\_stuff\web\dm\backup0312\bart\GenRob\r0000104.htm <-- jennifer /bart/GenRob r0000104.htm
103.12.09 09:14 B C:\_stuff\web\dm\backup0312\bart\GenRob\r0000107.htm <-- jennifer /bart/GenRob r0000107.htm
103.12.09 09:14 B C:\_stuff\web\dm\backup0312\bart\GenRob\r0000108.htm <-- jennifer /bart/GenRob r0000108.htm
103.12.09 09:14 B C:\_stuff\web\dm\backup0312\bart\GenRob\r0000114.htm <-- jennifer /bart/GenRob r0000114.htm
103.12.09 09:14 B C:\_stuff\web\dm\backup0312\bart\GenRob\r0000115.htm <-- jennifer /bart/GenRob r0000115.htm
103.12.09 09:14 B C:\_stuff\web\dm\backup0312\bart\GenRob\r0000119.htm <-- jennifer /bart/GenRob r0000119.htm
103.12.09 09:14 B C:\_stuff\web\dm\backup0312\bart\GenRob\r0000125.htm <-- jennifer /bart/GenRob r0000125.htm
103.12.09 09:14 B C:\_stuff\web\dm\backup0312\bart\GenRob\r0000149.htm <-- jennifer /bart/GenRob r0000149.htm
103.12.09 09:14 B C:\_stuff\web\dm\backup0312\bart\GenRob\r0000150.htm <-- jennifer /bart/GenRob r0000150.htm
103.12.09 09:14 B C:\_stuff\web\dm\backup0312\bart\GenRob\r0000151.htm <-- jennifer /bart/GenRob r0000151.htm
103.12.09 09:14 B C:\_stuff\web\dm\backup0312\bart\GenRob\r0000164.htm <-- jennifer /bart/GenRob r0000164.htm
103.12.09 09:14 B C:\_stuff\web\dm\backup0312\bart\GenRob\r0000165.htm <-- jennifer /bart/GenRob r0000165.htm
103.12.09 09:14 B C:\_stuff\web\dm\backup0312\bart\GenRob\r0000772.htm <-- jennifer /bart/GenRob r0000772.htm
103.12.09 09:14 B C:\_stuff\web\dm\backup0312\bart\GenRob\r0001176.htm <-- jennifer /bart/GenRob r0001176.htm
103.12.09 09:14 B C:\_stuff\web\dm\backup0312\bart\GenRob\r0001680.htm <-- jennifer /bart/GenRob r0001680.htm
103.12.09 09:14 B C:\_stuff\web\dm\backup0312\bart\GenRob\r0001683.htm <-- jennifer /bart/GenRob r0001683.htm
103.12.09 09:14 B C:\_stuff\web\dm\backup0312\bart\GenRob\r0001684.htm <-- jennifer /bart/GenRob r0001684.htm
103.12.09 09:14 B C:\_stuff\web\dm\backup0312\bart\GenRob\r0001685.htm <-- jennifer /bart/GenRob r0001685.htm
103.12.09 09:14 B C:\_stuff\web\dm\backup0312\bart\GenRob\r0001686.htm <-- jennifer /bart/GenRob r0001686.htm
103.12.09 09:14 B C:\_stuff\web\dm\backup0312\bart\GenRob\r0001995.htm <-- jennifer /bart/GenRob r0001995.htm
103.12.09 09:14 B C:\_stuff\web\dm\backup0312\bart\GenRob\r0001996.htm <-- jennifer /bart/GenRob r0001996.htm
103.12.09 09:14 B C:\_stuff\web\dm\backup0312\bart\GenRob\r0001997.htm <-- jennifer /bart/GenRob r0001997.htm
103.12.09 09:14 B C:\_stuff\web\dm\backup0312\bart\GenRob\r0002000.htm <-- jennifer /bart/GenRob r0002000.htm
103.12.09 09:14 B C:\_stuff\web\dm\backup0312\bart\GenRob\r0002010.htm <-- jennifer /bart/GenRob r0002010.htm
103.12.09 09:14 B C:\_stuff\web\dm\backup0312\bart\GenRob\r0002011.htm <-- jennifer /bart/GenRob r0002011.htm
103.12.09 09:14 B C:\_stuff\web\dm\backup0312\bart\GenRob\r0002013.htm <-- jennifer /bart/GenRob r0002013.htm
103.12.09 09:14 B C:\_stuff\web\dm\backup0312\bart\GenRob\r0002014.htm <-- jennifer /bart/GenRob r0002014.htm
103.12.09 09:14 B C:\_stuff\web\dm\backup0312\bart\GenRob\r0002015.htm <-- jennifer /bart/GenRob r0002015.htm
103.12.09 09:14 B C:\_stuff\web\dm\backup0312\bart\GenRob\r0002021.htm <-- jennifer /bart/GenRob r0002021.htm
103.12.09 09:14 B C:\_stuff\web\dm\backup0312\bart\GenRob\r0002022.htm <-- jennifer /bart/GenRob r0002022.htm
103.12.09 09:14 B C:\_stuff\web\dm\backup0312\bart\GenRob\r0002025.htm <-- jennifer /bart/GenRob r0002025.htm
103.12.09 09:14 B C:\_stuff\web\dm\backup0312\bart\GenRob\r0002026.htm <-- jennifer /bart/GenRob r0002026.htm
103.12.09 09:14 B C:\_stuff\web\dm\backup0312\bart\GenRob\r0002027.htm <-- jennifer /bart/GenRob r0002027.htm
103.12.09 09:14 B C:\_stuff\web\dm\backup0312\bart\GenRob\r0002028.htm <-- jennifer /bart/GenRob r0002028.htm
103.12.09 09:14 B C:\_stuff\web\dm\backup0312\bart\GenRob\r0002029.htm <-- jennifer /bart/GenRob r0002029.htm
103.12.09 09:14 B C:\_stuff\web\dm\backup0312\bart\GenRob\r0002030.htm <-- jennifer /bart/GenRob r0002030.htm
103.12.09 09:14 B C:\_stuff\web\dm\backup0312\bart\GenRob\r0002753.htm <-- jennifer /bart/GenRob r0002753.htm
103.12.09 09:14 B C:\_stuff\web\dm\backup0312\bart\GenRob\r0002754.htm <-- jennifer /bart/GenRob r0002754.htm
103.12.09 09:14 B C:\_stuff\web\dm\backup0312\bart\GenRob\r0002756.htm <-- jennifer /bart/GenRob r0002756.htm
103.12.09 09:14 B C:\_stuff\web\dm\backup0312\bart\GenRob\r0002778.htm <-- jennifer /bart/GenRob r0002778.htm
103.12.09 09:14 B C:\_stuff\web\dm\backup0312\bart\GenRob\r0002803.htm <-- jennifer /bart/GenRob r0002803.htm
103.12.09 09:14 B C:\_stuff\web\dm\backup0312\bart\GenRob\r0002804.htm <-- jennifer /bart/GenRob r0002804.htm
103.12.09 09:14 B C:\_stuff\web\dm\backup0312\bart\GenRob\r0002815.htm <-- jennifer /bart/GenRob r0002815.htm
103.12.09 09:14 B C:\_stuff\web\dm\backup0312\bart\GenRob\r0002816.htm <-- jennifer /bart/GenRob r0002816.htm
103.12.09 09:14 B C:\_stuff\web\dm\backup0312\bart\GenRob\r0003026.htm <-- jennifer /bart/GenRob r0003026.htm
103.12.09 09:14 B C:\_stuff\web\dm\backup0312\bart\GenRob\r0003027.htm <-- jennifer /bart/GenRob r0003027.htm
103.12.09 09:14 B C:\_stuff\web\dm\backup0312\bart\GenRob\r0003028.htm <-- jennifer /bart/GenRob r0003028.htm
103.12.09 09:14 B C:\_stuff\web\dm\backup0312\bart\GenRob\r0003029.htm <-- jennifer /bart/GenRob r0003029.htm
103.12.09 09:14 B C:\_stuff\web\dm\backup0312\bart\GenRob\r0003030.htm <-- jennifer /bart/GenRob r0003030.htm
103.12.09 09:20 B C:\_stuff\web\dm\backup0312\bart\GenRob\r0003032.htm <-- jennifer /bart/GenRob r0003032.htm
103.12.09 09:20 B C:\_stuff\web\dm\backup0312\bart\GenRob\r0003033.htm <-- jennifer /bart/GenRob r0003033.htm
103.12.09 09:20 B C:\_stuff\web\dm\backup0312\bart\GenRob\r0003037.htm <-- jennifer /bart/GenRob r0003037.htm
103.12.09 09:20 B C:\_stuff\web\dm\backup0312\bart\GenRob\r0003038.htm <-- jennifer /bart/GenRob r0003038.htm
103.12.09 09:20 B C:\_stuff\web\dm\backup0312\bart\GenRob\r0003039.htm <-- jennifer /bart/GenRob r0003039.htm
103.12.09 09:20 B C:\_stuff\web\dm\backup0312\bart\GenRob\r0003040.htm <-- jennifer /bart/GenRob r0003040.htm
103.12.09 09:20 B C:\_stuff\web\dm\backup0312\bart\GenRob\r0003041.htm <-- jennifer /bart/GenRob r0003041.htm
103.12.09 09:20 B C:\_stuff\web\dm\backup0312\bart\GenRob\r0003042.htm <-- jennifer /bart/GenRob r0003042.htm
103.12.09 09:20 B C:\_stuff\web\dm\backup0312\bart\GenRob\weave_~1.jpg <-- jennifer /bart/GenRob weave_~1.jpg
103.12.09 09:20 B C:\_stuff\web\dm\backup0312\bart\GenRob\Wv_gray.jpg <-- jennifer /bart/GenRob Wv_gray.jpg
103.12.10 10:47 B C:\_stuff\web\dm\backup0312\bart\GenRob\BAR_GRAY.GIF --> ftp.draftymanor.com /var/www/html/bart/GenRob BAR_GRAY.GIF
103.12.10 10:47 B C:\_stuff\web\dm\backup0312\bart\GenRob\BTNAUDIO.GIF --> ftp.draftymanor.com /var/www/html/bart/GenRob BTNAUDIO.GIF
103.12.10 10:47 B C:\_stuff\web\dm\backup0312\bart\GenRob\BTNGED.GIF --> ftp.draftymanor.com /var/www/html/bart/GenRob BTNGED.GIF
103.12.10 10:47 B C:\_stuff\web\dm\backup0312\bart\GenRob\BTNMAIL.GIF --> ftp.draftymanor.com /var/www/html/bart/GenRob BTNMAIL.GIF
103.12.10 10:47 B C:\_stuff\web\dm\backup0312\bart\GenRob\BTNNEXT.GIF --> ftp.draftymanor.com /var/www/html/bart/GenRob BTNNEXT.GIF
103.12.10 10:47 B C:\_stuff\web\dm\backup0312\bart\GenRob\BTNPREV.GIF --> ftp.draftymanor.com /var/www/html/bart/GenRob BTNPREV.GIF
103.12.10 10:47 B C:\_stuff\web\dm\backup0312\bart\GenRob\BTNTOC.GIF --> ftp.draftymanor.com /var/www/html/bart/GenRob BTNTOC.GIF
103.12.10 10:47 B C:\_stuff\web\dm\backup0312\bart\GenRob\gindexr.htm --> ftp.draftymanor.com /var/www/html/bart/GenRob gindexr.htm
103.12.10 10:47 B C:\_stuff\web\dm\backup0312\bart\GenRob\gnindexr.htm --> ftp.draftymanor.com /var/www/html/bart/GenRob gnindexr.htm
103.12.10 10:47 B C:\_stuff\web\dm\backup0312\bart\GenRob\gsourcer.htm --> ftp.draftymanor.com /var/www/html/bart/GenRob gsourcer.htm
103.12.10 10:47 B C:\_stuff\web\dm\backup0312\bart\GenRob\ICONCHLD.GIF --> ftp.draftymanor.com /var/www/html/bart/GenRob ICONCHLD.GIF
103.12.10 10:47 B C:\_stuff\web\dm\backup0312\bart\GenRob\r0000001.htm --> ftp.draftymanor.com /var/www/html/bart/GenRob r0000001.htm
103.12.10 10:47 B C:\_stuff\web\dm\backup0312\bart\GenRob\r0000002.htm --> ftp.draftymanor.com /var/www/html/bart/GenRob r0000002.htm
103.12.10 10:47 B C:\_stuff\web\dm\backup0312\bart\GenRob\r0000003.htm --> ftp.draftymanor.com /var/www/html/bart/GenRob r0000003.htm
103.12.10 10:47 B C:\_stuff\web\dm\backup0312\bart\GenRob\r0000004.htm --> ftp.draftymanor.com /var/www/html/bart/GenRob r0000004.htm
103.12.10 10:47 B C:\_stuff\web\dm\backup0312\bart\GenRob\r0000005.htm --> ftp.draftymanor.com /var/www/html/bart/GenRob r0000005.htm
103.12.10 10:47 B C:\_stuff\web\dm\backup0312\bart\GenRob\r0000006.htm --> ftp.draftymanor.com /var/www/html/bart/GenRob r0000006.htm
103.12.10 10:47 B C:\_stuff\web\dm\backup0312\bart\GenRob\r0000007.htm --> ftp.draftymanor.com /var/www/html/bart/GenRob r0000007.htm
103.12.10 10:47 B C:\_stuff\web\dm\backup0312\bart\GenRob\r0000008.htm --> ftp.draftymanor.com /var/www/html/bart/GenRob r0000008.htm
103.12.10 10:47 B C:\_stuff\web\dm\backup0312\bart\GenRob\r0000009.htm --> ftp.draftymanor.com /var/www/html/bart/GenRob r0000009.htm
103.12.10 10:47 B C:\_stuff\web\dm\backup0312\bart\GenRob\r0000010.htm --> ftp.draftymanor.com /var/www/html/bart/GenRob r0000010.htm
103.12.10 10:47 B C:\_stuff\web\dm\backup0312\bart\GenRob\r0000011.htm --> ftp.draftymanor.com /var/www/html/bart/GenRob r0000011.htm
103.12.10 10:47 B C:\_stuff\web\dm\backup0312\bart\GenRob\r0000013.htm --> ftp.draftymanor.com /var/www/html/bart/GenRob r0000013.htm
103.12.10 10:47 B C:\_stuff\web\dm\backup0312\bart\GenRob\r0000014.htm --> ftp.draftymanor.com /var/www/html/bart/GenRob r0000014.htm
103.12.10 10:47 B C:\_stuff\web\dm\backup0312\bart\GenRob\r0000015.htm --> ftp.draftymanor.com /var/www/html/bart/GenRob r0000015.htm
103.12.10 10:47 B C:\_stuff\web\dm\backup0312\bart\GenRob\r0000016.htm --> ftp.draftymanor.com /var/www/html/bart/GenRob r0000016.htm
103.12.10 10:47 B C:\_stuff\web\dm\backup0312\bart\GenRob\r0000017.htm --> ftp.draftymanor.com /var/www/html/bart/GenRob r0000017.htm
103.12.10 10:47 B C:\_stuff\web\dm\backup0312\bart\GenRob\r0000018.htm --> ftp.draftymanor.com /var/www/html/bart/GenRob r0000018.htm
103.12.10 10:47 B C:\_stuff\web\dm\backup0312\bart\GenRob\r0000019.htm --> ftp.draftymanor.com /var/www/html/bart/GenRob r0000019.htm
103.12.10 10:47 B C:\_stuff\web\dm\backup0312\bart\GenRob\r0000020.htm --> ftp.draftymanor.com /var/www/html/bart/GenRob r0000020.htm
103.12.10 10:47 B C:\_stuff\web\dm\backup0312\bart\GenRob\r0000021.htm --> ftp.draftymanor.com /var/www/html/bart/GenRob r0000021.htm
103.12.10 10:47 B C:\_stuff\web\dm\backup0312\bart\GenRob\r0000022.htm --> ftp.draftymanor.com /var/www/html/bart/GenRob r0000022.htm
103.12.10 10:47 B C:\_stuff\web\dm\backup0312\bart\GenRob\r0000023.htm --> ftp.draftymanor.com /var/www/html/bart/GenRob r0000023.htm
103.12.10 10:47 B C:\_stuff\web\dm\backup0312\bart\GenRob\r0000024.htm --> ftp.draftymanor.com /var/www/html/bart/GenRob r0000024.htm
103.12.10 10:47 B C:\_stuff\web\dm\backup0312\bart\GenRob\r0000025.htm --> ftp.draftymanor.com /var/www/html/bart/GenRob r0000025.htm
103.12.10 10:47 B C:\_stuff\web\dm\backup0312\bart\GenRob\r0000026.htm --> ftp.draftymanor.com /var/www/html/bart/GenRob r0000026.htm
103.12.10 10:47 B C:\_stuff\web\dm\backup0312\bart\GenRob\r0000027.htm --> ftp.draftymanor.com /var/www/html/bart/GenRob r0000027.htm
103.12.10 10:47 B C:\_stuff\web\dm\backup0312\bart\GenRob\r0000029.htm --> ftp.draftymanor.com /var/www/html/bart/GenRob r0000029.htm
103.12.10 10:47 B C:\_stuff\web\dm\backup0312\bart\GenRob\r0000030.htm --> ftp.draftymanor.com /var/www/html/bart/GenRob r0000030.htm
103.12.10 10:47 B C:\_stuff\web\dm\backup0312\bart\GenRob\r0000031.htm --> ftp.draftymanor.com /var/www/html/bart/GenRob r0000031.htm
103.12.10 10:47 B C:\_stuff\web\dm\backup0312\bart\GenRob\r0000032.htm --> ftp.draftymanor.com /var/www/html/bart/GenRob r0000032.htm
103.12.10 10:47 B C:\_stuff\web\dm\backup0312\bart\GenRob\r0000033.htm --> ftp.draftymanor.com /var/www/html/bart/GenRob r0000033.htm
103.12.10 10:47 B C:\_stuff\web\dm\backup0312\bart\GenRob\r0000034.htm --> ftp.draftymanor.com /var/www/html/bart/GenRob r0000034.htm
103.12.10 10:47 B C:\_stuff\web\dm\backup0312\bart\GenRob\r0000035.htm --> ftp.draftymanor.com /var/www/html/bart/GenRob r0000035.htm
103.12.10 10:47 B C:\_stuff\web\dm\backup0312\bart\GenRob\r0000036.htm --> ftp.draftymanor.com /var/www/html/bart/GenRob r0000036.htm
103.12.10 10:47 B C:\_stuff\web\dm\backup0312\bart\GenRob\r0000037.htm --> ftp.draftymanor.com /var/www/html/bart/GenRob r0000037.htm
103.12.10 10:47 B C:\_stuff\web\dm\backup0312\bart\GenRob\r0000038.htm --> ftp.draftymanor.com /var/www/html/bart/GenRob r0000038.htm
103.12.10 10:47 B C:\_stuff\web\dm\backup0312\bart\GenRob\r0000050.htm --> ftp.draftymanor.com /var/www/html/bart/GenRob r0000050.htm
103.12.10 10:47 B C:\_stuff\web\dm\backup0312\bart\GenRob\r0000051.htm --> ftp.draftymanor.com /var/www/html/bart/GenRob r0000051.htm
103.12.10 10:47 B C:\_stuff\web\dm\backup0312\bart\GenRob\r0000052.htm --> ftp.draftymanor.com /var/www/html/bart/GenRob r0000052.htm
103.12.10 10:47 B C:\_stuff\web\dm\backup0312\bart\GenRob\r0000053.htm --> ftp.draftymanor.com /var/www/html/bart/GenRob r0000053.htm
103.12.10 10:47 B C:\_stuff\web\dm\backup0312\bart\GenRob\r0000056.htm --> ftp.draftymanor.com /var/www/html/bart/GenRob r0000056.htm
103.12.10 10:47 B C:\_stuff\web\dm\backup0312\bart\GenRob\r0000074.htm --> ftp.draftymanor.com /var/www/html/bart/GenRob r0000074.htm
103.12.10 10:47 B C:\_stuff\web\dm\backup0312\bart\GenRob\r0000091.htm --> ftp.draftymanor.com /var/www/html/bart/GenRob r0000091.htm
103.12.10 10:47 B C:\_stuff\web\dm\backup0312\bart\GenRob\r0000092.htm --> ftp.draftymanor.com /var/www/html/bart/GenRob r0000092.htm
103.12.10 10:47 B C:\_stuff\web\dm\backup0312\bart\GenRob\r0000093.htm --> ftp.draftymanor.com /var/www/html/bart/GenRob r0000093.htm
103.12.10 10:47 B C:\_stuff\web\dm\backup0312\bart\GenRob\r0000094.htm --> ftp.draftymanor.com /var/www/html/bart/GenRob r0000094.htm
103.12.10 10:47 B C:\_stuff\web\dm\backup0312\bart\GenRob\r0000099.htm --> ftp.draftymanor.com /var/www/html/bart/GenRob r0000099.htm
103.12.10 10:47 B C:\_stuff\web\dm\backup0312\bart\GenRob\r0000100.htm --> ftp.draftymanor.com /var/www/html/bart/GenRob r0000100.htm
103.12.10 10:47 B C:\_stuff\web\dm\backup0312\bart\GenRob\r0000104.htm --> ftp.draftymanor.com /var/www/html/bart/GenRob r0000104.htm
103.12.10 10:47 B C:\_stuff\web\dm\backup0312\bart\GenRob\r0000107.htm --> ftp.draftymanor.com /var/www/html/bart/GenRob r0000107.htm
103.12.10 10:47 B C:\_stuff\web\dm\backup0312\bart\GenRob\r0000108.htm --> ftp.draftymanor.com /var/www/html/bart/GenRob r0000108.htm
103.12.10 10:47 B C:\_stuff\web\dm\backup0312\bart\GenRob\r0000114.htm --> ftp.draftymanor.com /var/www/html/bart/GenRob r0000114.htm
103.12.10 10:47 B C:\_stuff\web\dm\backup0312\bart\GenRob\r0000115.htm --> ftp.draftymanor.com /var/www/html/bart/GenRob r0000115.htm
103.12.10 10:47 B C:\_stuff\web\dm\backup0312\bart\GenRob\r0000119.htm --> ftp.draftymanor.com /var/www/html/bart/GenRob r0000119.htm
103.12.10 10:47 B C:\_stuff\web\dm\backup0312\bart\GenRob\r0000125.htm --> ftp.draftymanor.com /var/www/html/bart/GenRob r0000125.htm
103.12.10 10:47 B C:\_stuff\web\dm\backup0312\bart\GenRob\r0000149.htm --> ftp.draftymanor.com /var/www/html/bart/GenRob r0000149.htm
103.12.10 10:47 B C:\_stuff\web\dm\backup0312\bart\GenRob\r0000150.htm --> ftp.draftymanor.com /var/www/html/bart/GenRob r0000150.htm
103.12.10 10:47 B C:\_stuff\web\dm\backup0312\bart\GenRob\r0000151.htm --> ftp.draftymanor.com /var/www/html/bart/GenRob r0000151.htm
103.12.10 10:47 B C:\_stuff\web\dm\backup0312\bart\GenRob\r0000164.htm --> ftp.draftymanor.com /var/www/html/bart/GenRob r0000164.htm
103.12.10 10:47 B C:\_stuff\web\dm\backup0312\bart\GenRob\r0000165.htm --> ftp.draftymanor.com /var/www/html/bart/GenRob r0000165.htm
103.12.10 10:47 B C:\_stuff\web\dm\backup0312\bart\GenRob\r0000772.htm --> ftp.draftymanor.com /var/www/html/bart/GenRob r0000772.htm
103.12.10 10:47 B C:\_stuff\web\dm\backup0312\bart\GenRob\r0001176.htm --> ftp.draftymanor.com /var/www/html/bart/GenRob r0001176.htm
103.12.10 10:47 B C:\_stuff\web\dm\backup0312\bart\GenRob\r0001680.htm --> ftp.draftymanor.com /var/www/html/bart/GenRob r0001680.htm
103.12.10 10:47 B C:\_stuff\web\dm\backup0312\bart\GenRob\r0001683.htm --> ftp.draftymanor.com /var/www/html/bart/GenRob r0001683.htm
103.12.10 10:47 B C:\_stuff\web\dm\backup0312\bart\GenRob\r0001684.htm --> ftp.draftymanor.com /var/www/html/bart/GenRob r0001684.htm
103.12.10 10:47 B C:\_stuff\web\dm\backup0312\bart\GenRob\r0001685.htm --> ftp.draftymanor.com /var/www/html/bart/GenRob r0001685.htm
103.12.10 10:47 B C:\_stuff\web\dm\backup0312\bart\GenRob\r0001686.htm --> ftp.draftymanor.com /var/www/html/bart/GenRob r0001686.htm
103.12.10 10:47 B C:\_stuff\web\dm\backup0312\bart\GenRob\r0001995.htm --> ftp.draftymanor.com /var/www/html/bart/GenRob r0001995.htm
103.12.10 10:47 B C:\_stuff\web\dm\backup0312\bart\GenRob\r0001996.htm --> ftp.draftymanor.com /var/www/html/bart/GenRob r0001996.htm
103.12.10 10:47 B C:\_stuff\web\dm\backup0312\bart\GenRob\r0001997.htm --> ftp.draftymanor.com /var/www/html/bart/GenRob r0001997.htm
103.12.10 10:47 B C:\_stuff\web\dm\backup0312\bart\GenRob\r0002000.htm --> ftp.draftymanor.com /var/www/html/bart/GenRob r0002000.htm
103.12.10 10:47 B C:\_stuff\web\dm\backup0312\bart\GenRob\r0002010.htm --> ftp.draftymanor.com /var/www/html/bart/GenRob r0002010.htm
103.12.10 10:47 B C:\_stuff\web\dm\backup0312\bart\GenRob\r0002011.htm --> ftp.draftymanor.com /var/www/html/bart/GenRob r0002011.htm
103.12.10 10:47 B C:\_stuff\web\dm\backup0312\bart\GenRob\r0002013.htm --> ftp.draftymanor.com /var/www/html/bart/GenRob r0002013.htm
103.12.10 10:47 B C:\_stuff\web\dm\backup0312\bart\GenRob\r0002014.htm --> ftp.draftymanor.com /var/www/html/bart/GenRob r0002014.htm
103.12.10 10:47 B C:\_stuff\web\dm\backup0312\bart\GenRob\r0002015.htm --> ftp.draftymanor.com /var/www/html/bart/GenRob r0002015.htm
103.12.10 10:47 B C:\_stuff\web\dm\backup0312\bart\GenRob\r0002021.htm --> ftp.draftymanor.com /var/www/html/bart/GenRob r0002021.htm
103.12.10 10:47 B C:\_stuff\web\dm\backup0312\bart\GenRob\r0002022.htm --> ftp.draftymanor.com /var/www/html/bart/GenRob r0002022.htm
103.12.10 10:47 B C:\_stuff\web\dm\backup0312\bart\GenRob\r0002025.htm --> ftp.draftymanor.com /var/www/html/bart/GenRob r0002025.htm
103.12.10 10:47 B C:\_stuff\web\dm\backup0312\bart\GenRob\r0002026.htm --> ftp.draftymanor.com /var/www/html/bart/GenRob r0002026.htm
103.12.10 10:47 B C:\_stuff\web\dm\backup0312\bart\GenRob\r0002027.htm --> ftp.draftymanor.com /var/www/html/bart/GenRob r0002027.htm
103.12.10 10:47 B C:\_stuff\web\dm\backup0312\bart\GenRob\r0002028.htm --> ftp.draftymanor.com /var/www/html/bart/GenRob r0002028.htm
103.12.10 10:47 B C:\_stuff\web\dm\backup0312\bart\GenRob\r0002029.htm --> ftp.draftymanor.com /var/www/html/bart/GenRob r0002029.htm
103.12.10 10:47 B C:\_stuff\web\dm\backup0312\bart\GenRob\r0002030.htm --> ftp.draftymanor.com /var/www/html/bart/GenRob r0002030.htm
103.12.10 10:47 B C:\_stuff\web\dm\backup0312\bart\GenRob\r0002753.htm --> ftp.draftymanor.com /var/www/html/bart/GenRob r0002753.htm
103.12.10 10:47 B C:\_stuff\web\dm\backup0312\bart\GenRob\r0002754.htm --> ftp.draftymanor.com /var/www/html/bart/GenRob r0002754.htm
103.12.10 10:47 B C:\_stuff\web\dm\backup0312\bart\GenRob\r0002756.htm --> ftp.draftymanor.com /var/www/html/bart/GenRob r0002756.htm
103.12.10 10:47 B C:\_stuff\web\dm\backup0312\bart\GenRob\r0002778.htm --> ftp.draftymanor.com /var/www/html/bart/GenRob r0002778.htm
103.12.10 10:47 B C:\_stuff\web\dm\backup0312\bart\GenRob\r0002803.htm --> ftp.draftymanor.com /var/www/html/bart/GenRob r0002803.htm
103.12.10 10:47 B C:\_stuff\web\dm\backup0312\bart\GenRob\r0002804.htm --> ftp.draftymanor.com /var/www/html/bart/GenRob r0002804.htm
103.12.10 10:47 B C:\_stuff\web\dm\backup0312\bart\GenRob\r0002815.htm --> ftp.draftymanor.com /var/www/html/bart/GenRob r0002815.htm
103.12.10 10:47 B C:\_stuff\web\dm\backup0312\bart\GenRob\r0002816.htm --> ftp.draftymanor.com /var/www/html/bart/GenRob r0002816.htm
103.12.10 10:47 B C:\_stuff\web\dm\backup0312\bart\GenRob\r0003026.htm --> ftp.draftymanor.com /var/www/html/bart/GenRob r0003026.htm
103.12.10 10:47 B C:\_stuff\web\dm\backup0312\bart\GenRob\r0003027.htm --> ftp.draftymanor.com /var/www/html/bart/GenRob r0003027.htm
103.12.10 10:48 B C:\_stuff\web\dm\backup0312\bart\GenRob\r0003028.htm --> ftp.draftymanor.com /var/www/html/bart/GenRob r0003028.htm
103.12.10 10:48 B C:\_stuff\web\dm\backup0312\bart\GenRob\r0003029.htm --> ftp.draftymanor.com /var/www/html/bart/GenRob r0003029.htm
103.12.10 10:48 B C:\_stuff\web\dm\backup0312\bart\GenRob\r0003030.htm --> ftp.draftymanor.com /var/www/html/bart/GenRob r0003030.htm
103.12.10 10:48 B C:\_stuff\web\dm\backup0312\bart\GenRob\r0003032.htm --> ftp.draftymanor.com /var/www/html/bart/GenRob r0003032.htm
103.12.10 10:48 B C:\_stuff\web\dm\backup0312\bart\GenRob\r0003033.htm --> ftp.draftymanor.com /var/www/html/bart/GenRob r0003033.htm
103.12.10 10:48 B C:\_stuff\web\dm\backup0312\bart\GenRob\r0003037.htm --> ftp.draftymanor.com /var/www/html/bart/GenRob r0003037.htm
103.12.10 10:48 B C:\_stuff\web\dm\backup0312\bart\GenRob\r0003038.htm --> ftp.draftymanor.com /var/www/html/bart/GenRob r0003038.htm
103.12.10 10:48 B C:\_stuff\web\dm\backup0312\bart\GenRob\r0003039.htm --> ftp.draftymanor.com /var/www/html/bart/GenRob r0003039.htm
103.12.10 10:48 B C:\_stuff\web\dm\backup0312\bart\GenRob\r0003040.htm --> ftp.draftymanor.com /var/www/html/bart/GenRob r0003040.htm
103.12.10 10:48 B C:\_stuff\web\dm\backup0312\bart\GenRob\r0003041.htm --> ftp.draftymanor.com /var/www/html/bart/GenRob r0003041.htm
103.12.10 10:48 B C:\_stuff\web\dm\backup0312\bart\GenRob\r0003042.htm --> ftp.draftymanor.com /var/www/html/bart/GenRob r0003042.htm
103.12.10 10:48 B C:\_stuff\web\dm\backup0312\bart\GenRob\weave_~1.jpg --> ftp.draftymanor.com /var/www/html/bart/GenRob weave_~1.jpg
